scons: Reading SConscript files ...
D:\Sandboxs\SMFC4B0_04.01.00\06_Algorithm\04_Engineering\03_Workspace\algo/cb\scons.bat
D:\Sandboxs\SMFC4B0_04.01.00\06_Algorithm\04_Engineering\03_Workspace\algo/cct\scons.bat
D:\Sandboxs\SMFC4B0_04.01.00\06_Algorithm\04_Engineering\03_Workspace\algo/cipp\scons.bat
D:\Sandboxs\SMFC4B0_04.01.00\06_Algorithm\04_Engineering\03_Workspace\algo/ecm\scons.bat
D:\Sandboxs\SMFC4B0_04.01.00\06_Algorithm\04_Engineering\03_Workspace\algo/em\scons.bat
D:\Sandboxs\SMFC4B0_04.01.00\06_Algorithm\04_Engineering\03_Workspace\algo/fsd\scons.bat
D:\Sandboxs\SMFC4B0_04.01.00\06_Algorithm\04_Engineering\03_Workspace\algo/ftrc\scons.bat
D:\Sandboxs\SMFC4B0_04.01.00\06_Algorithm\04_Engineering\03_Workspace\algo/gen\scons.bat
D:\Sandboxs\SMFC4B0_04.01.00\06_Algorithm\04_Engineering\03_Workspace\algo/hla_sim\scons.bat
D:\Sandboxs\SMFC4B0_04.01.00\06_Algorithm\04_Engineering\03_Workspace\algo/memo\scons.bat
D:\Sandboxs\SMFC4B0_04.01.00\06_Algorithm\04_Engineering\03_Workspace\algo/pc\scons.bat
D:\Sandboxs\SMFC4B0_04.01.00\06_Algorithm\04_Engineering\03_Workspace\algo/ped\scons.bat
D:\Sandboxs\SMFC4B0_04.01.00\06_Algorithm\04_Engineering\03_Workspace\algo/pfc\scons.bat
D:\Sandboxs\SMFC4B0_04.01.00\06_Algorithm\04_Engineering\03_Workspace\algo/pv\scons.bat
D:\Sandboxs\SMFC4B0_04.01.00\06_Algorithm\04_Engineering\03_Workspace\algo/sac\scons.bat
D:\Sandboxs\SMFC4B0_04.01.00\06_Algorithm\04_Engineering\03_Workspace\algo/semo\scons.bat
D:\Sandboxs\SMFC4B0_04.01.00\06_Algorithm\04_Engineering\03_Workspace\algo/sib\scons.bat
D:\Sandboxs\SMFC4B0_04.01.00\06_Algorithm\04_Engineering\03_Workspace\algo/vcl\scons.bat
D:\Sandboxs\SMFC4B0_04.01.00\06_Algorithm\04_Engineering\03_Workspace\algo/vodca\scons.bat
['D:\\Sandboxs\\SMFC4B0_04.01.00\\06_Algorithm\\04_Engineering\\03_Workspace\\algo/cb_sim\\sim_swc_gb.sln', 'D:\\Sandboxs\\SMFC4B0_04.01.00\\06_Algorithm\\04_Engineering\\03_Workspace\\algo/cipp_sim\\cipp_sim.sln', 'D:\\Sandboxs\\SMFC4B0_04.01.00\\06_Algorithm\\04_Engineering\\03_Workspace\\algo/em_mo\\em_mos.sln', 'D:\\Sandboxs\\SMFC4B0_04.01.00\\06_Algorithm\\04_Engineering\\03_Workspace\\algo/em_sim\\sim_swc_em.sln', 'D:\\Sandboxs\\SMFC4B0_04.01.00\\06_Algorithm\\04_Engineering\\03_Workspace\\algo/fct_mo\\fct_mo.sln', 'D:\\Sandboxs\\SMFC4B0_04.01.00\\06_Algorithm\\04_Engineering\\03_Workspace\\algo/fct_sim\\sim_swc_fct.sln', 'D:\\Sandboxs\\SMFC4B0_04.01.00\\06_Algorithm\\04_Engineering\\03_Workspace\\algo/fpga_mo\\fgpa_mo.sln', 'D:\\Sandboxs\\SMFC4B0_04.01.00\\06_Algorithm\\04_Engineering\\03_Workspace\\algo/fpga_sim\\sim_swc_mux.sln', 'D:\\Sandboxs\\SMFC4B0_04.01.00\\06_Algorithm\\04_Engineering\\03_Workspace\\algo/fsd_sim\\fsd_sim.sln', 'D:\\Sandboxs\\SMFC4B0_04.01.00\\06_Algorithm\\04_Engineering\\03_Workspace\\algo/ftrc_sim\\ftrc_sim.sln', 'D:\\Sandboxs\\SMFC4B0_04.01.00\\06_Algorithm\\04_Engineering\\03_Workspace\\algo/gen_sim\\gen_sim.sln', 'D:\\Sandboxs\\SMFC4B0_04.01.00\\06_Algorithm\\04_Engineering\\03_Workspace\\algo/ld_sim\\ld_sim.sln', 'D:\\Sandboxs\\SMFC4B0_04.01.00\\06_Algorithm\\04_Engineering\\03_Workspace\\algo/memo_sim\\sim_swc_memo.sln', 'D:\\Sandboxs\\SMFC4B0_04.01.00\\06_Algorithm\\04_Engineering\\03_Workspace\\algo/ofc_sim\\sim_swc_pfc.sln', 'D:\\Sandboxs\\SMFC4B0_04.01.00\\06_Algorithm\\04_Engineering\\03_Workspace\\algo/pc_sim\\pc_sim.sln', 'D:\\Sandboxs\\SMFC4B0_04.01.00\\06_Algorithm\\04_Engineering\\03_Workspace\\algo/ped_sim\\sim_ped.sln', 'D:\\Sandboxs\\SMFC4B0_04.01.00\\06_Algorithm\\04_Engineering\\03_Workspace\\algo/pv_sim\\sim_pv.sln', 'D:\\Sandboxs\\SMFC4B0_04.01.00\\06_Algorithm\\04_Engineering\\03_Workspace\\algo/semo_sim\\sim_swc_semo.sln', 'D:\\Sandboxs\\SMFC4B0_04.01.00\\06_Algorithm\\04_Engineering\\03_Workspace\\algo/sib_sim\\sib_sim.sln', 'D:\\Sandboxs\\SMFC4B0_04.01.00\\06_Algorithm\\04_Engineering\\03_Workspace\\algo/sr_sim_rte\\sr_sim.sln', 'D:\\Sandboxs\\SMFC4B0_04.01.00\\06_Algorithm\\04_Engineering\\03_Workspace\\algo/vdy_mo\\additional_mos.sln', 'D:\\Sandboxs\\SMFC4B0_04.01.00\\06_Algorithm\\04_Engineering\\03_Workspace\\algo/vdy_mo\\vdy_mos.sln', 'D:\\Sandboxs\\SMFC4B0_04.01.00\\06_Algorithm\\04_Engineering\\03_Workspace\\algo/vdy_sim\\vdy_simV3.sln', 'D:\\Sandboxs\\SMFC4B0_04.01.00\\06_Algorithm\\04_Engineering\\03_Workspace\\algo/vodca_sim\\sim_swc_vodca.sln']
----------------------------------------------------------------
----------Building---------------
D:\Sandboxs\SMFC4B0_04.01.00\06_Algorithm\04_Engineering\03_Workspace\algo/cb_sim\sim_swc_gb.sln
Microsoft (R) Build Engine Version 4.0.30319.1
[Microsoft .NET Framework, Version 4.0.30319.1008]
Copyright (C) Microsoft Corporation 2007. All rights reserved.

Build started 21.11.2013 10:24:05.
Project "D:\Sandboxs\SMFC4B0_04.01.00\06_Algorithm\04_Engineering\03_Workspace\algo\cb_sim\sim_swc_gb.sln" on node 1 (default targets).
ValidateSolutionConfiguration:
  Building solution configuration "Debug|Win32".
sim_swc_cb:
  C:\LegacyApp\VisualStudio2005\Common7\IDE\..\..\vc\vcpackages\vcbuild.exe D:\Sandboxs\SMFC4B0_04.01.00\06_Algorithm\04_Engineering\03_Workspace\algo\cb_sim\sim_swc_gb\sim_swc_cb.vcproj "Debug|Win32" 
d:\sandboxs\smfc4b0_04.01.00\06_algorithm\04_engineering\01_source_code\algo\00_custom\cb_wrp\cb_ver.h(44): fatal error C1083: Cannot open include file: 'gb_interface.h': No such file or directory [D:\Sandboxs\SMFC4B0_04.01.00\06_Algorithm\04_Engineering\03_Workspace\algo\cb_sim\sim_swc_gb.sln]
d:\sandboxs\smfc4b0_04.01.00\06_algorithm\04_engineering\01_source_code\algo\00_custom\cb_wrp\cb_ver.h(44): fatal error C1083: Cannot open include file: 'gb_interface.h': No such file or directory [D:\Sandboxs\SMFC4B0_04.01.00\06_Algorithm\04_Engineering\03_Workspace\algo\cb_sim\sim_swc_gb.sln]
BSCMAKE : error BK1506: cannot open file '.\sim_swc_cb\Debug\cb_par.sbr': No such file or directory [D:\Sandboxs\SMFC4B0_04.01.00\06_Algorithm\04_Engineering\03_Workspace\algo\cb_sim\sim_swc_gb.sln]
sim_swc_scb:
  C:\LegacyApp\VisualStudio2005\Common7\IDE\..\..\vc\vcpackages\vcbuild.exe D:\Sandboxs\SMFC4B0_04.01.00\06_Algorithm\04_Engineering\03_Workspace\algo\cb_sim\sim_swc_gb\sim_swc_scb.vcproj "Debug|Win32" 
d:\sandboxs\smfc4b0_04.01.00\06_algorithm\04_engineering\01_source_code\algo\00_custom\scb_wrp\cb_ver.h(44): fatal error C1083: Cannot open include file: 'gb_interface.h': No such file or directory [D:\Sandboxs\SMFC4B0_04.01.00\06_Algorithm\04_Engineering\03_Workspace\algo\cb_sim\sim_swc_gb.sln]
d:\sandboxs\smfc4b0_04.01.00\06_algorithm\04_engineering\01_source_code\algo\00_custom\scb_wrp\cb_ver.h(44): fatal error C1083: Cannot open include file: 'gb_interface.h': No such file or directory [D:\Sandboxs\SMFC4B0_04.01.00\06_Algorithm\04_Engineering\03_Workspace\algo\cb_sim\sim_swc_gb.sln]
BSCMAKE : error BK1506: cannot open file '.\sim_swc_scb\Debug\cb_par.sbr': No such file or directory [D:\Sandboxs\SMFC4B0_04.01.00\06_Algorithm\04_Engineering\03_Workspace\algo\cb_sim\sim_swc_gb.sln]
sim_swc_cb_vis:
  C:\LegacyApp\VisualStudio2005\Common7\IDE\..\..\vc\vcpackages\vcbuild.exe D:\Sandboxs\SMFC4B0_04.01.00\06_Algorithm\04_Engineering\03_Workspace\algo\cb_sim\sim_swc_gb_vis\sim_swc_cb_vis.vcproj "Debug|Win32" 
d:\sandboxs\smfc4b0_04.01.00\06_algorithm\04_engineering\03_workspace\algo\cb_sim\sim_swc_gb_vis\cb_vis_measfreeze.h(6): fatal error C1083: Cannot open include file: 'gb_types.h': No such file or directory [D:\Sandboxs\SMFC4B0_04.01.00\06_Algorithm\04_Engineering\03_Workspace\algo\cb_sim\sim_swc_gb.sln]
d:\sandboxs\smfc4b0_04.01.00\06_algorithm\04_engineering\03_workspace\algo\cb_sim\sim_swc_gb_vis\cb_vis_measfreeze.h(6): fatal error C1083: Cannot open include file: 'gb_types.h': No such file or directory [D:\Sandboxs\SMFC4B0_04.01.00\06_Algorithm\04_Engineering\03_Workspace\algo\cb_sim\sim_swc_gb.sln]
d:\sandboxs\smfc4b0_04.01.00\06_algorithm\04_engineering\03_workspace\algo\cb_sim\sim_swc_gb_vis\cb_vis_draw_info.h(6): fatal error C1083: Cannot open include file: 'gb_interface.h': No such file or directory [D:\Sandboxs\SMFC4B0_04.01.00\06_Algorithm\04_Engineering\03_Workspace\algo\cb_sim\sim_swc_gb.sln]
d:\sandboxs\smfc4b0_04.01.00\06_algorithm\04_engineering\03_workspace\algo\cb_sim\sim_swc_gb_vis\cb_vis_measfreeze.h(6): fatal error C1083: Cannot open include file: 'gb_types.h': No such file or directory [D:\Sandboxs\SMFC4B0_04.01.00\06_Algorithm\04_Engineering\03_Workspace\algo\cb_sim\sim_swc_gb.sln]
BSCMAKE : error BK1506: cannot open file '.\Debug\sim_swc_gb_vis_dll.sbr': No such file or directory [D:\Sandboxs\SMFC4B0_04.01.00\06_Algorithm\04_Engineering\03_Workspace\algo\cb_sim\sim_swc_gb.sln]
sim_adapter_cb:
  C:\LegacyApp\VisualStudio2005\Common7\IDE\..\..\vc\vcpackages\vcbuild.exe D:\Sandboxs\SMFC4B0_04.01.00\06_Algorithm\04_Engineering\03_Workspace\algo\cb_sim\sim_adapter_gb\sim_adapter_cb.vcproj "Debug|Win32" 
Done Building Project "D:\Sandboxs\SMFC4B0_04.01.00\06_Algorithm\04_Engineering\03_Workspace\algo\cb_sim\sim_swc_gb.sln" (default targets) -- FAILED.

Build FAILED.

"D:\Sandboxs\SMFC4B0_04.01.00\06_Algorithm\04_Engineering\03_Workspace\algo\cb_sim\sim_swc_gb.sln" (default target) (1) ->
(sim_swc_cb target) -> 
  d:\sandboxs\smfc4b0_04.01.00\06_algorithm\04_engineering\01_source_code\algo\00_custom\cb_wrp\cb_ver.h(44): fatal error C1083: Cannot open include file: 'gb_interface.h': No such file or directory [D:\Sandboxs\SMFC4B0_04.01.00\06_Algorithm\04_Engineering\03_Workspace\algo\cb_sim\sim_swc_gb.sln]
  d:\sandboxs\smfc4b0_04.01.00\06_algorithm\04_engineering\01_source_code\algo\00_custom\cb_wrp\cb_ver.h(44): fatal error C1083: Cannot open include file: 'gb_interface.h': No such file or directory [D:\Sandboxs\SMFC4B0_04.01.00\06_Algorithm\04_Engineering\03_Workspace\algo\cb_sim\sim_swc_gb.sln]
  BSCMAKE : error BK1506: cannot open file '.\sim_swc_cb\Debug\cb_par.sbr': No such file or directory [D:\Sandboxs\SMFC4B0_04.01.00\06_Algorithm\04_Engineering\03_Workspace\algo\cb_sim\sim_swc_gb.sln]


"D:\Sandboxs\SMFC4B0_04.01.00\06_Algorithm\04_Engineering\03_Workspace\algo\cb_sim\sim_swc_gb.sln" (default target) (1) ->
(sim_swc_scb target) -> 
  d:\sandboxs\smfc4b0_04.01.00\06_algorithm\04_engineering\01_source_code\algo\00_custom\scb_wrp\cb_ver.h(44): fatal error C1083: Cannot open include file: 'gb_interface.h': No such file or directory [D:\Sandboxs\SMFC4B0_04.01.00\06_Algorithm\04_Engineering\03_Workspace\algo\cb_sim\sim_swc_gb.sln]
  d:\sandboxs\smfc4b0_04.01.00\06_algorithm\04_engineering\01_source_code\algo\00_custom\scb_wrp\cb_ver.h(44): fatal error C1083: Cannot open include file: 'gb_interface.h': No such file or directory [D:\Sandboxs\SMFC4B0_04.01.00\06_Algorithm\04_Engineering\03_Workspace\algo\cb_sim\sim_swc_gb.sln]
  BSCMAKE : error BK1506: cannot open file '.\sim_swc_scb\Debug\cb_par.sbr': No such file or directory [D:\Sandboxs\SMFC4B0_04.01.00\06_Algorithm\04_Engineering\03_Workspace\algo\cb_sim\sim_swc_gb.sln]


"D:\Sandboxs\SMFC4B0_04.01.00\06_Algorithm\04_Engineering\03_Workspace\algo\cb_sim\sim_swc_gb.sln" (default target) (1) ->
(sim_swc_cb_vis target) -> 
  d:\sandboxs\smfc4b0_04.01.00\06_algorithm\04_engineering\03_workspace\algo\cb_sim\sim_swc_gb_vis\cb_vis_measfreeze.h(6): fatal error C1083: Cannot open include file: 'gb_types.h': No such file or directory [D:\Sandboxs\SMFC4B0_04.01.00\06_Algorithm\04_Engineering\03_Workspace\algo\cb_sim\sim_swc_gb.sln]
  d:\sandboxs\smfc4b0_04.01.00\06_algorithm\04_engineering\03_workspace\algo\cb_sim\sim_swc_gb_vis\cb_vis_measfreeze.h(6): fatal error C1083: Cannot open include file: 'gb_types.h': No such file or directory [D:\Sandboxs\SMFC4B0_04.01.00\06_Algorithm\04_Engineering\03_Workspace\algo\cb_sim\sim_swc_gb.sln]
  d:\sandboxs\smfc4b0_04.01.00\06_algorithm\04_engineering\03_workspace\algo\cb_sim\sim_swc_gb_vis\cb_vis_draw_info.h(6): fatal error C1083: Cannot open include file: 'gb_interface.h': No such file or directory [D:\Sandboxs\SMFC4B0_04.01.00\06_Algorithm\04_Engineering\03_Workspace\algo\cb_sim\sim_swc_gb.sln]
  d:\sandboxs\smfc4b0_04.01.00\06_algorithm\04_engineering\03_workspace\algo\cb_sim\sim_swc_gb_vis\cb_vis_measfreeze.h(6): fatal error C1083: Cannot open include file: 'gb_types.h': No such file or directory [D:\Sandboxs\SMFC4B0_04.01.00\06_Algorithm\04_Engineering\03_Workspace\algo\cb_sim\sim_swc_gb.sln]
  BSCMAKE : error BK1506: cannot open file '.\Debug\sim_swc_gb_vis_dll.sbr': No such file or directory [D:\Sandboxs\SMFC4B0_04.01.00\06_Algorithm\04_Engineering\03_Workspace\algo\cb_sim\sim_swc_gb.sln]

    0 Warning(s)
    11 Error(s)

Time Elapsed 00:00:20.18
----------------------------------------------------------------
----------------------------------------------------------------
----------Building---------------
D:\Sandboxs\SMFC4B0_04.01.00\06_Algorithm\04_Engineering\03_Workspace\algo/cipp_sim\cipp_sim.sln
Microsoft (R) Build Engine Version 4.0.30319.1
[Microsoft .NET Framework, Version 4.0.30319.1008]
Copyright (C) Microsoft Corporation 2007. All rights reserved.

Build started 21.11.2013 10:24:25.
Project "D:\Sandboxs\SMFC4B0_04.01.00\06_Algorithm\04_Engineering\03_Workspace\algo\cipp_sim\cipp_sim.sln" on node 1 (default targets).
ValidateSolutionConfiguration:
  Building solution configuration "Debug|Win32".
sim_swc_cipp:
  C:\LegacyApp\VisualStudio2005\Common7\IDE\..\..\vc\vcpackages\vcbuild.exe D:\Sandboxs\SMFC4B0_04.01.00\06_Algorithm\04_Engineering\03_Workspace\algo\cipp_sim\sim_swc_cipp\sim_swc_cipp.vcproj "Debug|Win32" 
sim_adapt_cipp:
  C:\LegacyApp\VisualStudio2005\Common7\IDE\..\..\vc\vcpackages\vcbuild.exe D:\Sandboxs\SMFC4B0_04.01.00\06_Algorithm\04_Engineering\03_Workspace\algo\cipp_sim\cipp_adapter\sim_adapt_cipp.vcproj "Debug|Win32" 
Done Building Project "D:\Sandboxs\SMFC4B0_04.01.00\06_Algorithm\04_Engineering\03_Workspace\algo\cipp_sim\cipp_sim.sln" (default targets).

Build succeeded.
    0 Warning(s)
    0 Error(s)

Time Elapsed 00:00:02.79
----------------------------------------------------------------
----------------------------------------------------------------
----------Building---------------
D:\Sandboxs\SMFC4B0_04.01.00\06_Algorithm\04_Engineering\03_Workspace\algo/em_mo\em_mos.sln
Microsoft (R) Build Engine Version 4.0.30319.1
[Microsoft .NET Framework, Version 4.0.30319.1008]
Copyright (C) Microsoft Corporation 2007. All rights reserved.

Build started 21.11.2013 10:24:28.
Project "D:\Sandboxs\SMFC4B0_04.01.00\06_Algorithm\04_Engineering\03_Workspace\algo\em_mo\em_mos.sln" on node 1 (default targets).
ValidateSolutionConfiguration:
  Building solution configuration "Debug|Win32".
em_genericbv:
  C:\LegacyApp\VisualStudio2005\Common7\IDE\..\..\vc\vcpackages\vcbuild.exe D:\Sandboxs\SMFC4B0_04.01.00\06_Algorithm\04_Engineering\03_Workspace\algo\em_mo\em_genericbv\em_genericbv.vcproj "Debug|Win32" 
d:\sandboxs\smfc4b0_04.01.00\06_algorithm\04_engineering\03_workspace\algo\em_mo\em_genericbv\StdAfx.h(88): fatal error C1083: Cannot open include file: 'atlapp.h': No such file or directory [D:\Sandboxs\SMFC4B0_04.01.00\06_Algorithm\04_Engineering\03_Workspace\algo\em_mo\em_mos.sln]
d:\sandboxs\smfc4b0_04.01.00\06_algorithm\04_engineering\03_workspace\algo\em_mo\em_genericbv\stdafx.h(88): fatal error C1083: Cannot open include file: 'atlapp.h': No such file or directory [D:\Sandboxs\SMFC4B0_04.01.00\06_Algorithm\04_Engineering\03_Workspace\algo\em_mo\em_mos.sln]
d:\Sandboxs\SMFC4B0_04.01.00\06_Algorithm\04_Engineering\03_Workspace\algo\em_mo\em_genericbv\stdafx.h(88): fatal error C1083: Cannot open include file: 'atlapp.h': No such file or directory [D:\Sandboxs\SMFC4B0_04.01.00\06_Algorithm\04_Engineering\03_Workspace\algo\em_mo\em_mos.sln]
d:\sandboxs\smfc4b0_04.01.00\06_algorithm\04_engineering\03_workspace\algo\em_mo\em_genericbv\stdafx.h(88): fatal error C1083: Cannot open include file: 'atlapp.h': No such file or directory [D:\Sandboxs\SMFC4B0_04.01.00\06_Algorithm\04_Engineering\03_Workspace\algo\em_mo\em_mos.sln]
d:\sandboxs\smfc4b0_04.01.00\06_algorithm\04_engineering\03_workspace\algo\em_mo\em_genericbv\stdafx.h(88): fatal error C1083: Cannot open include file: 'atlapp.h': No such file or directory [D:\Sandboxs\SMFC4B0_04.01.00\06_Algorithm\04_Engineering\03_Workspace\algo\em_mo\em_mos.sln]
d:\sandboxs\smfc4b0_04.01.00\06_algorithm\04_engineering\03_workspace\algo\em_mo\em_genericbv\stdafx.h(88): fatal error C1083: Cannot open include file: 'atlapp.h': No such file or directory [D:\Sandboxs\SMFC4B0_04.01.00\06_Algorithm\04_Engineering\03_Workspace\algo\em_mo\em_mos.sln]
em_objectlist:
  C:\LegacyApp\VisualStudio2005\Common7\IDE\..\..\vc\vcpackages\vcbuild.exe D:\Sandboxs\SMFC4B0_04.01.00\06_Algorithm\04_Engineering\03_Workspace\algo\em_mo\em_objectlist\em_objectlist.vcproj "Debug|Win32" 
d:\sandboxs\smfc4b0_04.01.00\06_algorithm\04_engineering\03_workspace\algo\em_mo\em_objectlist\stdafx.h(65): fatal error C1083: Cannot open include file: 'atlapp.h': No such file or directory [D:\Sandboxs\SMFC4B0_04.01.00\06_Algorithm\04_Engineering\03_Workspace\algo\em_mo\em_mos.sln]
d:\sandboxs\smfc4b0_04.01.00\06_algorithm\04_engineering\03_workspace\algo\em_mo\em_objectlist\stdafx.h(65): fatal error C1083: Cannot open include file: 'atlapp.h': No such file or directory [D:\Sandboxs\SMFC4B0_04.01.00\06_Algorithm\04_Engineering\03_Workspace\algo\em_mo\em_mos.sln]
d:\sandboxs\smfc4b0_04.01.00\06_algorithm\04_engineering\03_workspace\algo\em_mo\em_objectlist\stdafx.h(65): fatal error C1083: Cannot open include file: 'atlapp.h': No such file or directory [D:\Sandboxs\SMFC4B0_04.01.00\06_Algorithm\04_Engineering\03_Workspace\algo\em_mo\em_mos.sln]
mts_databuffer:
  C:\LegacyApp\VisualStudio2005\Common7\IDE\..\..\vc\vcpackages\vcbuild.exe D:\Sandboxs\SMFC4B0_04.01.00\06_Algorithm\04_Engineering\03_Workspace\algo\em_mo\mts_databuffer\mts_databuffer.vcproj "Debug|Win32" 
d:\sandboxs\smfc4b0_04.01.00\06_algorithm\04_engineering\03_workspace\algo\em_mo\mts_databuffer\stdafx.h(65): fatal error C1083: Cannot open include file: 'atlapp.h': No such file or directory [D:\Sandboxs\SMFC4B0_04.01.00\06_Algorithm\04_Engineering\03_Workspace\algo\em_mo\em_mos.sln]
d:\sandboxs\smfc4b0_04.01.00\06_algorithm\04_engineering\03_workspace\algo\em_mo\mts_databuffer\stdafx.h(65): fatal error C1083: Cannot open include file: 'atlapp.h': No such file or directory [D:\Sandboxs\SMFC4B0_04.01.00\06_Algorithm\04_Engineering\03_Workspace\algo\em_mo\em_mos.sln]
d:\sandboxs\smfc4b0_04.01.00\06_algorithm\04_engineering\03_workspace\algo\em_mo\mts_databuffer\stdafx.h(65): fatal error C1083: Cannot open include file: 'atlapp.h': No such file or directory [D:\Sandboxs\SMFC4B0_04.01.00\06_Algorithm\04_Engineering\03_Workspace\algo\em_mo\em_mos.sln]
d:\sandboxs\smfc4b0_04.01.00\06_algorithm\04_engineering\03_workspace\algo\em_mo\mts_databuffer\stdafx.h(65): fatal error C1083: Cannot open include file: 'atlapp.h': No such file or directory [D:\Sandboxs\SMFC4B0_04.01.00\06_Algorithm\04_Engineering\03_Workspace\algo\em_mo\em_mos.sln]
d:\sandboxs\smfc4b0_04.01.00\06_algorithm\04_engineering\03_workspace\algo\em_mo\mts_databuffer\stdafx.h(65): fatal error C1083: Cannot open include file: 'atlapp.h': No such file or directory [D:\Sandboxs\SMFC4B0_04.01.00\06_Algorithm\04_Engineering\03_Workspace\algo\em_mo\em_mos.sln]
em_statobst_obj_val:
  C:\LegacyApp\VisualStudio2005\Common7\IDE\..\..\vc\vcpackages\vcbuild.exe D:\Sandboxs\SMFC4B0_04.01.00\06_Algorithm\04_Engineering\03_Workspace\algo\em_mo\em_statobst_obj_val\em_statobst_obj_val.vcproj "Debug|Win32" 
  Error: project file 'D:\Sandboxs\SMFC4B0_04.01.00\06_Algorithm\04_Engineering\03_Workspace\algo\em_mo\em_statobst_obj_val\em_statobst_obj_val.vcproj' was not found or not a valid project file.
  Project file 'D:\Sandboxs\SMFC4B0_04.01.00\06_Algorithm\04_Engineering\03_Workspace\algo\em_mo\em_statobst_obj_val\em_statobst_obj_val.vcproj' could not be loaded.
  The project is either missing from disk or access was denied.
MSBUILD : error MSB6006: "VCBuild.exe" wurde mit Code -1 beendet. [D:\Sandboxs\SMFC4B0_04.01.00\06_Algorithm\04_Engineering\03_Workspace\algo\em_mo\em_mos.sln]
em_statobst_prob_fusion:
  C:\LegacyApp\VisualStudio2005\Common7\IDE\..\..\vc\vcpackages\vcbuild.exe D:\Sandboxs\SMFC4B0_04.01.00\06_Algorithm\04_Engineering\03_Workspace\algo\em_mo\em_statobst_prob_fusion\em_statobst_prob_fusion.vcproj "Debug|Win32" 
  Error: project file 'D:\Sandboxs\SMFC4B0_04.01.00\06_Algorithm\04_Engineering\03_Workspace\algo\em_mo\em_statobst_prob_fusion\em_statobst_prob_fusion.vcproj' was not found or not a valid project file.
  Project file 'D:\Sandboxs\SMFC4B0_04.01.00\06_Algorithm\04_Engineering\03_Workspace\algo\em_mo\em_statobst_prob_fusion\em_statobst_prob_fusion.vcproj' could not be loaded.
  The project is either missing from disk or access was denied.
MSBUILD : error MSB6006: "VCBuild.exe" wurde mit Code -1 beendet. [D:\Sandboxs\SMFC4B0_04.01.00\06_Algorithm\04_Engineering\03_Workspace\algo\em_mo\em_mos.sln]
adma_state:
  C:\LegacyApp\VisualStudio2005\Common7\IDE\..\..\vc\vcpackages\vcbuild.exe D:\Sandboxs\SMFC4B0_04.01.00\06_Algorithm\04_Engineering\03_Workspace\algo\em_mo\adma_state\adma_state.vcproj "Debug|Win32" 
d:\sandboxs\smfc4b0_04.01.00\06_algorithm\04_engineering\03_workspace\algo\em_mo\adma_state\stdafx.h(77): fatal error C1083: Cannot open include file: 'atlapp.h': No such file or directory [D:\Sandboxs\SMFC4B0_04.01.00\06_Algorithm\04_Engineering\03_Workspace\algo\em_mo\em_mos.sln]
d:\sandboxs\smfc4b0_04.01.00\06_algorithm\04_engineering\03_workspace\algo\em_mo\adma_state\stdafx.h(77): fatal error C1083: Cannot open include file: 'atlapp.h': No such file or directory [D:\Sandboxs\SMFC4B0_04.01.00\06_Algorithm\04_Engineering\03_Workspace\algo\em_mo\em_mos.sln]
d:\Sandboxs\SMFC4B0_04.01.00\06_Algorithm\04_Engineering\03_Workspace\algo\em_mo\adma_state\stdafx.h(77): fatal error C1083: Cannot open include file: 'atlapp.h': No such file or directory [D:\Sandboxs\SMFC4B0_04.01.00\06_Algorithm\04_Engineering\03_Workspace\algo\em_mo\em_mos.sln]
d:\sandboxs\smfc4b0_04.01.00\06_algorithm\04_engineering\03_workspace\algo\em_mo\adma_state\stdafx.h(77): fatal error C1083: Cannot open include file: 'atlapp.h': No such file or directory [D:\Sandboxs\SMFC4B0_04.01.00\06_Algorithm\04_Engineering\03_Workspace\algo\em_mo\em_mos.sln]
em_statobst_rcs_assess:
  C:\LegacyApp\VisualStudio2005\Common7\IDE\..\..\vc\vcpackages\vcbuild.exe D:\Sandboxs\SMFC4B0_04.01.00\06_Algorithm\04_Engineering\03_Workspace\algo\em_mo\em_statobst_rcs_assess\em_statobst_rcs_assess.vcproj "Debug|Win32" 
  Error: project file 'D:\Sandboxs\SMFC4B0_04.01.00\06_Algorithm\04_Engineering\03_Workspace\algo\em_mo\em_statobst_rcs_assess\em_statobst_rcs_assess.vcproj' was not found or not a valid project file.
  Project file 'D:\Sandboxs\SMFC4B0_04.01.00\06_Algorithm\04_Engineering\03_Workspace\algo\em_mo\em_statobst_rcs_assess\em_statobst_rcs_assess.vcproj' could not be loaded.
  The project is either missing from disk or access was denied.
MSBUILD : error MSB6006: "VCBuild.exe" wurde mit Code -1 beendet. [D:\Sandboxs\SMFC4B0_04.01.00\06_Algorithm\04_Engineering\03_Workspace\algo\em_mo\em_mos.sln]
em_statobst_relevance:
  C:\LegacyApp\VisualStudio2005\Common7\IDE\..\..\vc\vcpackages\vcbuild.exe D:\Sandboxs\SMFC4B0_04.01.00\06_Algorithm\04_Engineering\03_Workspace\algo\em_mo\em_statobst_relevance\em_statobst_relevance.vcproj "Debug|Win32" 
  Error: project file 'D:\Sandboxs\SMFC4B0_04.01.00\06_Algorithm\04_Engineering\03_Workspace\algo\em_mo\em_statobst_relevance\em_statobst_relevance.vcproj' was not found or not a valid project file.
  Project file 'D:\Sandboxs\SMFC4B0_04.01.00\06_Algorithm\04_Engineering\03_Workspace\algo\em_mo\em_statobst_relevance\em_statobst_relevance.vcproj' could not be loaded.
  The project is either missing from disk or access was denied.
MSBUILD : error MSB6006: "VCBuild.exe" wurde mit Code -1 beendet. [D:\Sandboxs\SMFC4B0_04.01.00\06_Algorithm\04_Engineering\03_Workspace\algo\em_mo\em_mos.sln]
em_statobst_marker:
  C:\LegacyApp\VisualStudio2005\Common7\IDE\..\..\vc\vcpackages\vcbuild.exe D:\Sandboxs\SMFC4B0_04.01.00\06_Algorithm\04_Engineering\03_Workspace\algo\em_mo\em_statobst_marker\em_statobst_marker.vcproj "Debug|Win32" 
  Error: project file 'D:\Sandboxs\SMFC4B0_04.01.00\06_Algorithm\04_Engineering\03_Workspace\algo\em_mo\em_statobst_marker\em_statobst_marker.vcproj' was not found or not a valid project file.
  Project file 'D:\Sandboxs\SMFC4B0_04.01.00\06_Algorithm\04_Engineering\03_Workspace\algo\em_mo\em_statobst_marker\em_statobst_marker.vcproj' could not be loaded.
  The project is either missing from disk or access was denied.
MSBUILD : error MSB6006: "VCBuild.exe" wurde mit Code -1 beendet. [D:\Sandboxs\SMFC4B0_04.01.00\06_Algorithm\04_Engineering\03_Workspace\algo\em_mo\em_mos.sln]
em_check_alignment:
  C:\LegacyApp\VisualStudio2005\Common7\IDE\..\..\vc\vcpackages\vcbuild.exe D:\Sandboxs\SMFC4B0_04.01.00\06_Algorithm\04_Engineering\03_Workspace\algo\em_mo\em_check_alignment\em_check_alignment.vcproj "Debug|Win32" 
  Error: project file 'D:\Sandboxs\SMFC4B0_04.01.00\06_Algorithm\04_Engineering\03_Workspace\algo\em_mo\em_check_alignment\em_check_alignment.vcproj' was not found or not a valid project file.
  Project file 'D:\Sandboxs\SMFC4B0_04.01.00\06_Algorithm\04_Engineering\03_Workspace\algo\em_mo\em_check_alignment\em_check_alignment.vcproj' could not be loaded.
  The project is either missing from disk or access was denied.
MSBUILD : error MSB6006: "VCBuild.exe" wurde mit Code -1 beendet. [D:\Sandboxs\SMFC4B0_04.01.00\06_Algorithm\04_Engineering\03_Workspace\algo\em_mo\em_mos.sln]
db_importer:
  C:\LegacyApp\VisualStudio2005\Common7\IDE\..\..\vc\vcpackages\vcbuild.exe D:\Sandboxs\SMFC4B0_04.01.00\06_Algorithm\04_Engineering\03_Workspace\algo\em_mo\db_importer\db_importer.vcproj "Debug|Win32" 
d:\Sandboxs\SMFC4B0_04.01.00\06_Algorithm\04_Engineering\03_Workspace\algo\em_mo\db_importer\stdafx.h(65): fatal error C1083: Cannot open include file: 'atlapp.h': No such file or directory [D:\Sandboxs\SMFC4B0_04.01.00\06_Algorithm\04_Engineering\03_Workspace\algo\em_mo\em_mos.sln]
d:\sandboxs\smfc4b0_04.01.00\06_algorithm\04_engineering\03_workspace\algo\em_mo\db_importer\stdafx.h(65): fatal error C1083: Cannot open include file: 'atlapp.h': No such file or directory [D:\Sandboxs\SMFC4B0_04.01.00\06_Algorithm\04_Engineering\03_Workspace\algo\em_mo\em_mos.sln]
d:\sandboxs\smfc4b0_04.01.00\06_algorithm\04_engineering\03_workspace\algo\em_mo\db_importer\stdafx.h(65): fatal error C1083: Cannot open include file: 'atlapp.h': No such file or directory [D:\Sandboxs\SMFC4B0_04.01.00\06_Algorithm\04_Engineering\03_Workspace\algo\em_mo\em_mos.sln]
d:\Sandboxs\SMFC4B0_04.01.00\06_Algorithm\04_Engineering\03_Workspace\algo\em_mo\db_importer\stdafx.h(65): fatal error C1083: Cannot open include file: 'atlapp.h': No such file or directory [D:\Sandboxs\SMFC4B0_04.01.00\06_Algorithm\04_Engineering\03_Workspace\algo\em_mo\em_mos.sln]
d:\Sandboxs\SMFC4B0_04.01.00\06_Algorithm\04_Engineering\03_Workspace\algo\em_mo\db_importer\stdafx.h(65): fatal error C1083: Cannot open include file: 'atlapp.h': No such file or directory [D:\Sandboxs\SMFC4B0_04.01.00\06_Algorithm\04_Engineering\03_Workspace\algo\em_mo\em_mos.sln]
d:\Sandboxs\SMFC4B0_04.01.00\06_Algorithm\04_Engineering\03_Workspace\algo\em_mo\db_importer\stdafx.h(65): fatal error C1083: Cannot open include file: 'atlapp.h': No such file or directory [D:\Sandboxs\SMFC4B0_04.01.00\06_Algorithm\04_Engineering\03_Workspace\algo\em_mo\em_mos.sln]
d:\sandboxs\smfc4b0_04.01.00\06_algorithm\04_engineering\03_workspace\algo\em_mo\db_importer\stdafx.h(65): fatal error C1083: Cannot open include file: 'atlapp.h': No such file or directory [D:\Sandboxs\SMFC4B0_04.01.00\06_Algorithm\04_Engineering\03_Workspace\algo\em_mo\em_mos.sln]
d:\sandboxs\smfc4b0_04.01.00\06_algorithm\04_engineering\03_workspace\algo\em_mo\db_importer\stdafx.h(65): fatal error C1083: Cannot open include file: 'atlapp.h': No such file or directory [D:\Sandboxs\SMFC4B0_04.01.00\06_Algorithm\04_Engineering\03_Workspace\algo\em_mo\em_mos.sln]
em_statobst_measboxes:
  C:\LegacyApp\VisualStudio2005\Common7\IDE\..\..\vc\vcpackages\vcbuild.exe D:\Sandboxs\SMFC4B0_04.01.00\06_Algorithm\04_Engineering\03_Workspace\algo\em_mo\em_statobst_measboxes\em_statobst_measboxes.vcproj "Debug|Win32" 
  Error: project file 'D:\Sandboxs\SMFC4B0_04.01.00\06_Algorithm\04_Engineering\03_Workspace\algo\em_mo\em_statobst_measboxes\em_statobst_measboxes.vcproj' was not found or not a valid project file.
  Project file 'D:\Sandboxs\SMFC4B0_04.01.00\06_Algorithm\04_Engineering\03_Workspace\algo\em_mo\em_statobst_measboxes\em_statobst_measboxes.vcproj' could not be loaded.
  The project is either missing from disk or access was denied.
MSBUILD : error MSB6006: "VCBuild.exe" wurde mit Code -1 beendet. [D:\Sandboxs\SMFC4B0_04.01.00\06_Algorithm\04_Engineering\03_Workspace\algo\em_mo\em_mos.sln]
em_statobst_trackboxes:
  C:\LegacyApp\VisualStudio2005\Common7\IDE\..\..\vc\vcpackages\vcbuild.exe D:\Sandboxs\SMFC4B0_04.01.00\06_Algorithm\04_Engineering\03_Workspace\algo\em_mo\em_statobst_trackboxes\em_statobst_trackboxes.vcproj "Debug|Win32" 
  Error: project file 'D:\Sandboxs\SMFC4B0_04.01.00\06_Algorithm\04_Engineering\03_Workspace\algo\em_mo\em_statobst_trackboxes\em_statobst_trackboxes.vcproj' was not found or not a valid project file.
  Project file 'D:\Sandboxs\SMFC4B0_04.01.00\06_Algorithm\04_Engineering\03_Workspace\algo\em_mo\em_statobst_trackboxes\em_statobst_trackboxes.vcproj' could not be loaded.
  The project is either missing from disk or access was denied.
MSBUILD : error MSB6006: "VCBuild.exe" wurde mit Code -1 beendet. [D:\Sandboxs\SMFC4B0_04.01.00\06_Algorithm\04_Engineering\03_Workspace\algo\em_mo\em_mos.sln]
em_statobst_grid:
  C:\LegacyApp\VisualStudio2005\Common7\IDE\..\..\vc\vcpackages\vcbuild.exe D:\Sandboxs\SMFC4B0_04.01.00\06_Algorithm\04_Engineering\03_Workspace\algo\em_mo\em_statobst_grid\em_statobst_grid.vcproj "Debug|Win32" 
  Error: project file 'D:\Sandboxs\SMFC4B0_04.01.00\06_Algorithm\04_Engineering\03_Workspace\algo\em_mo\em_statobst_grid\em_statobst_grid.vcproj' was not found or not a valid project file.
  Project file 'D:\Sandboxs\SMFC4B0_04.01.00\06_Algorithm\04_Engineering\03_Workspace\algo\em_mo\em_statobst_grid\em_statobst_grid.vcproj' could not be loaded.
  The project is either missing from disk or access was denied.
MSBUILD : error MSB6006: "VCBuild.exe" wurde mit Code -1 beendet. [D:\Sandboxs\SMFC4B0_04.01.00\06_Algorithm\04_Engineering\03_Workspace\algo\em_mo\em_mos.sln]
Done Building Project "D:\Sandboxs\SMFC4B0_04.01.00\06_Algorithm\04_Engineering\03_Workspace\algo\em_mo\em_mos.sln" (default targets) -- FAILED.

Build FAILED.

"D:\Sandboxs\SMFC4B0_04.01.00\06_Algorithm\04_Engineering\03_Workspace\algo\em_mo\em_mos.sln" (default target) (1) ->
(em_genericbv target) -> 
  d:\sandboxs\smfc4b0_04.01.00\06_algorithm\04_engineering\03_workspace\algo\em_mo\em_genericbv\StdAfx.h(88): fatal error C1083: Cannot open include file: 'atlapp.h': No such file or directory [D:\Sandboxs\SMFC4B0_04.01.00\06_Algorithm\04_Engineering\03_Workspace\algo\em_mo\em_mos.sln]
  d:\sandboxs\smfc4b0_04.01.00\06_algorithm\04_engineering\03_workspace\algo\em_mo\em_genericbv\stdafx.h(88): fatal error C1083: Cannot open include file: 'atlapp.h': No such file or directory [D:\Sandboxs\SMFC4B0_04.01.00\06_Algorithm\04_Engineering\03_Workspace\algo\em_mo\em_mos.sln]
  d:\Sandboxs\SMFC4B0_04.01.00\06_Algorithm\04_Engineering\03_Workspace\algo\em_mo\em_genericbv\stdafx.h(88): fatal error C1083: Cannot open include file: 'atlapp.h': No such file or directory [D:\Sandboxs\SMFC4B0_04.01.00\06_Algorithm\04_Engineering\03_Workspace\algo\em_mo\em_mos.sln]
  d:\sandboxs\smfc4b0_04.01.00\06_algorithm\04_engineering\03_workspace\algo\em_mo\em_genericbv\stdafx.h(88): fatal error C1083: Cannot open include file: 'atlapp.h': No such file or directory [D:\Sandboxs\SMFC4B0_04.01.00\06_Algorithm\04_Engineering\03_Workspace\algo\em_mo\em_mos.sln]
  d:\sandboxs\smfc4b0_04.01.00\06_algorithm\04_engineering\03_workspace\algo\em_mo\em_genericbv\stdafx.h(88): fatal error C1083: Cannot open include file: 'atlapp.h': No such file or directory [D:\Sandboxs\SMFC4B0_04.01.00\06_Algorithm\04_Engineering\03_Workspace\algo\em_mo\em_mos.sln]
  d:\sandboxs\smfc4b0_04.01.00\06_algorithm\04_engineering\03_workspace\algo\em_mo\em_genericbv\stdafx.h(88): fatal error C1083: Cannot open include file: 'atlapp.h': No such file or directory [D:\Sandboxs\SMFC4B0_04.01.00\06_Algorithm\04_Engineering\03_Workspace\algo\em_mo\em_mos.sln]


"D:\Sandboxs\SMFC4B0_04.01.00\06_Algorithm\04_Engineering\03_Workspace\algo\em_mo\em_mos.sln" (default target) (1) ->
(em_objectlist target) -> 
  d:\sandboxs\smfc4b0_04.01.00\06_algorithm\04_engineering\03_workspace\algo\em_mo\em_objectlist\stdafx.h(65): fatal error C1083: Cannot open include file: 'atlapp.h': No such file or directory [D:\Sandboxs\SMFC4B0_04.01.00\06_Algorithm\04_Engineering\03_Workspace\algo\em_mo\em_mos.sln]
  d:\sandboxs\smfc4b0_04.01.00\06_algorithm\04_engineering\03_workspace\algo\em_mo\em_objectlist\stdafx.h(65): fatal error C1083: Cannot open include file: 'atlapp.h': No such file or directory [D:\Sandboxs\SMFC4B0_04.01.00\06_Algorithm\04_Engineering\03_Workspace\algo\em_mo\em_mos.sln]
  d:\sandboxs\smfc4b0_04.01.00\06_algorithm\04_engineering\03_workspace\algo\em_mo\em_objectlist\stdafx.h(65): fatal error C1083: Cannot open include file: 'atlapp.h': No such file or directory [D:\Sandboxs\SMFC4B0_04.01.00\06_Algorithm\04_Engineering\03_Workspace\algo\em_mo\em_mos.sln]


"D:\Sandboxs\SMFC4B0_04.01.00\06_Algorithm\04_Engineering\03_Workspace\algo\em_mo\em_mos.sln" (default target) (1) ->
(mts_databuffer target) -> 
  d:\sandboxs\smfc4b0_04.01.00\06_algorithm\04_engineering\03_workspace\algo\em_mo\mts_databuffer\stdafx.h(65): fatal error C1083: Cannot open include file: 'atlapp.h': No such file or directory [D:\Sandboxs\SMFC4B0_04.01.00\06_Algorithm\04_Engineering\03_Workspace\algo\em_mo\em_mos.sln]
  d:\sandboxs\smfc4b0_04.01.00\06_algorithm\04_engineering\03_workspace\algo\em_mo\mts_databuffer\stdafx.h(65): fatal error C1083: Cannot open include file: 'atlapp.h': No such file or directory [D:\Sandboxs\SMFC4B0_04.01.00\06_Algorithm\04_Engineering\03_Workspace\algo\em_mo\em_mos.sln]
  d:\sandboxs\smfc4b0_04.01.00\06_algorithm\04_engineering\03_workspace\algo\em_mo\mts_databuffer\stdafx.h(65): fatal error C1083: Cannot open include file: 'atlapp.h': No such file or directory [D:\Sandboxs\SMFC4B0_04.01.00\06_Algorithm\04_Engineering\03_Workspace\algo\em_mo\em_mos.sln]
  d:\sandboxs\smfc4b0_04.01.00\06_algorithm\04_engineering\03_workspace\algo\em_mo\mts_databuffer\stdafx.h(65): fatal error C1083: Cannot open include file: 'atlapp.h': No such file or directory [D:\Sandboxs\SMFC4B0_04.01.00\06_Algorithm\04_Engineering\03_Workspace\algo\em_mo\em_mos.sln]
  d:\sandboxs\smfc4b0_04.01.00\06_algorithm\04_engineering\03_workspace\algo\em_mo\mts_databuffer\stdafx.h(65): fatal error C1083: Cannot open include file: 'atlapp.h': No such file or directory [D:\Sandboxs\SMFC4B0_04.01.00\06_Algorithm\04_Engineering\03_Workspace\algo\em_mo\em_mos.sln]


"D:\Sandboxs\SMFC4B0_04.01.00\06_Algorithm\04_Engineering\03_Workspace\algo\em_mo\em_mos.sln" (default target) (1) ->
(em_statobst_obj_val target) -> 
  MSBUILD : error MSB6006: "VCBuild.exe" wurde mit Code -1 beendet. [D:\Sandboxs\SMFC4B0_04.01.00\06_Algorithm\04_Engineering\03_Workspace\algo\em_mo\em_mos.sln]


"D:\Sandboxs\SMFC4B0_04.01.00\06_Algorithm\04_Engineering\03_Workspace\algo\em_mo\em_mos.sln" (default target) (1) ->
(em_statobst_prob_fusion target) -> 
  MSBUILD : error MSB6006: "VCBuild.exe" wurde mit Code -1 beendet. [D:\Sandboxs\SMFC4B0_04.01.00\06_Algorithm\04_Engineering\03_Workspace\algo\em_mo\em_mos.sln]


"D:\Sandboxs\SMFC4B0_04.01.00\06_Algorithm\04_Engineering\03_Workspace\algo\em_mo\em_mos.sln" (default target) (1) ->
(adma_state target) -> 
  d:\sandboxs\smfc4b0_04.01.00\06_algorithm\04_engineering\03_workspace\algo\em_mo\adma_state\stdafx.h(77): fatal error C1083: Cannot open include file: 'atlapp.h': No such file or directory [D:\Sandboxs\SMFC4B0_04.01.00\06_Algorithm\04_Engineering\03_Workspace\algo\em_mo\em_mos.sln]
  d:\sandboxs\smfc4b0_04.01.00\06_algorithm\04_engineering\03_workspace\algo\em_mo\adma_state\stdafx.h(77): fatal error C1083: Cannot open include file: 'atlapp.h': No such file or directory [D:\Sandboxs\SMFC4B0_04.01.00\06_Algorithm\04_Engineering\03_Workspace\algo\em_mo\em_mos.sln]
  d:\Sandboxs\SMFC4B0_04.01.00\06_Algorithm\04_Engineering\03_Workspace\algo\em_mo\adma_state\stdafx.h(77): fatal error C1083: Cannot open include file: 'atlapp.h': No such file or directory [D:\Sandboxs\SMFC4B0_04.01.00\06_Algorithm\04_Engineering\03_Workspace\algo\em_mo\em_mos.sln]
  d:\sandboxs\smfc4b0_04.01.00\06_algorithm\04_engineering\03_workspace\algo\em_mo\adma_state\stdafx.h(77): fatal error C1083: Cannot open include file: 'atlapp.h': No such file or directory [D:\Sandboxs\SMFC4B0_04.01.00\06_Algorithm\04_Engineering\03_Workspace\algo\em_mo\em_mos.sln]


"D:\Sandboxs\SMFC4B0_04.01.00\06_Algorithm\04_Engineering\03_Workspace\algo\em_mo\em_mos.sln" (default target) (1) ->
(em_statobst_rcs_assess target) -> 
  MSBUILD : error MSB6006: "VCBuild.exe" wurde mit Code -1 beendet. [D:\Sandboxs\SMFC4B0_04.01.00\06_Algorithm\04_Engineering\03_Workspace\algo\em_mo\em_mos.sln]


"D:\Sandboxs\SMFC4B0_04.01.00\06_Algorithm\04_Engineering\03_Workspace\algo\em_mo\em_mos.sln" (default target) (1) ->
(em_statobst_relevance target) -> 
  MSBUILD : error MSB6006: "VCBuild.exe" wurde mit Code -1 beendet. [D:\Sandboxs\SMFC4B0_04.01.00\06_Algorithm\04_Engineering\03_Workspace\algo\em_mo\em_mos.sln]


"D:\Sandboxs\SMFC4B0_04.01.00\06_Algorithm\04_Engineering\03_Workspace\algo\em_mo\em_mos.sln" (default target) (1) ->
(em_statobst_marker target) -> 
  MSBUILD : error MSB6006: "VCBuild.exe" wurde mit Code -1 beendet. [D:\Sandboxs\SMFC4B0_04.01.00\06_Algorithm\04_Engineering\03_Workspace\algo\em_mo\em_mos.sln]


"D:\Sandboxs\SMFC4B0_04.01.00\06_Algorithm\04_Engineering\03_Workspace\algo\em_mo\em_mos.sln" (default target) (1) ->
(em_check_alignment target) -> 
  MSBUILD : error MSB6006: "VCBuild.exe" wurde mit Code -1 beendet. [D:\Sandboxs\SMFC4B0_04.01.00\06_Algorithm\04_Engineering\03_Workspace\algo\em_mo\em_mos.sln]


"D:\Sandboxs\SMFC4B0_04.01.00\06_Algorithm\04_Engineering\03_Workspace\algo\em_mo\em_mos.sln" (default target) (1) ->
(db_importer target) -> 
  d:\Sandboxs\SMFC4B0_04.01.00\06_Algorithm\04_Engineering\03_Workspace\algo\em_mo\db_importer\stdafx.h(65): fatal error C1083: Cannot open include file: 'atlapp.h': No such file or directory [D:\Sandboxs\SMFC4B0_04.01.00\06_Algorithm\04_Engineering\03_Workspace\algo\em_mo\em_mos.sln]
  d:\sandboxs\smfc4b0_04.01.00\06_algorithm\04_engineering\03_workspace\algo\em_mo\db_importer\stdafx.h(65): fatal error C1083: Cannot open include file: 'atlapp.h': No such file or directory [D:\Sandboxs\SMFC4B0_04.01.00\06_Algorithm\04_Engineering\03_Workspace\algo\em_mo\em_mos.sln]
  d:\sandboxs\smfc4b0_04.01.00\06_algorithm\04_engineering\03_workspace\algo\em_mo\db_importer\stdafx.h(65): fatal error C1083: Cannot open include file: 'atlapp.h': No such file or directory [D:\Sandboxs\SMFC4B0_04.01.00\06_Algorithm\04_Engineering\03_Workspace\algo\em_mo\em_mos.sln]
  d:\Sandboxs\SMFC4B0_04.01.00\06_Algorithm\04_Engineering\03_Workspace\algo\em_mo\db_importer\stdafx.h(65): fatal error C1083: Cannot open include file: 'atlapp.h': No such file or directory [D:\Sandboxs\SMFC4B0_04.01.00\06_Algorithm\04_Engineering\03_Workspace\algo\em_mo\em_mos.sln]
  d:\Sandboxs\SMFC4B0_04.01.00\06_Algorithm\04_Engineering\03_Workspace\algo\em_mo\db_importer\stdafx.h(65): fatal error C1083: Cannot open include file: 'atlapp.h': No such file or directory [D:\Sandboxs\SMFC4B0_04.01.00\06_Algorithm\04_Engineering\03_Workspace\algo\em_mo\em_mos.sln]
  d:\Sandboxs\SMFC4B0_04.01.00\06_Algorithm\04_Engineering\03_Workspace\algo\em_mo\db_importer\stdafx.h(65): fatal error C1083: Cannot open include file: 'atlapp.h': No such file or directory [D:\Sandboxs\SMFC4B0_04.01.00\06_Algorithm\04_Engineering\03_Workspace\algo\em_mo\em_mos.sln]
  d:\sandboxs\smfc4b0_04.01.00\06_algorithm\04_engineering\03_workspace\algo\em_mo\db_importer\stdafx.h(65): fatal error C1083: Cannot open include file: 'atlapp.h': No such file or directory [D:\Sandboxs\SMFC4B0_04.01.00\06_Algorithm\04_Engineering\03_Workspace\algo\em_mo\em_mos.sln]
  d:\sandboxs\smfc4b0_04.01.00\06_algorithm\04_engineering\03_workspace\algo\em_mo\db_importer\stdafx.h(65): fatal error C1083: Cannot open include file: 'atlapp.h': No such file or directory [D:\Sandboxs\SMFC4B0_04.01.00\06_Algorithm\04_Engineering\03_Workspace\algo\em_mo\em_mos.sln]


"D:\Sandboxs\SMFC4B0_04.01.00\06_Algorithm\04_Engineering\03_Workspace\algo\em_mo\em_mos.sln" (default target) (1) ->
(em_statobst_measboxes target) -> 
  MSBUILD : error MSB6006: "VCBuild.exe" wurde mit Code -1 beendet. [D:\Sandboxs\SMFC4B0_04.01.00\06_Algorithm\04_Engineering\03_Workspace\algo\em_mo\em_mos.sln]


"D:\Sandboxs\SMFC4B0_04.01.00\06_Algorithm\04_Engineering\03_Workspace\algo\em_mo\em_mos.sln" (default target) (1) ->
(em_statobst_trackboxes target) -> 
  MSBUILD : error MSB6006: "VCBuild.exe" wurde mit Code -1 beendet. [D:\Sandboxs\SMFC4B0_04.01.00\06_Algorithm\04_Engineering\03_Workspace\algo\em_mo\em_mos.sln]


"D:\Sandboxs\SMFC4B0_04.01.00\06_Algorithm\04_Engineering\03_Workspace\algo\em_mo\em_mos.sln" (default target) (1) ->
(em_statobst_grid target) -> 
  MSBUILD : error MSB6006: "VCBuild.exe" wurde mit Code -1 beendet. [D:\Sandboxs\SMFC4B0_04.01.00\06_Algorithm\04_Engineering\03_Workspace\algo\em_mo\em_mos.sln]

    0 Warning(s)
    35 Error(s)

Time Elapsed 00:00:43.70
----------------------------------------------------------------
----------------------------------------------------------------
----------Building---------------
D:\Sandboxs\SMFC4B0_04.01.00\06_Algorithm\04_Engineering\03_Workspace\algo/em_sim\sim_swc_em.sln
Microsoft (R) Build Engine Version 4.0.30319.1
[Microsoft .NET Framework, Version 4.0.30319.1008]
Copyright (C) Microsoft Corporation 2007. All rights reserved.

Build started 21.11.2013 10:25:12.
Project "D:\Sandboxs\SMFC4B0_04.01.00\06_Algorithm\04_Engineering\03_Workspace\algo\em_sim\sim_swc_em.sln" on node 1 (default targets).
ValidateSolutionConfiguration:
  Building solution configuration "Debug|Win32".
sim_swc_em:
  C:\LegacyApp\VisualStudio2005\Common7\IDE\..\..\vc\vcpackages\vcbuild.exe D:\Sandboxs\SMFC4B0_04.01.00\06_Algorithm\04_Engineering\03_Workspace\algo\em_sim\sim_swc_em\sim_swc_em.vcproj "Debug|Win32" 
sim_adapt_em:
  C:\LegacyApp\VisualStudio2005\Common7\IDE\..\..\vc\vcpackages\vcbuild.exe D:\Sandboxs\SMFC4B0_04.01.00\06_Algorithm\04_Engineering\03_Workspace\algo\em_sim\em_adapt\sim_adapt_em.vcproj "Debug|Win32" 
BSCMAKE : warning BK4502: truncated .SBR file '.\Debug\sim_adapter_em_dll.sbr' not in D:\Sandboxs\SMFC4B0_04.01.00\06_Algorithm\04_Engineering\03_Workspace\algo\em_sim\Debug/sim_adapt_em.bsc [D:\Sandboxs\SMFC4B0_04.01.00\06_Algorithm\04_Engineering\03_Workspace\algo\em_sim\sim_swc_em.sln]
BSCMAKE : error BK1513: nonincremental update requires all .SBR files [D:\Sandboxs\SMFC4B0_04.01.00\06_Algorithm\04_Engineering\03_Workspace\algo\em_sim\sim_swc_em.sln]
sim_swc_em_vis:
  C:\LegacyApp\VisualStudio2005\Common7\IDE\..\..\vc\vcpackages\vcbuild.exe D:\Sandboxs\SMFC4B0_04.01.00\06_Algorithm\04_Engineering\03_Workspace\algo\em_sim\sim_swc_em_vis\sim_swc_em_vis.vcproj "Debug|Win32" 
Done Building Project "D:\Sandboxs\SMFC4B0_04.01.00\06_Algorithm\04_Engineering\03_Workspace\algo\em_sim\sim_swc_em.sln" (default targets) -- FAILED.

Build FAILED.

"D:\Sandboxs\SMFC4B0_04.01.00\06_Algorithm\04_Engineering\03_Workspace\algo\em_sim\sim_swc_em.sln" (default target) (1) ->
(sim_adapt_em target) -> 
  BSCMAKE : warning BK4502: truncated .SBR file '.\Debug\sim_adapter_em_dll.sbr' not in D:\Sandboxs\SMFC4B0_04.01.00\06_Algorithm\04_Engineering\03_Workspace\algo\em_sim\Debug/sim_adapt_em.bsc [D:\Sandboxs\SMFC4B0_04.01.00\06_Algorithm\04_Engineering\03_Workspace\algo\em_sim\sim_swc_em.sln]


"D:\Sandboxs\SMFC4B0_04.01.00\06_Algorithm\04_Engineering\03_Workspace\algo\em_sim\sim_swc_em.sln" (default target) (1) ->
(sim_adapt_em target) -> 
  BSCMAKE : error BK1513: nonincremental update requires all .SBR files [D:\Sandboxs\SMFC4B0_04.01.00\06_Algorithm\04_Engineering\03_Workspace\algo\em_sim\sim_swc_em.sln]

    1 Warning(s)
    1 Error(s)

Time Elapsed 00:00:04.88
----------------------------------------------------------------
----------------------------------------------------------------
----------Building---------------
D:\Sandboxs\SMFC4B0_04.01.00\06_Algorithm\04_Engineering\03_Workspace\algo/fct_mo\fct_mo.sln
Microsoft (R) Build Engine Version 4.0.30319.1
[Microsoft .NET Framework, Version 4.0.30319.1008]
Copyright (C) Microsoft Corporation 2007. All rights reserved.

Build started 21.11.2013 10:25:17.
Project "D:\Sandboxs\SMFC4B0_04.01.00\06_Algorithm\04_Engineering\03_Workspace\algo\fct_mo\fct_mo.sln" on node 1 (default targets).
ValidateSolutionConfiguration:
  Building solution configuration "Debug|Win32".
simeasdata:
  C:\LegacyApp\VisualStudio2005\Common7\IDE\..\..\vc\vcpackages\vcbuild.exe D:\Sandboxs\SMFC4B0_04.01.00\06_Algorithm\04_Engineering\03_Workspace\algo\fct_mo\simeasdata\simeasdata.vcproj "Debug|Win32" 
d:\sandboxs\smfc4b0_04.01.00\06_algorithm\04_engineering\03_workspace\algo\fct_mo\simeasdata\fastsignalvalidator.h(32): warning C4996: 'IRAWDataInfo': IRAWDataInfo was declared deprecated; use IExRAWDataInfo instead! [D:\Sandboxs\SMFC4B0_04.01.00\06_Algorithm\04_Engineering\03_Workspace\algo\fct_mo\fct_mo.sln]
d:\sandboxs\smfc4b0_04.01.00\06_algorithm\04_engineering\03_workspace\algo\fct_mo\simeasdata\fastsignalvalidator.h(231): warning C4996: 'data_package_ex': DataPackageEx_t was declared deprecated; use SDataPackageEx instead! [D:\Sandboxs\SMFC4B0_04.01.00\06_Algorithm\04_Engineering\03_Workspace\algo\fct_mo\fct_mo.sln]
d:\sandboxs\smfc4b0_04.01.00\06_algorithm\04_engineering\03_workspace\algo\fct_mo\simeasdata\fastsignalvalidator.h(46): warning C4996: 'data_package_ex': DataPackageEx_t was declared deprecated; use SDataPackageEx instead! [D:\Sandboxs\SMFC4B0_04.01.00\06_Algorithm\04_Engineering\03_Workspace\algo\fct_mo\fct_mo.sln]
d:\sandboxs\smfc4b0_04.01.00\06_algorithm\04_engineering\03_workspace\algo\fct_mo\simeasdata\fastsignalvalidator.h(142): warning C4996: 'IRAWDataInfo': IRAWDataInfo was declared deprecated; use IExRAWDataInfo instead! [D:\Sandboxs\SMFC4B0_04.01.00\06_Algorithm\04_Engineering\03_Workspace\algo\fct_mo\fct_mo.sln]
d:\sandboxs\smfc4b0_04.01.00\06_algorithm\04_engineering\03_workspace\algo\fct_mo\simeasdata\fastsignalvalidator.h(169): warning C4996: 'IRAWDataInfo': IRAWDataInfo was declared deprecated; use IExRAWDataInfo instead! [D:\Sandboxs\SMFC4B0_04.01.00\06_Algorithm\04_Engineering\03_Workspace\algo\fct_mo\fct_mo.sln]
d:\sandboxs\smfc4b0_04.01.00\06_algorithm\04_engineering\03_workspace\algo\fct_mo\simeasdata\fastsignalvalidator.h(186): warning C4996: 'SelectedSignalInfo': SelectedSignalInfo was declared deprecated; use SSelectedSignalInfo instead! [D:\Sandboxs\SMFC4B0_04.01.00\06_Algorithm\04_Engineering\03_Workspace\algo\fct_mo\fct_mo.sln]
d:\sandboxs\smfc4b0_04.01.00\06_algorithm\04_engineering\03_workspace\algo\fct_mo\simeasdata\fastsignalvalidator.h(192): warning C4996: 'SelectedSignalInfo': SelectedSignalInfo was declared deprecated; use SSelectedSignalInfo instead! [D:\Sandboxs\SMFC4B0_04.01.00\06_Algorithm\04_Engineering\03_Workspace\algo\fct_mo\fct_mo.sln]
d:\sandboxs\smfc4b0_04.01.00\06_algorithm\04_engineering\03_workspace\algo\fct_mo\simeasdata\fastsignalvalidator.h(207): warning C4996: 'SelectedSignalInfo': SelectedSignalInfo was declared deprecated; use SSelectedSignalInfo instead! [D:\Sandboxs\SMFC4B0_04.01.00\06_Algorithm\04_Engineering\03_Workspace\algo\fct_mo\fct_mo.sln]
d:\sandboxs\smfc4b0_04.01.00\06_algorithm\04_engineering\03_workspace\algo\fct_mo\simeasdata\fastsignalvalidator.h(212): warning C4996: 'SelectedSignalInfo': SelectedSignalInfo was declared deprecated; use SSelectedSignalInfo instead! [D:\Sandboxs\SMFC4B0_04.01.00\06_Algorithm\04_Engineering\03_Workspace\algo\fct_mo\fct_mo.sln]
d:\sandboxs\smfc4b0_04.01.00\06_algorithm\04_engineering\03_workspace\algo\fct_mo\simeasdata\fastsignalvalidator.h(239): warning C4996: 'IRAWDataInfo': IRAWDataInfo was declared deprecated; use IExRAWDataInfo instead! [D:\Sandboxs\SMFC4B0_04.01.00\06_Algorithm\04_Engineering\03_Workspace\algo\fct_mo\fct_mo.sln]
d:\sandboxs\smfc4b0_04.01.00\06_algorithm\04_engineering\03_workspace\algo\fct_mo\simeasdata\fastsignalvalidator.h(243): warning C4996: 'data_package_ex': DataPackageEx_t was declared deprecated; use SDataPackageEx instead! [D:\Sandboxs\SMFC4B0_04.01.00\06_Algorithm\04_Engineering\03_Workspace\algo\fct_mo\fct_mo.sln]
d:\sandboxs\smfc4b0_04.01.00\06_algorithm\04_engineering\03_workspace\algo\fct_mo\simeasdata\fastsignalvalidator.h(283): warning C4996: 'IRAWDataInfo::GetInfo': IRAWDataInfo was declared deprecated; use IExRAWDataInfo instead! [D:\Sandboxs\SMFC4B0_04.01.00\06_Algorithm\04_Engineering\03_Workspace\algo\fct_mo\fct_mo.sln]
d:\sandboxs\smfc4b0_04.01.00\06_algorithm\04_engineering\03_workspace\algo\fct_mo\simeasdata\fastsignalvalidator.h(319): warning C4996: 'data_package_ex': DataPackageEx_t was declared deprecated; use SDataPackageEx instead! [D:\Sandboxs\SMFC4B0_04.01.00\06_Algorithm\04_Engineering\03_Workspace\algo\fct_mo\fct_mo.sln]
d:\sandboxs\smfc4b0_04.01.00\06_algorithm\04_engineering\03_workspace\algo\fct_mo\simeasdata\measvisualization.h(62): warning C4996: 'data_package_ex': DataPackageEx_t was declared deprecated; use SDataPackageEx instead! [D:\Sandboxs\SMFC4B0_04.01.00\06_Algorithm\04_Engineering\03_Workspace\algo\fct_mo\fct_mo.sln]
d:\sandboxs\smfc4b0_04.01.00\06_algorithm\04_engineering\03_workspace\algo\fct_mo\simeasdata\measvisualization.h(133): error C2065: 'OBJ_NUMBER_LENGTH_OF_OOI_LIST' : undeclared identifier [D:\Sandboxs\SMFC4B0_04.01.00\06_Algorithm\04_Engineering\03_Workspace\algo\fct_mo\fct_mo.sln]
d:\sandboxs\smfc4b0_04.01.00\06_algorithm\04_engineering\03_workspace\algo\fct_mo\simeasdata\measvisualization.h(144): error C2065: 'NUMBER_OF_OBJECTS_' : undeclared identifier [D:\Sandboxs\SMFC4B0_04.01.00\06_Algorithm\04_Engineering\03_Workspace\algo\fct_mo\fct_mo.sln]
d:\sandboxs\smfc4b0_04.01.00\06_algorithm\04_engineering\03_workspace\algo\fct_mo\simeasdata\measvisualization.h(170): warning C4996: 'data_package_ex': DataPackageEx_t was declared deprecated; use SDataPackageEx instead! [D:\Sandboxs\SMFC4B0_04.01.00\06_Algorithm\04_Engineering\03_Workspace\algo\fct_mo\fct_mo.sln]
d:\sandboxs\smfc4b0_04.01.00\06_algorithm\04_engineering\03_workspace\algo\fct_mo\simeasdata\measvisualization.cpp(23): warning C4407: cast between different pointer to member representations, compiler may generate incorrect code [D:\Sandboxs\SMFC4B0_04.01.00\06_Algorithm\04_Engineering\03_Workspace\algo\fct_mo\fct_mo.sln]
d:\sandboxs\smfc4b0_04.01.00\06_algorithm\04_engineering\03_workspace\algo\fct_mo\simeasdata\measvisualization.cpp(24): warning C4407: cast between different pointer to member representations, compiler may generate incorrect code [D:\Sandboxs\SMFC4B0_04.01.00\06_Algorithm\04_Engineering\03_Workspace\algo\fct_mo\fct_mo.sln]
d:\sandboxs\smfc4b0_04.01.00\06_algorithm\04_engineering\03_workspace\algo\fct_mo\simeasdata\measvisualization.cpp(346): warning C4996: 'data_package_ex': DataPackageEx_t was declared deprecated; use SDataPackageEx instead! [D:\Sandboxs\SMFC4B0_04.01.00\06_Algorithm\04_Engineering\03_Workspace\algo\fct_mo\fct_mo.sln]
d:\sandboxs\smfc4b0_04.01.00\06_algorithm\04_engineering\03_workspace\algo\fct_mo\simeasdata\measvisualization.cpp(430): error C2065: 'OBJCLASS_UNCLASSIFIED' : undeclared identifier [D:\Sandboxs\SMFC4B0_04.01.00\06_Algorithm\04_Engineering\03_Workspace\algo\fct_mo\fct_mo.sln]
d:\sandboxs\smfc4b0_04.01.00\06_algorithm\04_engineering\03_workspace\algo\fct_mo\simeasdata\measvisualization.cpp(430): error C2051: case expression not constant [D:\Sandboxs\SMFC4B0_04.01.00\06_Algorithm\04_Engineering\03_Workspace\algo\fct_mo\fct_mo.sln]
d:\sandboxs\smfc4b0_04.01.00\06_algorithm\04_engineering\03_workspace\algo\fct_mo\simeasdata\measvisualization.cpp(433): error C2065: 'OBJCLASS_CAR' : undeclared identifier [D:\Sandboxs\SMFC4B0_04.01.00\06_Algorithm\04_Engineering\03_Workspace\algo\fct_mo\fct_mo.sln]
d:\sandboxs\smfc4b0_04.01.00\06_algorithm\04_engineering\03_workspace\algo\fct_mo\simeasdata\measvisualization.cpp(433): error C2051: case expression not constant [D:\Sandboxs\SMFC4B0_04.01.00\06_Algorithm\04_Engineering\03_Workspace\algo\fct_mo\fct_mo.sln]
d:\sandboxs\smfc4b0_04.01.00\06_algorithm\04_engineering\03_workspace\algo\fct_mo\simeasdata\measvisualization.cpp(436): error C2065: 'OBJCLASS_TRUCK' : undeclared identifier [D:\Sandboxs\SMFC4B0_04.01.00\06_Algorithm\04_Engineering\03_Workspace\algo\fct_mo\fct_mo.sln]
d:\sandboxs\smfc4b0_04.01.00\06_algorithm\04_engineering\03_workspace\algo\fct_mo\simeasdata\measvisualization.cpp(436): error C2051: case expression not constant [D:\Sandboxs\SMFC4B0_04.01.00\06_Algorithm\04_Engineering\03_Workspace\algo\fct_mo\fct_mo.sln]
d:\sandboxs\smfc4b0_04.01.00\06_algorithm\04_engineering\03_workspace\algo\fct_mo\simeasdata\measvisualization.cpp(439): error C2065: 'OBJCLASS_MOTORCYCLE' : undeclared identifier [D:\Sandboxs\SMFC4B0_04.01.00\06_Algorithm\04_Engineering\03_Workspace\algo\fct_mo\fct_mo.sln]
d:\sandboxs\smfc4b0_04.01.00\06_algorithm\04_engineering\03_workspace\algo\fct_mo\simeasdata\measvisualization.cpp(439): error C2051: case expression not constant [D:\Sandboxs\SMFC4B0_04.01.00\06_Algorithm\04_Engineering\03_Workspace\algo\fct_mo\fct_mo.sln]
d:\sandboxs\smfc4b0_04.01.00\06_algorithm\04_engineering\03_workspace\algo\fct_mo\simeasdata\measvisualization.cpp(442): error C2065: 'OBJCLASS_PEDESTRIAN' : undeclared identifier [D:\Sandboxs\SMFC4B0_04.01.00\06_Algorithm\04_Engineering\03_Workspace\algo\fct_mo\fct_mo.sln]
d:\sandboxs\smfc4b0_04.01.00\06_algorithm\04_engineering\03_workspace\algo\fct_mo\simeasdata\measvisualization.cpp(442): error C2051: case expression not constant [D:\Sandboxs\SMFC4B0_04.01.00\06_Algorithm\04_Engineering\03_Workspace\algo\fct_mo\fct_mo.sln]
d:\sandboxs\smfc4b0_04.01.00\06_algorithm\04_engineering\03_workspace\algo\fct_mo\simeasdata\measvisualization.cpp(452): error C2065: 'OBJCLASS_WIDE' : undeclared identifier [D:\Sandboxs\SMFC4B0_04.01.00\06_Algorithm\04_Engineering\03_Workspace\algo\fct_mo\fct_mo.sln]
d:\sandboxs\smfc4b0_04.01.00\06_algorithm\04_engineering\03_workspace\algo\fct_mo\simeasdata\measvisualization.cpp(452): error C2051: case expression not constant [D:\Sandboxs\SMFC4B0_04.01.00\06_Algorithm\04_Engineering\03_Workspace\algo\fct_mo\fct_mo.sln]
d:\sandboxs\smfc4b0_04.01.00\06_algorithm\04_engineering\03_workspace\algo\fct_mo\simeasdata\measvisualization.cpp(455): error C2065: 'OBJCLASS_POINT' : undeclared identifier [D:\Sandboxs\SMFC4B0_04.01.00\06_Algorithm\04_Engineering\03_Workspace\algo\fct_mo\fct_mo.sln]
d:\sandboxs\smfc4b0_04.01.00\06_algorithm\04_engineering\03_workspace\algo\fct_mo\simeasdata\measvisualization.cpp(455): error C2051: case expression not constant [D:\Sandboxs\SMFC4B0_04.01.00\06_Algorithm\04_Engineering\03_Workspace\algo\fct_mo\fct_mo.sln]
d:\sandboxs\smfc4b0_04.01.00\06_algorithm\04_engineering\03_workspace\algo\fct_mo\simeasdata\measvisualization.cpp(458): error C2065: 'OBJCLASS_BICYCLE' : undeclared identifier [D:\Sandboxs\SMFC4B0_04.01.00\06_Algorithm\04_Engineering\03_Workspace\algo\fct_mo\fct_mo.sln]
d:\sandboxs\smfc4b0_04.01.00\06_algorithm\04_engineering\03_workspace\algo\fct_mo\simeasdata\measvisualization.cpp(458): error C2051: case expression not constant [D:\Sandboxs\SMFC4B0_04.01.00\06_Algorithm\04_Engineering\03_Workspace\algo\fct_mo\fct_mo.sln]
d:\sandboxs\smfc4b0_04.01.00\06_algorithm\04_engineering\03_workspace\algo\fct_mo\simeasdata\measvisualization.cpp(478): warning C4065: switch statement contains 'default' but no 'case' labels [D:\Sandboxs\SMFC4B0_04.01.00\06_Algorithm\04_Engineering\03_Workspace\algo\fct_mo\fct_mo.sln]
d:\sandboxs\smfc4b0_04.01.00\06_algorithm\04_engineering\03_workspace\algo\fct_mo\simeasdata\measvisualization.cpp(558): error C2065: 'GDB_OBJECT_SUBPROP_CROSSING' : undeclared identifier [D:\Sandboxs\SMFC4B0_04.01.00\06_Algorithm\04_Engineering\03_Workspace\algo\fct_mo\fct_mo.sln]
d:\sandboxs\smfc4b0_04.01.00\06_algorithm\04_engineering\03_workspace\algo\fct_mo\simeasdata\measvisualization.cpp(558): error C2065: 'OBJECT_PROPERTY_STATIONARY' : undeclared identifier [D:\Sandboxs\SMFC4B0_04.01.00\06_Algorithm\04_Engineering\03_Workspace\algo\fct_mo\fct_mo.sln]
d:\sandboxs\smfc4b0_04.01.00\06_algorithm\04_engineering\03_workspace\algo\fct_mo\simeasdata\measvisualization.cpp(562): error C2065: 'OBJECT_PROPERTY_ONCOMING' : undeclared identifier [D:\Sandboxs\SMFC4B0_04.01.00\06_Algorithm\04_Engineering\03_Workspace\algo\fct_mo\fct_mo.sln]
d:\sandboxs\smfc4b0_04.01.00\06_algorithm\04_engineering\03_workspace\algo\fct_mo\simeasdata\measvisualization.cpp(562): error C2051: case expression not constant [D:\Sandboxs\SMFC4B0_04.01.00\06_Algorithm\04_Engineering\03_Workspace\algo\fct_mo\fct_mo.sln]
d:\sandboxs\smfc4b0_04.01.00\06_algorithm\04_engineering\03_workspace\algo\fct_mo\simeasdata\measvisualization.cpp(566): error C2065: 'OBJECT_PROPERTY_MOVING' : undeclared identifier [D:\Sandboxs\SMFC4B0_04.01.00\06_Algorithm\04_Engineering\03_Workspace\algo\fct_mo\fct_mo.sln]
d:\sandboxs\smfc4b0_04.01.00\06_algorithm\04_engineering\03_workspace\algo\fct_mo\simeasdata\measvisualization.cpp(566): error C2051: case expression not constant [D:\Sandboxs\SMFC4B0_04.01.00\06_Algorithm\04_Engineering\03_Workspace\algo\fct_mo\fct_mo.sln]
d:\sandboxs\smfc4b0_04.01.00\06_algorithm\04_engineering\03_workspace\algo\fct_mo\simeasdata\measvisualization.cpp(570): error C2051: case expression not constant [D:\Sandboxs\SMFC4B0_04.01.00\06_Algorithm\04_Engineering\03_Workspace\algo\fct_mo\fct_mo.sln]
d:\sandboxs\smfc4b0_04.01.00\06_algorithm\04_engineering\03_workspace\algo\fct_mo\simeasdata\measvisualization.cpp(591): warning C4065: switch statement contains 'default' but no 'case' labels [D:\Sandboxs\SMFC4B0_04.01.00\06_Algorithm\04_Engineering\03_Workspace\algo\fct_mo\fct_mo.sln]
d:\sandboxs\smfc4b0_04.01.00\06_algorithm\04_engineering\03_workspace\algo\fct_mo\simeasdata\fastsignalvalidator.h(32): warning C4996: 'IRAWDataInfo': IRAWDataInfo was declared deprecated; use IExRAWDataInfo instead! [D:\Sandboxs\SMFC4B0_04.01.00\06_Algorithm\04_Engineering\03_Workspace\algo\fct_mo\fct_mo.sln]
d:\sandboxs\smfc4b0_04.01.00\06_algorithm\04_engineering\03_workspace\algo\fct_mo\simeasdata\fastsignalvalidator.h(231): warning C4996: 'data_package_ex': DataPackageEx_t was declared deprecated; use SDataPackageEx instead! [D:\Sandboxs\SMFC4B0_04.01.00\06_Algorithm\04_Engineering\03_Workspace\algo\fct_mo\fct_mo.sln]
d:\sandboxs\smfc4b0_04.01.00\06_algorithm\04_engineering\03_workspace\algo\fct_mo\simeasdata\fastsignalvalidator.h(46): warning C4996: 'data_package_ex': DataPackageEx_t was declared deprecated; use SDataPackageEx instead! [D:\Sandboxs\SMFC4B0_04.01.00\06_Algorithm\04_Engineering\03_Workspace\algo\fct_mo\fct_mo.sln]
d:\sandboxs\smfc4b0_04.01.00\06_algorithm\04_engineering\03_workspace\algo\fct_mo\simeasdata\fastsignalvalidator.h(142): warning C4996: 'IRAWDataInfo': IRAWDataInfo was declared deprecated; use IExRAWDataInfo instead! [D:\Sandboxs\SMFC4B0_04.01.00\06_Algorithm\04_Engineering\03_Workspace\algo\fct_mo\fct_mo.sln]
d:\sandboxs\smfc4b0_04.01.00\06_algorithm\04_engineering\03_workspace\algo\fct_mo\simeasdata\fastsignalvalidator.h(169): warning C4996: 'IRAWDataInfo': IRAWDataInfo was declared deprecated; use IExRAWDataInfo instead! [D:\Sandboxs\SMFC4B0_04.01.00\06_Algorithm\04_Engineering\03_Workspace\algo\fct_mo\fct_mo.sln]
d:\sandboxs\smfc4b0_04.01.00\06_algorithm\04_engineering\03_workspace\algo\fct_mo\simeasdata\fastsignalvalidator.h(186): warning C4996: 'SelectedSignalInfo': SelectedSignalInfo was declared deprecated; use SSelectedSignalInfo instead! [D:\Sandboxs\SMFC4B0_04.01.00\06_Algorithm\04_Engineering\03_Workspace\algo\fct_mo\fct_mo.sln]
d:\sandboxs\smfc4b0_04.01.00\06_algorithm\04_engineering\03_workspace\algo\fct_mo\simeasdata\fastsignalvalidator.h(192): warning C4996: 'SelectedSignalInfo': SelectedSignalInfo was declared deprecated; use SSelectedSignalInfo instead! [D:\Sandboxs\SMFC4B0_04.01.00\06_Algorithm\04_Engineering\03_Workspace\algo\fct_mo\fct_mo.sln]
d:\sandboxs\smfc4b0_04.01.00\06_algorithm\04_engineering\03_workspace\algo\fct_mo\simeasdata\fastsignalvalidator.h(207): warning C4996: 'SelectedSignalInfo': SelectedSignalInfo was declared deprecated; use SSelectedSignalInfo instead! [D:\Sandboxs\SMFC4B0_04.01.00\06_Algorithm\04_Engineering\03_Workspace\algo\fct_mo\fct_mo.sln]
d:\sandboxs\smfc4b0_04.01.00\06_algorithm\04_engineering\03_workspace\algo\fct_mo\simeasdata\fastsignalvalidator.h(212): warning C4996: 'SelectedSignalInfo': SelectedSignalInfo was declared deprecated; use SSelectedSignalInfo instead! [D:\Sandboxs\SMFC4B0_04.01.00\06_Algorithm\04_Engineering\03_Workspace\algo\fct_mo\fct_mo.sln]
d:\sandboxs\smfc4b0_04.01.00\06_algorithm\04_engineering\03_workspace\algo\fct_mo\simeasdata\fastsignalvalidator.h(239): warning C4996: 'IRAWDataInfo': IRAWDataInfo was declared deprecated; use IExRAWDataInfo instead! [D:\Sandboxs\SMFC4B0_04.01.00\06_Algorithm\04_Engineering\03_Workspace\algo\fct_mo\fct_mo.sln]
d:\sandboxs\smfc4b0_04.01.00\06_algorithm\04_engineering\03_workspace\algo\fct_mo\simeasdata\fastsignalvalidator.h(243): warning C4996: 'data_package_ex': DataPackageEx_t was declared deprecated; use SDataPackageEx instead! [D:\Sandboxs\SMFC4B0_04.01.00\06_Algorithm\04_Engineering\03_Workspace\algo\fct_mo\fct_mo.sln]
d:\sandboxs\smfc4b0_04.01.00\06_algorithm\04_engineering\03_workspace\algo\fct_mo\simeasdata\fastsignalvalidator.h(283): warning C4996: 'IRAWDataInfo::GetInfo': IRAWDataInfo was declared deprecated; use IExRAWDataInfo instead! [D:\Sandboxs\SMFC4B0_04.01.00\06_Algorithm\04_Engineering\03_Workspace\algo\fct_mo\fct_mo.sln]
d:\sandboxs\smfc4b0_04.01.00\06_algorithm\04_engineering\03_workspace\algo\fct_mo\simeasdata\fastsignalvalidator.h(319): warning C4996: 'data_package_ex': DataPackageEx_t was declared deprecated; use SDataPackageEx instead! [D:\Sandboxs\SMFC4B0_04.01.00\06_Algorithm\04_Engineering\03_Workspace\algo\fct_mo\fct_mo.sln]
d:\sandboxs\smfc4b0_04.01.00\06_algorithm\04_engineering\03_workspace\algo\fct_mo\simeasdata\measvisualization.h(62): warning C4996: 'data_package_ex': DataPackageEx_t was declared deprecated; use SDataPackageEx instead! [D:\Sandboxs\SMFC4B0_04.01.00\06_Algorithm\04_Engineering\03_Workspace\algo\fct_mo\fct_mo.sln]
d:\sandboxs\smfc4b0_04.01.00\06_algorithm\04_engineering\03_workspace\algo\fct_mo\simeasdata\measvisualization.h(133): error C2065: 'OBJ_NUMBER_LENGTH_OF_OOI_LIST' : undeclared identifier [D:\Sandboxs\SMFC4B0_04.01.00\06_Algorithm\04_Engineering\03_Workspace\algo\fct_mo\fct_mo.sln]
d:\sandboxs\smfc4b0_04.01.00\06_algorithm\04_engineering\03_workspace\algo\fct_mo\simeasdata\measvisualization.h(144): error C2065: 'NUMBER_OF_OBJECTS_' : undeclared identifier [D:\Sandboxs\SMFC4B0_04.01.00\06_Algorithm\04_Engineering\03_Workspace\algo\fct_mo\fct_mo.sln]
d:\sandboxs\smfc4b0_04.01.00\06_algorithm\04_engineering\03_workspace\algo\fct_mo\simeasdata\measvisualization.h(170): warning C4996: 'data_package_ex': DataPackageEx_t was declared deprecated; use SDataPackageEx instead! [D:\Sandboxs\SMFC4B0_04.01.00\06_Algorithm\04_Engineering\03_Workspace\algo\fct_mo\fct_mo.sln]
d:\sandboxs\smfc4b0_04.01.00\06_algorithm\04_engineering\03_workspace\algo\fct_mo\simeasdata\simeasdata.cpp(15): warning C4407: cast between different pointer to member representations, compiler may generate incorrect code [D:\Sandboxs\SMFC4B0_04.01.00\06_Algorithm\04_Engineering\03_Workspace\algo\fct_mo\fct_mo.sln]
d:\sandboxs\smfc4b0_04.01.00\06_algorithm\04_engineering\03_workspace\algo\fct_mo\simeasdata\simeasdata.cpp(15): warning C4407: cast between different pointer to member representations, compiler may generate incorrect code [D:\Sandboxs\SMFC4B0_04.01.00\06_Algorithm\04_Engineering\03_Workspace\algo\fct_mo\fct_mo.sln]
d:\sandboxs\smfc4b0_04.01.00\06_algorithm\04_engineering\03_workspace\algo\fct_mo\simeasdata\simeasdata.cpp(15): warning C4407: cast between different pointer to member representations, compiler may generate incorrect code [D:\Sandboxs\SMFC4B0_04.01.00\06_Algorithm\04_Engineering\03_Workspace\algo\fct_mo\fct_mo.sln]
d:\sandboxs\smfc4b0_04.01.00\06_algorithm\04_engineering\03_workspace\algo\fct_mo\simeasdata\simeasdata.cpp(15): warning C4407: cast between different pointer to member representations, compiler may generate incorrect code [D:\Sandboxs\SMFC4B0_04.01.00\06_Algorithm\04_Engineering\03_Workspace\algo\fct_mo\fct_mo.sln]
AccObjView:
  C:\LegacyApp\VisualStudio2005\Common7\IDE\..\..\vc\vcpackages\vcbuild.exe D:\Sandboxs\SMFC4B0_04.01.00\06_Algorithm\04_Engineering\03_Workspace\algo\fct_mo\AccObjView\AccObjView.vcproj "Debug|Win32" 
d:\sandboxs\smfc4b0_04.01.00\06_algorithm\04_engineering\03_workspace\algo\fct_mo\shared\EgoSubPos.h(13): fatal error C1083: Cannot open include file: 'SVL/svl.h': No such file or directory [D:\Sandboxs\SMFC4B0_04.01.00\06_Algorithm\04_Engineering\03_Workspace\algo\fct_mo\fct_mo.sln]
d:\sandboxs\smfc4b0_04.01.00\06_algorithm\04_engineering\03_workspace\algo\fct_mo\shared\EgoSubPos.h(13): fatal error C1083: Cannot open include file: 'SVL/svl.h': No such file or directory [D:\Sandboxs\SMFC4B0_04.01.00\06_Algorithm\04_Engineering\03_Workspace\algo\fct_mo\fct_mo.sln]
d:\Sandboxs\SMFC4B0_04.01.00\06_Algorithm\04_Engineering\03_Workspace\algo\fct_mo\shared\SimpUtil.h(13): fatal error C1083: Cannot open include file: 'SVL/svl.h': No such file or directory [D:\Sandboxs\SMFC4B0_04.01.00\06_Algorithm\04_Engineering\03_Workspace\algo\fct_mo\fct_mo.sln]
d:\sandboxs\smfc4b0_04.01.00\06_algorithm\04_engineering\03_workspace\algo\fct_mo\shared\EgoSubPos.h(13): fatal error C1083: Cannot open include file: 'SVL/svl.h': No such file or directory [D:\Sandboxs\SMFC4B0_04.01.00\06_Algorithm\04_Engineering\03_Workspace\algo\fct_mo\fct_mo.sln]
d:\sandboxs\smfc4b0_04.01.00\06_algorithm\04_engineering\03_workspace\algo\fct_mo\shared\EgoSubPos.h(13): fatal error C1083: Cannot open include file: 'SVL/svl.h': No such file or directory [D:\Sandboxs\SMFC4B0_04.01.00\06_Algorithm\04_Engineering\03_Workspace\algo\fct_mo\fct_mo.sln]
d:\sandboxs\smfc4b0_04.01.00\06_algorithm\04_engineering\03_workspace\algo\fct_mo\shared\EgoSubPos.h(13): fatal error C1083: Cannot open include file: 'SVL/svl.h': No such file or directory [D:\Sandboxs\SMFC4B0_04.01.00\06_Algorithm\04_Engineering\03_Workspace\algo\fct_mo\fct_mo.sln]
d:\sandboxs\smfc4b0_04.01.00\06_algorithm\04_engineering\03_workspace\algo\fct_mo\shared\EgoSubPos.h(13): fatal error C1083: Cannot open include file: 'SVL/svl.h': No such file or directory [D:\Sandboxs\SMFC4B0_04.01.00\06_Algorithm\04_Engineering\03_Workspace\algo\fct_mo\fct_mo.sln]
d:\sandboxs\smfc4b0_04.01.00\06_algorithm\04_engineering\03_workspace\algo\fct_mo\shared\EgoSubPos.h(13): fatal error C1083: Cannot open include file: 'SVL/svl.h': No such file or directory [D:\Sandboxs\SMFC4B0_04.01.00\06_Algorithm\04_Engineering\03_Workspace\algo\fct_mo\fct_mo.sln]
d:\Sandboxs\SMFC4B0_04.01.00\06_Algorithm\04_Engineering\03_Workspace\algo\fct_mo\shared\SimpUtil.h(13): fatal error C1083: Cannot open include file: 'SVL/svl.h': No such file or directory [D:\Sandboxs\SMFC4B0_04.01.00\06_Algorithm\04_Engineering\03_Workspace\algo\fct_mo\fct_mo.sln]
d:\Sandboxs\SMFC4B0_04.01.00\06_Algorithm\04_Engineering\03_Workspace\algo\fct_mo\shared\SimpUtil.h(13): fatal error C1083: Cannot open include file: 'SVL/svl.h': No such file or directory [D:\Sandboxs\SMFC4B0_04.01.00\06_Algorithm\04_Engineering\03_Workspace\algo\fct_mo\fct_mo.sln]
AccViewer:
  C:\LegacyApp\VisualStudio2005\Common7\IDE\..\..\vc\vcpackages\vcbuild.exe D:\Sandboxs\SMFC4B0_04.01.00\06_Algorithm\04_Engineering\03_Workspace\algo\fct_mo\AccViewer\AccViewer.vcproj "Debug|Win32" 
d:\sandboxs\smfc4b0_04.01.00\06_algorithm\04_engineering\03_workspace\algo\fct_mo\accviewer\stdafx.h(33): fatal error C1083: Cannot open include file: 'microsoft/targetsxs.h': No such file or directory [D:\Sandboxs\SMFC4B0_04.01.00\06_Algorithm\04_Engineering\03_Workspace\algo\fct_mo\fct_mo.sln]
BinBasicInfo:
  C:\LegacyApp\VisualStudio2005\Common7\IDE\..\..\vc\vcpackages\vcbuild.exe D:\Sandboxs\SMFC4B0_04.01.00\06_Algorithm\04_Engineering\03_Workspace\algo\fct_mo\BinBasicInfo\BinBasicInfo.vcproj "Debug|Win32" 
d:\sandboxs\smfc4b0_04.01.00\06_algorithm\04_engineering\03_workspace\algo\fct_mo\shared\simputil.h(13): fatal error C1083: Cannot open include file: 'SVL/svl.h': No such file or directory [D:\Sandboxs\SMFC4B0_04.01.00\06_Algorithm\04_Engineering\03_Workspace\algo\fct_mo\fct_mo.sln]
d:\sandboxs\smfc4b0_04.01.00\06_algorithm\04_engineering\03_workspace\algo\fct_mo\shared\egosubpos.h(13): fatal error C1083: Cannot open include file: 'SVL/svl.h': No such file or directory [D:\Sandboxs\SMFC4B0_04.01.00\06_Algorithm\04_Engineering\03_Workspace\algo\fct_mo\fct_mo.sln]
c1xx : fatal error C1083: Cannot open source file: '..\..\externals\binreader\binreader.cpp': No such file or directory [D:\Sandboxs\SMFC4B0_04.01.00\06_Algorithm\04_Engineering\03_Workspace\algo\fct_mo\fct_mo.sln]
d:\sandboxs\smfc4b0_04.01.00\06_algorithm\04_engineering\03_workspace\algo\fct_mo\shared\egosubpos.h(13): fatal error C1083: Cannot open include file: 'SVL/svl.h': No such file or directory [D:\Sandboxs\SMFC4B0_04.01.00\06_Algorithm\04_Engineering\03_Workspace\algo\fct_mo\fct_mo.sln]
d:\sandboxs\smfc4b0_04.01.00\06_algorithm\04_engineering\03_workspace\algo\fct_mo\shared\egosubpos.h(13): fatal error C1083: Cannot open include file: 'SVL/svl.h': No such file or directory [D:\Sandboxs\SMFC4B0_04.01.00\06_Algorithm\04_Engineering\03_Workspace\algo\fct_mo\fct_mo.sln]
d:\sandboxs\smfc4b0_04.01.00\06_algorithm\04_engineering\03_workspace\algo\fct_mo\shared\egosubpos.h(13): fatal error C1083: Cannot open include file: 'SVL/svl.h': No such file or directory [D:\Sandboxs\SMFC4B0_04.01.00\06_Algorithm\04_Engineering\03_Workspace\algo\fct_mo\fct_mo.sln]
d:\sandboxs\smfc4b0_04.01.00\06_algorithm\04_engineering\03_workspace\algo\fct_mo\shared\egosubpos.h(13): fatal error C1083: Cannot open include file: 'SVL/svl.h': No such file or directory [D:\Sandboxs\SMFC4B0_04.01.00\06_Algorithm\04_Engineering\03_Workspace\algo\fct_mo\fct_mo.sln]
d:\sandboxs\smfc4b0_04.01.00\06_algorithm\04_engineering\03_workspace\algo\fct_mo\shared\simputil.h(13): fatal error C1083: Cannot open include file: 'SVL/svl.h': No such file or directory [D:\Sandboxs\SMFC4B0_04.01.00\06_Algorithm\04_Engineering\03_Workspace\algo\fct_mo\fct_mo.sln]
d:\sandboxs\smfc4b0_04.01.00\06_algorithm\04_engineering\03_workspace\algo\fct_mo\shared\gexdataintf.cpp(47): fatal error C1083: Cannot open include file: 'binreader.h': No such file or directory [D:\Sandboxs\SMFC4B0_04.01.00\06_Algorithm\04_Engineering\03_Workspace\algo\fct_mo\fct_mo.sln]
d:\sandboxs\smfc4b0_04.01.00\06_algorithm\04_engineering\03_workspace\algo\fct_mo\shared\egosubpos.h(13): fatal error C1083: Cannot open include file: 'SVL/svl.h': No such file or directory [D:\Sandboxs\SMFC4B0_04.01.00\06_Algorithm\04_Engineering\03_Workspace\algo\fct_mo\fct_mo.sln]
d:\sandboxs\smfc4b0_04.01.00\06_algorithm\04_engineering\03_workspace\algo\fct_mo\shared\egosubpos.h(13): fatal error C1083: Cannot open include file: 'SVL/svl.h': No such file or directory [D:\Sandboxs\SMFC4B0_04.01.00\06_Algorithm\04_Engineering\03_Workspace\algo\fct_mo\fct_mo.sln]
d:\sandboxs\smfc4b0_04.01.00\06_algorithm\04_engineering\03_workspace\algo\fct_mo\shared\egosubpos.h(13): fatal error C1083: Cannot open include file: 'SVL/svl.h': No such file or directory [D:\Sandboxs\SMFC4B0_04.01.00\06_Algorithm\04_Engineering\03_Workspace\algo\fct_mo\fct_mo.sln]
d:\sandboxs\smfc4b0_04.01.00\06_algorithm\04_engineering\03_workspace\algo\fct_mo\shared\simputil.h(13): fatal error C1083: Cannot open include file: 'SVL/svl.h': No such file or directory [D:\Sandboxs\SMFC4B0_04.01.00\06_Algorithm\04_Engineering\03_Workspace\algo\fct_mo\fct_mo.sln]
d:\sandboxs\smfc4b0_04.01.00\06_algorithm\04_engineering\03_workspace\algo\fct_mo\shared\simputil.h(13): fatal error C1083: Cannot open include file: 'SVL/svl.h': No such file or directory [D:\Sandboxs\SMFC4B0_04.01.00\06_Algorithm\04_Engineering\03_Workspace\algo\fct_mo\fct_mo.sln]
d:\sandboxs\smfc4b0_04.01.00\06_algorithm\04_engineering\03_workspace\algo\fct_mo\shared\simputil.h(13): fatal error C1083: Cannot open include file: 'SVL/svl.h': No such file or directory [D:\Sandboxs\SMFC4B0_04.01.00\06_Algorithm\04_Engineering\03_Workspace\algo\fct_mo\fct_mo.sln]
d:\sandboxs\smfc4b0_04.01.00\06_algorithm\04_engineering\03_workspace\algo\fct_mo\shared\egosubpos.h(13): fatal error C1083: Cannot open include file: 'SVL/svl.h': No such file or directory [D:\Sandboxs\SMFC4B0_04.01.00\06_Algorithm\04_Engineering\03_Workspace\algo\fct_mo\fct_mo.sln]
d:\sandboxs\smfc4b0_04.01.00\06_algorithm\04_engineering\03_workspace\algo\fct_mo\shared\egosubpos.h(13): fatal error C1083: Cannot open include file: 'SVL/svl.h': No such file or directory [D:\Sandboxs\SMFC4B0_04.01.00\06_Algorithm\04_Engineering\03_Workspace\algo\fct_mo\fct_mo.sln]
d:\sandboxs\smfc4b0_04.01.00\06_algorithm\04_engineering\03_workspace\algo\fct_mo\shared\simputil.h(13): fatal error C1083: Cannot open include file: 'SVL/svl.h': No such file or directory [D:\Sandboxs\SMFC4B0_04.01.00\06_Algorithm\04_Engineering\03_Workspace\algo\fct_mo\fct_mo.sln]
simeasdata_gdv_plg:
  C:\LegacyApp\VisualStudio2005\Common7\IDE\..\..\vc\vcpackages\vcbuild.exe D:\Sandboxs\SMFC4B0_04.01.00\06_Algorithm\04_Engineering\03_Workspace\algo\fct_mo\simeasdata_gdv_plg\simeasdata_gdv_plg.vcproj "Debug|Win32" 
d:\sandboxs\smfc4b0_04.01.00\06_algorithm\04_engineering\03_workspace\algo\fct_mo\simeasdata_gdv_plg\stdafx.h(48): fatal error C1083: Cannot open include file: 'atlapp.h': No such file or directory [D:\Sandboxs\SMFC4B0_04.01.00\06_Algorithm\04_Engineering\03_Workspace\algo\fct_mo\fct_mo.sln]
d:\sandboxs\smfc4b0_04.01.00\06_algorithm\04_engineering\03_workspace\algo\fct_mo\simeasdata_gdv_plg\stdafx.h(48): fatal error C1083: Cannot open include file: 'atlapp.h': No such file or directory [D:\Sandboxs\SMFC4B0_04.01.00\06_Algorithm\04_Engineering\03_Workspace\algo\fct_mo\fct_mo.sln]
d:\sandboxs\smfc4b0_04.01.00\06_algorithm\04_engineering\03_workspace\algo\fct_mo\simeasdata_gdv_plg\stdafx.h(48): fatal error C1083: Cannot open include file: 'atlapp.h': No such file or directory [D:\Sandboxs\SMFC4B0_04.01.00\06_Algorithm\04_Engineering\03_Workspace\algo\fct_mo\fct_mo.sln]
d:\sandboxs\smfc4b0_04.01.00\06_algorithm\04_engineering\03_workspace\algo\fct_mo\simeasdata_gdv_plg\stdafx.h(48): fatal error C1083: Cannot open include file: 'atlapp.h': No such file or directory [D:\Sandboxs\SMFC4B0_04.01.00\06_Algorithm\04_Engineering\03_Workspace\algo\fct_mo\fct_mo.sln]
BSCMAKE : error BK1506: cannot open file '.\Debug\simeasdata_gdv_plgdll.sbr': No such file or directory [D:\Sandboxs\SMFC4B0_04.01.00\06_Algorithm\04_Engineering\03_Workspace\algo\fct_mo\fct_mo.sln]
Project : warning PRJ0018: The following environment variables were not found: [D:\Sandboxs\SMFC4B0_04.01.00\06_Algorithm\04_Engineering\03_Workspace\algo\fct_mo\fct_mo.sln]
bin_cmp:
  C:\LegacyApp\VisualStudio2005\Common7\IDE\..\..\vc\vcpackages\vcbuild.exe D:\Sandboxs\SMFC4B0_04.01.00\06_Algorithm\04_Engineering\03_Workspace\algo\fct_mo\bin_cmp\bin_cmp.vcproj "Debug|Win32" 
d:\sandboxs\smfc4b0_04.01.00\06_algorithm\04_engineering\03_workspace\algo\fct_mo\shared\simputil.h(13): fatal error C1083: Cannot open include file: 'SVL/svl.h': No such file or directory [D:\Sandboxs\SMFC4B0_04.01.00\06_Algorithm\04_Engineering\03_Workspace\algo\fct_mo\fct_mo.sln]
d:\sandboxs\smfc4b0_04.01.00\06_algorithm\04_engineering\03_workspace\algo\fct_mo\shared\simputil.h(13): fatal error C1083: Cannot open include file: 'SVL/svl.h': No such file or directory [D:\Sandboxs\SMFC4B0_04.01.00\06_Algorithm\04_Engineering\03_Workspace\algo\fct_mo\fct_mo.sln]
GexDataSource:
  C:\LegacyApp\VisualStudio2005\Common7\IDE\..\..\vc\vcpackages\vcbuild.exe D:\Sandboxs\SMFC4B0_04.01.00\06_Algorithm\04_Engineering\03_Workspace\algo\fct_mo\GexDataSource\GexDataSource.vcproj "Debug|Win32" 
d:\sandboxs\smfc4b0_04.01.00\06_algorithm\05_testing\06_test_tools\mts\include\mtsversion.h(643): fatal error C1189: #error :  The PROJECT_MTS_VERSION does not match the MTS VERSIONINFO_BUILD. Probably you are trying to compile your project with wrong headers. [D:\Sandboxs\SMFC4B0_04.01.00\06_Algorithm\04_Engineering\03_Workspace\algo\fct_mo\fct_mo.sln]
d:\sandboxs\smfc4b0_04.01.00\06_algorithm\05_testing\06_test_tools\mts\include\mtsversion.h(643): fatal error C1189: #error :  The PROJECT_MTS_VERSION does not match the MTS VERSIONINFO_BUILD. Probably you are trying to compile your project with wrong headers. [D:\Sandboxs\SMFC4B0_04.01.00\06_Algorithm\04_Engineering\03_Workspace\algo\fct_mo\fct_mo.sln]
d:\sandboxs\smfc4b0_04.01.00\06_algorithm\05_testing\06_test_tools\mts\include\mtsversion.h(643): fatal error C1189: #error :  The PROJECT_MTS_VERSION does not match the MTS VERSIONINFO_BUILD. Probably you are trying to compile your project with wrong headers. [D:\Sandboxs\SMFC4B0_04.01.00\06_Algorithm\04_Engineering\03_Workspace\algo\fct_mo\fct_mo.sln]
d:\sandboxs\smfc4b0_04.01.00\06_algorithm\05_testing\06_test_tools\mts\include\mtsversion.h(643): fatal error C1189: #error :  The PROJECT_MTS_VERSION does not match the MTS VERSIONINFO_BUILD. Probably you are trying to compile your project with wrong headers. [D:\Sandboxs\SMFC4B0_04.01.00\06_Algorithm\04_Engineering\03_Workspace\algo\fct_mo\fct_mo.sln]
d:\sandboxs\smfc4b0_04.01.00\06_algorithm\05_testing\06_test_tools\mts\include\mtsversion.h(643): fatal error C1189: #error :  The PROJECT_MTS_VERSION does not match the MTS VERSIONINFO_BUILD. Probably you are trying to compile your project with wrong headers. [D:\Sandboxs\SMFC4B0_04.01.00\06_Algorithm\04_Engineering\03_Workspace\algo\fct_mo\fct_mo.sln]
d:\sandboxs\smfc4b0_04.01.00\06_algorithm\05_testing\06_test_tools\mts\include\mtsversion.h(643): fatal error C1189: #error :  The PROJECT_MTS_VERSION does not match the MTS VERSIONINFO_BUILD. Probably you are trying to compile your project with wrong headers. [D:\Sandboxs\SMFC4B0_04.01.00\06_Algorithm\04_Engineering\03_Workspace\algo\fct_mo\fct_mo.sln]
d:\sandboxs\smfc4b0_04.01.00\06_algorithm\05_testing\06_test_tools\mts\include\mtsversion.h(643): fatal error C1189: #error :  The PROJECT_MTS_VERSION does not match the MTS VERSIONINFO_BUILD. Probably you are trying to compile your project with wrong headers. [D:\Sandboxs\SMFC4B0_04.01.00\06_Algorithm\04_Engineering\03_Workspace\algo\fct_mo\fct_mo.sln]
d:\sandboxs\smfc4b0_04.01.00\06_algorithm\05_testing\06_test_tools\mts\include\mtsversion.h(643): fatal error C1189: #error :  The PROJECT_MTS_VERSION does not match the MTS VERSIONINFO_BUILD. Probably you are trying to compile your project with wrong headers. [D:\Sandboxs\SMFC4B0_04.01.00\06_Algorithm\04_Engineering\03_Workspace\algo\fct_mo\fct_mo.sln]
d:\sandboxs\smfc4b0_04.01.00\06_algorithm\05_testing\06_test_tools\mts\include\mtsversion.h(643): fatal error C1189: #error :  The PROJECT_MTS_VERSION does not match the MTS VERSIONINFO_BUILD. Probably you are trying to compile your project with wrong headers. [D:\Sandboxs\SMFC4B0_04.01.00\06_Algorithm\04_Engineering\03_Workspace\algo\fct_mo\fct_mo.sln]
d:\sandboxs\smfc4b0_04.01.00\06_algorithm\05_testing\06_test_tools\mts\include\mtsversion.h(643): fatal error C1189: #error :  The PROJECT_MTS_VERSION does not match the MTS VERSIONINFO_BUILD. Probably you are trying to compile your project with wrong headers. [D:\Sandboxs\SMFC4B0_04.01.00\06_Algorithm\04_Engineering\03_Workspace\algo\fct_mo\fct_mo.sln]
d:\sandboxs\smfc4b0_04.01.00\06_algorithm\05_testing\06_test_tools\mts\include\mtsversion.h(643): fatal error C1189: #error :  The PROJECT_MTS_VERSION does not match the MTS VERSIONINFO_BUILD. Probably you are trying to compile your project with wrong headers. [D:\Sandboxs\SMFC4B0_04.01.00\06_Algorithm\04_Engineering\03_Workspace\algo\fct_mo\fct_mo.sln]
ldi_py:
  C:\LegacyApp\VisualStudio2005\Common7\IDE\..\..\vc\vcpackages\vcbuild.exe D:\Sandboxs\SMFC4B0_04.01.00\06_Algorithm\04_Engineering\03_Workspace\algo\fct_mo\ldi_py\ldi_py.vcproj "Debug|Win32" 
Project : error PRJ0019: A tool returned an error code from "Executing tool..." [D:\Sandboxs\SMFC4B0_04.01.00\06_Algorithm\04_Engineering\03_Workspace\algo\fct_mo\fct_mo.sln]
Done Building Project "D:\Sandboxs\SMFC4B0_04.01.00\06_Algorithm\04_Engineering\03_Workspace\algo\fct_mo\fct_mo.sln" (default targets) -- FAILED.

Build FAILED.

"D:\Sandboxs\SMFC4B0_04.01.00\06_Algorithm\04_Engineering\03_Workspace\algo\fct_mo\fct_mo.sln" (default target) (1) ->
(simeasdata target) -> 
  d:\sandboxs\smfc4b0_04.01.00\06_algorithm\04_engineering\03_workspace\algo\fct_mo\simeasdata\fastsignalvalidator.h(32): warning C4996: 'IRAWDataInfo': IRAWDataInfo was declared deprecated; use IExRAWDataInfo instead! [D:\Sandboxs\SMFC4B0_04.01.00\06_Algorithm\04_Engineering\03_Workspace\algo\fct_mo\fct_mo.sln]
  d:\sandboxs\smfc4b0_04.01.00\06_algorithm\04_engineering\03_workspace\algo\fct_mo\simeasdata\fastsignalvalidator.h(231): warning C4996: 'data_package_ex': DataPackageEx_t was declared deprecated; use SDataPackageEx instead! [D:\Sandboxs\SMFC4B0_04.01.00\06_Algorithm\04_Engineering\03_Workspace\algo\fct_mo\fct_mo.sln]
  d:\sandboxs\smfc4b0_04.01.00\06_algorithm\04_engineering\03_workspace\algo\fct_mo\simeasdata\fastsignalvalidator.h(46): warning C4996: 'data_package_ex': DataPackageEx_t was declared deprecated; use SDataPackageEx instead! [D:\Sandboxs\SMFC4B0_04.01.00\06_Algorithm\04_Engineering\03_Workspace\algo\fct_mo\fct_mo.sln]
  d:\sandboxs\smfc4b0_04.01.00\06_algorithm\04_engineering\03_workspace\algo\fct_mo\simeasdata\fastsignalvalidator.h(142): warning C4996: 'IRAWDataInfo': IRAWDataInfo was declared deprecated; use IExRAWDataInfo instead! [D:\Sandboxs\SMFC4B0_04.01.00\06_Algorithm\04_Engineering\03_Workspace\algo\fct_mo\fct_mo.sln]
  d:\sandboxs\smfc4b0_04.01.00\06_algorithm\04_engineering\03_workspace\algo\fct_mo\simeasdata\fastsignalvalidator.h(169): warning C4996: 'IRAWDataInfo': IRAWDataInfo was declared deprecated; use IExRAWDataInfo instead! [D:\Sandboxs\SMFC4B0_04.01.00\06_Algorithm\04_Engineering\03_Workspace\algo\fct_mo\fct_mo.sln]
  d:\sandboxs\smfc4b0_04.01.00\06_algorithm\04_engineering\03_workspace\algo\fct_mo\simeasdata\fastsignalvalidator.h(186): warning C4996: 'SelectedSignalInfo': SelectedSignalInfo was declared deprecated; use SSelectedSignalInfo instead! [D:\Sandboxs\SMFC4B0_04.01.00\06_Algorithm\04_Engineering\03_Workspace\algo\fct_mo\fct_mo.sln]
  d:\sandboxs\smfc4b0_04.01.00\06_algorithm\04_engineering\03_workspace\algo\fct_mo\simeasdata\fastsignalvalidator.h(192): warning C4996: 'SelectedSignalInfo': SelectedSignalInfo was declared deprecated; use SSelectedSignalInfo instead! [D:\Sandboxs\SMFC4B0_04.01.00\06_Algorithm\04_Engineering\03_Workspace\algo\fct_mo\fct_mo.sln]
  d:\sandboxs\smfc4b0_04.01.00\06_algorithm\04_engineering\03_workspace\algo\fct_mo\simeasdata\fastsignalvalidator.h(207): warning C4996: 'SelectedSignalInfo': SelectedSignalInfo was declared deprecated; use SSelectedSignalInfo instead! [D:\Sandboxs\SMFC4B0_04.01.00\06_Algorithm\04_Engineering\03_Workspace\algo\fct_mo\fct_mo.sln]
  d:\sandboxs\smfc4b0_04.01.00\06_algorithm\04_engineering\03_workspace\algo\fct_mo\simeasdata\fastsignalvalidator.h(212): warning C4996: 'SelectedSignalInfo': SelectedSignalInfo was declared deprecated; use SSelectedSignalInfo instead! [D:\Sandboxs\SMFC4B0_04.01.00\06_Algorithm\04_Engineering\03_Workspace\algo\fct_mo\fct_mo.sln]
  d:\sandboxs\smfc4b0_04.01.00\06_algorithm\04_engineering\03_workspace\algo\fct_mo\simeasdata\fastsignalvalidator.h(239): warning C4996: 'IRAWDataInfo': IRAWDataInfo was declared deprecated; use IExRAWDataInfo instead! [D:\Sandboxs\SMFC4B0_04.01.00\06_Algorithm\04_Engineering\03_Workspace\algo\fct_mo\fct_mo.sln]
  d:\sandboxs\smfc4b0_04.01.00\06_algorithm\04_engineering\03_workspace\algo\fct_mo\simeasdata\fastsignalvalidator.h(243): warning C4996: 'data_package_ex': DataPackageEx_t was declared deprecated; use SDataPackageEx instead! [D:\Sandboxs\SMFC4B0_04.01.00\06_Algorithm\04_Engineering\03_Workspace\algo\fct_mo\fct_mo.sln]
  d:\sandboxs\smfc4b0_04.01.00\06_algorithm\04_engineering\03_workspace\algo\fct_mo\simeasdata\fastsignalvalidator.h(283): warning C4996: 'IRAWDataInfo::GetInfo': IRAWDataInfo was declared deprecated; use IExRAWDataInfo instead! [D:\Sandboxs\SMFC4B0_04.01.00\06_Algorithm\04_Engineering\03_Workspace\algo\fct_mo\fct_mo.sln]
  d:\sandboxs\smfc4b0_04.01.00\06_algorithm\04_engineering\03_workspace\algo\fct_mo\simeasdata\fastsignalvalidator.h(319): warning C4996: 'data_package_ex': DataPackageEx_t was declared deprecated; use SDataPackageEx instead! [D:\Sandboxs\SMFC4B0_04.01.00\06_Algorithm\04_Engineering\03_Workspace\algo\fct_mo\fct_mo.sln]
  d:\sandboxs\smfc4b0_04.01.00\06_algorithm\04_engineering\03_workspace\algo\fct_mo\simeasdata\measvisualization.h(62): warning C4996: 'data_package_ex': DataPackageEx_t was declared deprecated; use SDataPackageEx instead! [D:\Sandboxs\SMFC4B0_04.01.00\06_Algorithm\04_Engineering\03_Workspace\algo\fct_mo\fct_mo.sln]
  d:\sandboxs\smfc4b0_04.01.00\06_algorithm\04_engineering\03_workspace\algo\fct_mo\simeasdata\measvisualization.h(170): warning C4996: 'data_package_ex': DataPackageEx_t was declared deprecated; use SDataPackageEx instead! [D:\Sandboxs\SMFC4B0_04.01.00\06_Algorithm\04_Engineering\03_Workspace\algo\fct_mo\fct_mo.sln]
  d:\sandboxs\smfc4b0_04.01.00\06_algorithm\04_engineering\03_workspace\algo\fct_mo\simeasdata\measvisualization.cpp(23): warning C4407: cast between different pointer to member representations, compiler may generate incorrect code [D:\Sandboxs\SMFC4B0_04.01.00\06_Algorithm\04_Engineering\03_Workspace\algo\fct_mo\fct_mo.sln]
  d:\sandboxs\smfc4b0_04.01.00\06_algorithm\04_engineering\03_workspace\algo\fct_mo\simeasdata\measvisualization.cpp(24): warning C4407: cast between different pointer to member representations, compiler may generate incorrect code [D:\Sandboxs\SMFC4B0_04.01.00\06_Algorithm\04_Engineering\03_Workspace\algo\fct_mo\fct_mo.sln]
  d:\sandboxs\smfc4b0_04.01.00\06_algorithm\04_engineering\03_workspace\algo\fct_mo\simeasdata\measvisualization.cpp(346): warning C4996: 'data_package_ex': DataPackageEx_t was declared deprecated; use SDataPackageEx instead! [D:\Sandboxs\SMFC4B0_04.01.00\06_Algorithm\04_Engineering\03_Workspace\algo\fct_mo\fct_mo.sln]
  d:\sandboxs\smfc4b0_04.01.00\06_algorithm\04_engineering\03_workspace\algo\fct_mo\simeasdata\measvisualization.cpp(478): warning C4065: switch statement contains 'default' but no 'case' labels [D:\Sandboxs\SMFC4B0_04.01.00\06_Algorithm\04_Engineering\03_Workspace\algo\fct_mo\fct_mo.sln]
  d:\sandboxs\smfc4b0_04.01.00\06_algorithm\04_engineering\03_workspace\algo\fct_mo\simeasdata\measvisualization.cpp(591): warning C4065: switch statement contains 'default' but no 'case' labels [D:\Sandboxs\SMFC4B0_04.01.00\06_Algorithm\04_Engineering\03_Workspace\algo\fct_mo\fct_mo.sln]
  d:\sandboxs\smfc4b0_04.01.00\06_algorithm\04_engineering\03_workspace\algo\fct_mo\simeasdata\fastsignalvalidator.h(32): warning C4996: 'IRAWDataInfo': IRAWDataInfo was declared deprecated; use IExRAWDataInfo instead! [D:\Sandboxs\SMFC4B0_04.01.00\06_Algorithm\04_Engineering\03_Workspace\algo\fct_mo\fct_mo.sln]
  d:\sandboxs\smfc4b0_04.01.00\06_algorithm\04_engineering\03_workspace\algo\fct_mo\simeasdata\fastsignalvalidator.h(231): warning C4996: 'data_package_ex': DataPackageEx_t was declared deprecated; use SDataPackageEx instead! [D:\Sandboxs\SMFC4B0_04.01.00\06_Algorithm\04_Engineering\03_Workspace\algo\fct_mo\fct_mo.sln]
  d:\sandboxs\smfc4b0_04.01.00\06_algorithm\04_engineering\03_workspace\algo\fct_mo\simeasdata\fastsignalvalidator.h(46): warning C4996: 'data_package_ex': DataPackageEx_t was declared deprecated; use SDataPackageEx instead! [D:\Sandboxs\SMFC4B0_04.01.00\06_Algorithm\04_Engineering\03_Workspace\algo\fct_mo\fct_mo.sln]
  d:\sandboxs\smfc4b0_04.01.00\06_algorithm\04_engineering\03_workspace\algo\fct_mo\simeasdata\fastsignalvalidator.h(142): warning C4996: 'IRAWDataInfo': IRAWDataInfo was declared deprecated; use IExRAWDataInfo instead! [D:\Sandboxs\SMFC4B0_04.01.00\06_Algorithm\04_Engineering\03_Workspace\algo\fct_mo\fct_mo.sln]
  d:\sandboxs\smfc4b0_04.01.00\06_algorithm\04_engineering\03_workspace\algo\fct_mo\simeasdata\fastsignalvalidator.h(169): warning C4996: 'IRAWDataInfo': IRAWDataInfo was declared deprecated; use IExRAWDataInfo instead! [D:\Sandboxs\SMFC4B0_04.01.00\06_Algorithm\04_Engineering\03_Workspace\algo\fct_mo\fct_mo.sln]
  d:\sandboxs\smfc4b0_04.01.00\06_algorithm\04_engineering\03_workspace\algo\fct_mo\simeasdata\fastsignalvalidator.h(186): warning C4996: 'SelectedSignalInfo': SelectedSignalInfo was declared deprecated; use SSelectedSignalInfo instead! [D:\Sandboxs\SMFC4B0_04.01.00\06_Algorithm\04_Engineering\03_Workspace\algo\fct_mo\fct_mo.sln]
  d:\sandboxs\smfc4b0_04.01.00\06_algorithm\04_engineering\03_workspace\algo\fct_mo\simeasdata\fastsignalvalidator.h(192): warning C4996: 'SelectedSignalInfo': SelectedSignalInfo was declared deprecated; use SSelectedSignalInfo instead! [D:\Sandboxs\SMFC4B0_04.01.00\06_Algorithm\04_Engineering\03_Workspace\algo\fct_mo\fct_mo.sln]
  d:\sandboxs\smfc4b0_04.01.00\06_algorithm\04_engineering\03_workspace\algo\fct_mo\simeasdata\fastsignalvalidator.h(207): warning C4996: 'SelectedSignalInfo': SelectedSignalInfo was declared deprecated; use SSelectedSignalInfo instead! [D:\Sandboxs\SMFC4B0_04.01.00\06_Algorithm\04_Engineering\03_Workspace\algo\fct_mo\fct_mo.sln]
  d:\sandboxs\smfc4b0_04.01.00\06_algorithm\04_engineering\03_workspace\algo\fct_mo\simeasdata\fastsignalvalidator.h(212): warning C4996: 'SelectedSignalInfo': SelectedSignalInfo was declared deprecated; use SSelectedSignalInfo instead! [D:\Sandboxs\SMFC4B0_04.01.00\06_Algorithm\04_Engineering\03_Workspace\algo\fct_mo\fct_mo.sln]
  d:\sandboxs\smfc4b0_04.01.00\06_algorithm\04_engineering\03_workspace\algo\fct_mo\simeasdata\fastsignalvalidator.h(239): warning C4996: 'IRAWDataInfo': IRAWDataInfo was declared deprecated; use IExRAWDataInfo instead! [D:\Sandboxs\SMFC4B0_04.01.00\06_Algorithm\04_Engineering\03_Workspace\algo\fct_mo\fct_mo.sln]
  d:\sandboxs\smfc4b0_04.01.00\06_algorithm\04_engineering\03_workspace\algo\fct_mo\simeasdata\fastsignalvalidator.h(243): warning C4996: 'data_package_ex': DataPackageEx_t was declared deprecated; use SDataPackageEx instead! [D:\Sandboxs\SMFC4B0_04.01.00\06_Algorithm\04_Engineering\03_Workspace\algo\fct_mo\fct_mo.sln]
  d:\sandboxs\smfc4b0_04.01.00\06_algorithm\04_engineering\03_workspace\algo\fct_mo\simeasdata\fastsignalvalidator.h(283): warning C4996: 'IRAWDataInfo::GetInfo': IRAWDataInfo was declared deprecated; use IExRAWDataInfo instead! [D:\Sandboxs\SMFC4B0_04.01.00\06_Algorithm\04_Engineering\03_Workspace\algo\fct_mo\fct_mo.sln]
  d:\sandboxs\smfc4b0_04.01.00\06_algorithm\04_engineering\03_workspace\algo\fct_mo\simeasdata\fastsignalvalidator.h(319): warning C4996: 'data_package_ex': DataPackageEx_t was declared deprecated; use SDataPackageEx instead! [D:\Sandboxs\SMFC4B0_04.01.00\06_Algorithm\04_Engineering\03_Workspace\algo\fct_mo\fct_mo.sln]
  d:\sandboxs\smfc4b0_04.01.00\06_algorithm\04_engineering\03_workspace\algo\fct_mo\simeasdata\measvisualization.h(62): warning C4996: 'data_package_ex': DataPackageEx_t was declared deprecated; use SDataPackageEx instead! [D:\Sandboxs\SMFC4B0_04.01.00\06_Algorithm\04_Engineering\03_Workspace\algo\fct_mo\fct_mo.sln]
  d:\sandboxs\smfc4b0_04.01.00\06_algorithm\04_engineering\03_workspace\algo\fct_mo\simeasdata\measvisualization.h(170): warning C4996: 'data_package_ex': DataPackageEx_t was declared deprecated; use SDataPackageEx instead! [D:\Sandboxs\SMFC4B0_04.01.00\06_Algorithm\04_Engineering\03_Workspace\algo\fct_mo\fct_mo.sln]
  d:\sandboxs\smfc4b0_04.01.00\06_algorithm\04_engineering\03_workspace\algo\fct_mo\simeasdata\simeasdata.cpp(15): warning C4407: cast between different pointer to member representations, compiler may generate incorrect code [D:\Sandboxs\SMFC4B0_04.01.00\06_Algorithm\04_Engineering\03_Workspace\algo\fct_mo\fct_mo.sln]
  d:\sandboxs\smfc4b0_04.01.00\06_algorithm\04_engineering\03_workspace\algo\fct_mo\simeasdata\simeasdata.cpp(15): warning C4407: cast between different pointer to member representations, compiler may generate incorrect code [D:\Sandboxs\SMFC4B0_04.01.00\06_Algorithm\04_Engineering\03_Workspace\algo\fct_mo\fct_mo.sln]
  d:\sandboxs\smfc4b0_04.01.00\06_algorithm\04_engineering\03_workspace\algo\fct_mo\simeasdata\simeasdata.cpp(15): warning C4407: cast between different pointer to member representations, compiler may generate incorrect code [D:\Sandboxs\SMFC4B0_04.01.00\06_Algorithm\04_Engineering\03_Workspace\algo\fct_mo\fct_mo.sln]
  d:\sandboxs\smfc4b0_04.01.00\06_algorithm\04_engineering\03_workspace\algo\fct_mo\simeasdata\simeasdata.cpp(15): warning C4407: cast between different pointer to member representations, compiler may generate incorrect code [D:\Sandboxs\SMFC4B0_04.01.00\06_Algorithm\04_Engineering\03_Workspace\algo\fct_mo\fct_mo.sln]


"D:\Sandboxs\SMFC4B0_04.01.00\06_Algorithm\04_Engineering\03_Workspace\algo\fct_mo\fct_mo.sln" (default target) (1) ->
(simeasdata_gdv_plg target) -> 
  Project : warning PRJ0018: The following environment variables were not found: [D:\Sandboxs\SMFC4B0_04.01.00\06_Algorithm\04_Engineering\03_Workspace\algo\fct_mo\fct_mo.sln]


"D:\Sandboxs\SMFC4B0_04.01.00\06_Algorithm\04_Engineering\03_Workspace\algo\fct_mo\fct_mo.sln" (default target) (1) ->
(simeasdata target) -> 
  d:\sandboxs\smfc4b0_04.01.00\06_algorithm\04_engineering\03_workspace\algo\fct_mo\simeasdata\measvisualization.h(133): error C2065: 'OBJ_NUMBER_LENGTH_OF_OOI_LIST' : undeclared identifier [D:\Sandboxs\SMFC4B0_04.01.00\06_Algorithm\04_Engineering\03_Workspace\algo\fct_mo\fct_mo.sln]
  d:\sandboxs\smfc4b0_04.01.00\06_algorithm\04_engineering\03_workspace\algo\fct_mo\simeasdata\measvisualization.h(144): error C2065: 'NUMBER_OF_OBJECTS_' : undeclared identifier [D:\Sandboxs\SMFC4B0_04.01.00\06_Algorithm\04_Engineering\03_Workspace\algo\fct_mo\fct_mo.sln]
  d:\sandboxs\smfc4b0_04.01.00\06_algorithm\04_engineering\03_workspace\algo\fct_mo\simeasdata\measvisualization.cpp(430): error C2065: 'OBJCLASS_UNCLASSIFIED' : undeclared identifier [D:\Sandboxs\SMFC4B0_04.01.00\06_Algorithm\04_Engineering\03_Workspace\algo\fct_mo\fct_mo.sln]
  d:\sandboxs\smfc4b0_04.01.00\06_algorithm\04_engineering\03_workspace\algo\fct_mo\simeasdata\measvisualization.cpp(430): error C2051: case expression not constant [D:\Sandboxs\SMFC4B0_04.01.00\06_Algorithm\04_Engineering\03_Workspace\algo\fct_mo\fct_mo.sln]
  d:\sandboxs\smfc4b0_04.01.00\06_algorithm\04_engineering\03_workspace\algo\fct_mo\simeasdata\measvisualization.cpp(433): error C2065: 'OBJCLASS_CAR' : undeclared identifier [D:\Sandboxs\SMFC4B0_04.01.00\06_Algorithm\04_Engineering\03_Workspace\algo\fct_mo\fct_mo.sln]
  d:\sandboxs\smfc4b0_04.01.00\06_algorithm\04_engineering\03_workspace\algo\fct_mo\simeasdata\measvisualization.cpp(433): error C2051: case expression not constant [D:\Sandboxs\SMFC4B0_04.01.00\06_Algorithm\04_Engineering\03_Workspace\algo\fct_mo\fct_mo.sln]
  d:\sandboxs\smfc4b0_04.01.00\06_algorithm\04_engineering\03_workspace\algo\fct_mo\simeasdata\measvisualization.cpp(436): error C2065: 'OBJCLASS_TRUCK' : undeclared identifier [D:\Sandboxs\SMFC4B0_04.01.00\06_Algorithm\04_Engineering\03_Workspace\algo\fct_mo\fct_mo.sln]
  d:\sandboxs\smfc4b0_04.01.00\06_algorithm\04_engineering\03_workspace\algo\fct_mo\simeasdata\measvisualization.cpp(436): error C2051: case expression not constant [D:\Sandboxs\SMFC4B0_04.01.00\06_Algorithm\04_Engineering\03_Workspace\algo\fct_mo\fct_mo.sln]
  d:\sandboxs\smfc4b0_04.01.00\06_algorithm\04_engineering\03_workspace\algo\fct_mo\simeasdata\measvisualization.cpp(439): error C2065: 'OBJCLASS_MOTORCYCLE' : undeclared identifier [D:\Sandboxs\SMFC4B0_04.01.00\06_Algorithm\04_Engineering\03_Workspace\algo\fct_mo\fct_mo.sln]
  d:\sandboxs\smfc4b0_04.01.00\06_algorithm\04_engineering\03_workspace\algo\fct_mo\simeasdata\measvisualization.cpp(439): error C2051: case expression not constant [D:\Sandboxs\SMFC4B0_04.01.00\06_Algorithm\04_Engineering\03_Workspace\algo\fct_mo\fct_mo.sln]
  d:\sandboxs\smfc4b0_04.01.00\06_algorithm\04_engineering\03_workspace\algo\fct_mo\simeasdata\measvisualization.cpp(442): error C2065: 'OBJCLASS_PEDESTRIAN' : undeclared identifier [D:\Sandboxs\SMFC4B0_04.01.00\06_Algorithm\04_Engineering\03_Workspace\algo\fct_mo\fct_mo.sln]
  d:\sandboxs\smfc4b0_04.01.00\06_algorithm\04_engineering\03_workspace\algo\fct_mo\simeasdata\measvisualization.cpp(442): error C2051: case expression not constant [D:\Sandboxs\SMFC4B0_04.01.00\06_Algorithm\04_Engineering\03_Workspace\algo\fct_mo\fct_mo.sln]
  d:\sandboxs\smfc4b0_04.01.00\06_algorithm\04_engineering\03_workspace\algo\fct_mo\simeasdata\measvisualization.cpp(452): error C2065: 'OBJCLASS_WIDE' : undeclared identifier [D:\Sandboxs\SMFC4B0_04.01.00\06_Algorithm\04_Engineering\03_Workspace\algo\fct_mo\fct_mo.sln]
  d:\sandboxs\smfc4b0_04.01.00\06_algorithm\04_engineering\03_workspace\algo\fct_mo\simeasdata\measvisualization.cpp(452): error C2051: case expression not constant [D:\Sandboxs\SMFC4B0_04.01.00\06_Algorithm\04_Engineering\03_Workspace\algo\fct_mo\fct_mo.sln]
  d:\sandboxs\smfc4b0_04.01.00\06_algorithm\04_engineering\03_workspace\algo\fct_mo\simeasdata\measvisualization.cpp(455): error C2065: 'OBJCLASS_POINT' : undeclared identifier [D:\Sandboxs\SMFC4B0_04.01.00\06_Algorithm\04_Engineering\03_Workspace\algo\fct_mo\fct_mo.sln]
  d:\sandboxs\smfc4b0_04.01.00\06_algorithm\04_engineering\03_workspace\algo\fct_mo\simeasdata\measvisualization.cpp(455): error C2051: case expression not constant [D:\Sandboxs\SMFC4B0_04.01.00\06_Algorithm\04_Engineering\03_Workspace\algo\fct_mo\fct_mo.sln]
  d:\sandboxs\smfc4b0_04.01.00\06_algorithm\04_engineering\03_workspace\algo\fct_mo\simeasdata\measvisualization.cpp(458): error C2065: 'OBJCLASS_BICYCLE' : undeclared identifier [D:\Sandboxs\SMFC4B0_04.01.00\06_Algorithm\04_Engineering\03_Workspace\algo\fct_mo\fct_mo.sln]
  d:\sandboxs\smfc4b0_04.01.00\06_algorithm\04_engineering\03_workspace\algo\fct_mo\simeasdata\measvisualization.cpp(458): error C2051: case expression not constant [D:\Sandboxs\SMFC4B0_04.01.00\06_Algorithm\04_Engineering\03_Workspace\algo\fct_mo\fct_mo.sln]
  d:\sandboxs\smfc4b0_04.01.00\06_algorithm\04_engineering\03_workspace\algo\fct_mo\simeasdata\measvisualization.cpp(558): error C2065: 'GDB_OBJECT_SUBPROP_CROSSING' : undeclared identifier [D:\Sandboxs\SMFC4B0_04.01.00\06_Algorithm\04_Engineering\03_Workspace\algo\fct_mo\fct_mo.sln]
  d:\sandboxs\smfc4b0_04.01.00\06_algorithm\04_engineering\03_workspace\algo\fct_mo\simeasdata\measvisualization.cpp(558): error C2065: 'OBJECT_PROPERTY_STATIONARY' : undeclared identifier [D:\Sandboxs\SMFC4B0_04.01.00\06_Algorithm\04_Engineering\03_Workspace\algo\fct_mo\fct_mo.sln]
  d:\sandboxs\smfc4b0_04.01.00\06_algorithm\04_engineering\03_workspace\algo\fct_mo\simeasdata\measvisualization.cpp(562): error C2065: 'OBJECT_PROPERTY_ONCOMING' : undeclared identifier [D:\Sandboxs\SMFC4B0_04.01.00\06_Algorithm\04_Engineering\03_Workspace\algo\fct_mo\fct_mo.sln]
  d:\sandboxs\smfc4b0_04.01.00\06_algorithm\04_engineering\03_workspace\algo\fct_mo\simeasdata\measvisualization.cpp(562): error C2051: case expression not constant [D:\Sandboxs\SMFC4B0_04.01.00\06_Algorithm\04_Engineering\03_Workspace\algo\fct_mo\fct_mo.sln]
  d:\sandboxs\smfc4b0_04.01.00\06_algorithm\04_engineering\03_workspace\algo\fct_mo\simeasdata\measvisualization.cpp(566): error C2065: 'OBJECT_PROPERTY_MOVING' : undeclared identifier [D:\Sandboxs\SMFC4B0_04.01.00\06_Algorithm\04_Engineering\03_Workspace\algo\fct_mo\fct_mo.sln]
  d:\sandboxs\smfc4b0_04.01.00\06_algorithm\04_engineering\03_workspace\algo\fct_mo\simeasdata\measvisualization.cpp(566): error C2051: case expression not constant [D:\Sandboxs\SMFC4B0_04.01.00\06_Algorithm\04_Engineering\03_Workspace\algo\fct_mo\fct_mo.sln]
  d:\sandboxs\smfc4b0_04.01.00\06_algorithm\04_engineering\03_workspace\algo\fct_mo\simeasdata\measvisualization.cpp(570): error C2051: case expression not constant [D:\Sandboxs\SMFC4B0_04.01.00\06_Algorithm\04_Engineering\03_Workspace\algo\fct_mo\fct_mo.sln]
  d:\sandboxs\smfc4b0_04.01.00\06_algorithm\04_engineering\03_workspace\algo\fct_mo\simeasdata\measvisualization.h(133): error C2065: 'OBJ_NUMBER_LENGTH_OF_OOI_LIST' : undeclared identifier [D:\Sandboxs\SMFC4B0_04.01.00\06_Algorithm\04_Engineering\03_Workspace\algo\fct_mo\fct_mo.sln]
  d:\sandboxs\smfc4b0_04.01.00\06_algorithm\04_engineering\03_workspace\algo\fct_mo\simeasdata\measvisualization.h(144): error C2065: 'NUMBER_OF_OBJECTS_' : undeclared identifier [D:\Sandboxs\SMFC4B0_04.01.00\06_Algorithm\04_Engineering\03_Workspace\algo\fct_mo\fct_mo.sln]


"D:\Sandboxs\SMFC4B0_04.01.00\06_Algorithm\04_Engineering\03_Workspace\algo\fct_mo\fct_mo.sln" (default target) (1) ->
(AccObjView target) -> 
  d:\sandboxs\smfc4b0_04.01.00\06_algorithm\04_engineering\03_workspace\algo\fct_mo\shared\EgoSubPos.h(13): fatal error C1083: Cannot open include file: 'SVL/svl.h': No such file or directory [D:\Sandboxs\SMFC4B0_04.01.00\06_Algorithm\04_Engineering\03_Workspace\algo\fct_mo\fct_mo.sln]
  d:\sandboxs\smfc4b0_04.01.00\06_algorithm\04_engineering\03_workspace\algo\fct_mo\shared\EgoSubPos.h(13): fatal error C1083: Cannot open include file: 'SVL/svl.h': No such file or directory [D:\Sandboxs\SMFC4B0_04.01.00\06_Algorithm\04_Engineering\03_Workspace\algo\fct_mo\fct_mo.sln]
  d:\Sandboxs\SMFC4B0_04.01.00\06_Algorithm\04_Engineering\03_Workspace\algo\fct_mo\shared\SimpUtil.h(13): fatal error C1083: Cannot open include file: 'SVL/svl.h': No such file or directory [D:\Sandboxs\SMFC4B0_04.01.00\06_Algorithm\04_Engineering\03_Workspace\algo\fct_mo\fct_mo.sln]
  d:\sandboxs\smfc4b0_04.01.00\06_algorithm\04_engineering\03_workspace\algo\fct_mo\shared\EgoSubPos.h(13): fatal error C1083: Cannot open include file: 'SVL/svl.h': No such file or directory [D:\Sandboxs\SMFC4B0_04.01.00\06_Algorithm\04_Engineering\03_Workspace\algo\fct_mo\fct_mo.sln]
  d:\sandboxs\smfc4b0_04.01.00\06_algorithm\04_engineering\03_workspace\algo\fct_mo\shared\EgoSubPos.h(13): fatal error C1083: Cannot open include file: 'SVL/svl.h': No such file or directory [D:\Sandboxs\SMFC4B0_04.01.00\06_Algorithm\04_Engineering\03_Workspace\algo\fct_mo\fct_mo.sln]
  d:\sandboxs\smfc4b0_04.01.00\06_algorithm\04_engineering\03_workspace\algo\fct_mo\shared\EgoSubPos.h(13): fatal error C1083: Cannot open include file: 'SVL/svl.h': No such file or directory [D:\Sandboxs\SMFC4B0_04.01.00\06_Algorithm\04_Engineering\03_Workspace\algo\fct_mo\fct_mo.sln]
  d:\sandboxs\smfc4b0_04.01.00\06_algorithm\04_engineering\03_workspace\algo\fct_mo\shared\EgoSubPos.h(13): fatal error C1083: Cannot open include file: 'SVL/svl.h': No such file or directory [D:\Sandboxs\SMFC4B0_04.01.00\06_Algorithm\04_Engineering\03_Workspace\algo\fct_mo\fct_mo.sln]
  d:\sandboxs\smfc4b0_04.01.00\06_algorithm\04_engineering\03_workspace\algo\fct_mo\shared\EgoSubPos.h(13): fatal error C1083: Cannot open include file: 'SVL/svl.h': No such file or directory [D:\Sandboxs\SMFC4B0_04.01.00\06_Algorithm\04_Engineering\03_Workspace\algo\fct_mo\fct_mo.sln]
  d:\Sandboxs\SMFC4B0_04.01.00\06_Algorithm\04_Engineering\03_Workspace\algo\fct_mo\shared\SimpUtil.h(13): fatal error C1083: Cannot open include file: 'SVL/svl.h': No such file or directory [D:\Sandboxs\SMFC4B0_04.01.00\06_Algorithm\04_Engineering\03_Workspace\algo\fct_mo\fct_mo.sln]
  d:\Sandboxs\SMFC4B0_04.01.00\06_Algorithm\04_Engineering\03_Workspace\algo\fct_mo\shared\SimpUtil.h(13): fatal error C1083: Cannot open include file: 'SVL/svl.h': No such file or directory [D:\Sandboxs\SMFC4B0_04.01.00\06_Algorithm\04_Engineering\03_Workspace\algo\fct_mo\fct_mo.sln]


"D:\Sandboxs\SMFC4B0_04.01.00\06_Algorithm\04_Engineering\03_Workspace\algo\fct_mo\fct_mo.sln" (default target) (1) ->
(AccViewer target) -> 
  d:\sandboxs\smfc4b0_04.01.00\06_algorithm\04_engineering\03_workspace\algo\fct_mo\accviewer\stdafx.h(33): fatal error C1083: Cannot open include file: 'microsoft/targetsxs.h': No such file or directory [D:\Sandboxs\SMFC4B0_04.01.00\06_Algorithm\04_Engineering\03_Workspace\algo\fct_mo\fct_mo.sln]


"D:\Sandboxs\SMFC4B0_04.01.00\06_Algorithm\04_Engineering\03_Workspace\algo\fct_mo\fct_mo.sln" (default target) (1) ->
(BinBasicInfo target) -> 
  d:\sandboxs\smfc4b0_04.01.00\06_algorithm\04_engineering\03_workspace\algo\fct_mo\shared\simputil.h(13): fatal error C1083: Cannot open include file: 'SVL/svl.h': No such file or directory [D:\Sandboxs\SMFC4B0_04.01.00\06_Algorithm\04_Engineering\03_Workspace\algo\fct_mo\fct_mo.sln]
  d:\sandboxs\smfc4b0_04.01.00\06_algorithm\04_engineering\03_workspace\algo\fct_mo\shared\egosubpos.h(13): fatal error C1083: Cannot open include file: 'SVL/svl.h': No such file or directory [D:\Sandboxs\SMFC4B0_04.01.00\06_Algorithm\04_Engineering\03_Workspace\algo\fct_mo\fct_mo.sln]
  c1xx : fatal error C1083: Cannot open source file: '..\..\externals\binreader\binreader.cpp': No such file or directory [D:\Sandboxs\SMFC4B0_04.01.00\06_Algorithm\04_Engineering\03_Workspace\algo\fct_mo\fct_mo.sln]
  d:\sandboxs\smfc4b0_04.01.00\06_algorithm\04_engineering\03_workspace\algo\fct_mo\shared\egosubpos.h(13): fatal error C1083: Cannot open include file: 'SVL/svl.h': No such file or directory [D:\Sandboxs\SMFC4B0_04.01.00\06_Algorithm\04_Engineering\03_Workspace\algo\fct_mo\fct_mo.sln]
  d:\sandboxs\smfc4b0_04.01.00\06_algorithm\04_engineering\03_workspace\algo\fct_mo\shared\egosubpos.h(13): fatal error C1083: Cannot open include file: 'SVL/svl.h': No such file or directory [D:\Sandboxs\SMFC4B0_04.01.00\06_Algorithm\04_Engineering\03_Workspace\algo\fct_mo\fct_mo.sln]
  d:\sandboxs\smfc4b0_04.01.00\06_algorithm\04_engineering\03_workspace\algo\fct_mo\shared\egosubpos.h(13): fatal error C1083: Cannot open include file: 'SVL/svl.h': No such file or directory [D:\Sandboxs\SMFC4B0_04.01.00\06_Algorithm\04_Engineering\03_Workspace\algo\fct_mo\fct_mo.sln]
  d:\sandboxs\smfc4b0_04.01.00\06_algorithm\04_engineering\03_workspace\algo\fct_mo\shared\egosubpos.h(13): fatal error C1083: Cannot open include file: 'SVL/svl.h': No such file or directory [D:\Sandboxs\SMFC4B0_04.01.00\06_Algorithm\04_Engineering\03_Workspace\algo\fct_mo\fct_mo.sln]
  d:\sandboxs\smfc4b0_04.01.00\06_algorithm\04_engineering\03_workspace\algo\fct_mo\shared\simputil.h(13): fatal error C1083: Cannot open include file: 'SVL/svl.h': No such file or directory [D:\Sandboxs\SMFC4B0_04.01.00\06_Algorithm\04_Engineering\03_Workspace\algo\fct_mo\fct_mo.sln]
  d:\sandboxs\smfc4b0_04.01.00\06_algorithm\04_engineering\03_workspace\algo\fct_mo\shared\gexdataintf.cpp(47): fatal error C1083: Cannot open include file: 'binreader.h': No such file or directory [D:\Sandboxs\SMFC4B0_04.01.00\06_Algorithm\04_Engineering\03_Workspace\algo\fct_mo\fct_mo.sln]
  d:\sandboxs\smfc4b0_04.01.00\06_algorithm\04_engineering\03_workspace\algo\fct_mo\shared\egosubpos.h(13): fatal error C1083: Cannot open include file: 'SVL/svl.h': No such file or directory [D:\Sandboxs\SMFC4B0_04.01.00\06_Algorithm\04_Engineering\03_Workspace\algo\fct_mo\fct_mo.sln]
  d:\sandboxs\smfc4b0_04.01.00\06_algorithm\04_engineering\03_workspace\algo\fct_mo\shared\egosubpos.h(13): fatal error C1083: Cannot open include file: 'SVL/svl.h': No such file or directory [D:\Sandboxs\SMFC4B0_04.01.00\06_Algorithm\04_Engineering\03_Workspace\algo\fct_mo\fct_mo.sln]
  d:\sandboxs\smfc4b0_04.01.00\06_algorithm\04_engineering\03_workspace\algo\fct_mo\shared\egosubpos.h(13): fatal error C1083: Cannot open include file: 'SVL/svl.h': No such file or directory [D:\Sandboxs\SMFC4B0_04.01.00\06_Algorithm\04_Engineering\03_Workspace\algo\fct_mo\fct_mo.sln]
  d:\sandboxs\smfc4b0_04.01.00\06_algorithm\04_engineering\03_workspace\algo\fct_mo\shared\simputil.h(13): fatal error C1083: Cannot open include file: 'SVL/svl.h': No such file or directory [D:\Sandboxs\SMFC4B0_04.01.00\06_Algorithm\04_Engineering\03_Workspace\algo\fct_mo\fct_mo.sln]
  d:\sandboxs\smfc4b0_04.01.00\06_algorithm\04_engineering\03_workspace\algo\fct_mo\shared\simputil.h(13): fatal error C1083: Cannot open include file: 'SVL/svl.h': No such file or directory [D:\Sandboxs\SMFC4B0_04.01.00\06_Algorithm\04_Engineering\03_Workspace\algo\fct_mo\fct_mo.sln]
  d:\sandboxs\smfc4b0_04.01.00\06_algorithm\04_engineering\03_workspace\algo\fct_mo\shared\simputil.h(13): fatal error C1083: Cannot open include file: 'SVL/svl.h': No such file or directory [D:\Sandboxs\SMFC4B0_04.01.00\06_Algorithm\04_Engineering\03_Workspace\algo\fct_mo\fct_mo.sln]
  d:\sandboxs\smfc4b0_04.01.00\06_algorithm\04_engineering\03_workspace\algo\fct_mo\shared\egosubpos.h(13): fatal error C1083: Cannot open include file: 'SVL/svl.h': No such file or directory [D:\Sandboxs\SMFC4B0_04.01.00\06_Algorithm\04_Engineering\03_Workspace\algo\fct_mo\fct_mo.sln]
  d:\sandboxs\smfc4b0_04.01.00\06_algorithm\04_engineering\03_workspace\algo\fct_mo\shared\egosubpos.h(13): fatal error C1083: Cannot open include file: 'SVL/svl.h': No such file or directory [D:\Sandboxs\SMFC4B0_04.01.00\06_Algorithm\04_Engineering\03_Workspace\algo\fct_mo\fct_mo.sln]
  d:\sandboxs\smfc4b0_04.01.00\06_algorithm\04_engineering\03_workspace\algo\fct_mo\shared\simputil.h(13): fatal error C1083: Cannot open include file: 'SVL/svl.h': No such file or directory [D:\Sandboxs\SMFC4B0_04.01.00\06_Algorithm\04_Engineering\03_Workspace\algo\fct_mo\fct_mo.sln]


"D:\Sandboxs\SMFC4B0_04.01.00\06_Algorithm\04_Engineering\03_Workspace\algo\fct_mo\fct_mo.sln" (default target) (1) ->
(simeasdata_gdv_plg target) -> 
  d:\sandboxs\smfc4b0_04.01.00\06_algorithm\04_engineering\03_workspace\algo\fct_mo\simeasdata_gdv_plg\stdafx.h(48): fatal error C1083: Cannot open include file: 'atlapp.h': No such file or directory [D:\Sandboxs\SMFC4B0_04.01.00\06_Algorithm\04_Engineering\03_Workspace\algo\fct_mo\fct_mo.sln]
  d:\sandboxs\smfc4b0_04.01.00\06_algorithm\04_engineering\03_workspace\algo\fct_mo\simeasdata_gdv_plg\stdafx.h(48): fatal error C1083: Cannot open include file: 'atlapp.h': No such file or directory [D:\Sandboxs\SMFC4B0_04.01.00\06_Algorithm\04_Engineering\03_Workspace\algo\fct_mo\fct_mo.sln]
  d:\sandboxs\smfc4b0_04.01.00\06_algorithm\04_engineering\03_workspace\algo\fct_mo\simeasdata_gdv_plg\stdafx.h(48): fatal error C1083: Cannot open include file: 'atlapp.h': No such file or directory [D:\Sandboxs\SMFC4B0_04.01.00\06_Algorithm\04_Engineering\03_Workspace\algo\fct_mo\fct_mo.sln]
  d:\sandboxs\smfc4b0_04.01.00\06_algorithm\04_engineering\03_workspace\algo\fct_mo\simeasdata_gdv_plg\stdafx.h(48): fatal error C1083: Cannot open include file: 'atlapp.h': No such file or directory [D:\Sandboxs\SMFC4B0_04.01.00\06_Algorithm\04_Engineering\03_Workspace\algo\fct_mo\fct_mo.sln]
  BSCMAKE : error BK1506: cannot open file '.\Debug\simeasdata_gdv_plgdll.sbr': No such file or directory [D:\Sandboxs\SMFC4B0_04.01.00\06_Algorithm\04_Engineering\03_Workspace\algo\fct_mo\fct_mo.sln]


"D:\Sandboxs\SMFC4B0_04.01.00\06_Algorithm\04_Engineering\03_Workspace\algo\fct_mo\fct_mo.sln" (default target) (1) ->
(bin_cmp target) -> 
  d:\sandboxs\smfc4b0_04.01.00\06_algorithm\04_engineering\03_workspace\algo\fct_mo\shared\simputil.h(13): fatal error C1083: Cannot open include file: 'SVL/svl.h': No such file or directory [D:\Sandboxs\SMFC4B0_04.01.00\06_Algorithm\04_Engineering\03_Workspace\algo\fct_mo\fct_mo.sln]
  d:\sandboxs\smfc4b0_04.01.00\06_algorithm\04_engineering\03_workspace\algo\fct_mo\shared\simputil.h(13): fatal error C1083: Cannot open include file: 'SVL/svl.h': No such file or directory [D:\Sandboxs\SMFC4B0_04.01.00\06_Algorithm\04_Engineering\03_Workspace\algo\fct_mo\fct_mo.sln]


"D:\Sandboxs\SMFC4B0_04.01.00\06_Algorithm\04_Engineering\03_Workspace\algo\fct_mo\fct_mo.sln" (default target) (1) ->
(GexDataSource target) -> 
  d:\sandboxs\smfc4b0_04.01.00\06_algorithm\05_testing\06_test_tools\mts\include\mtsversion.h(643): fatal error C1189: #error :  The PROJECT_MTS_VERSION does not match the MTS VERSIONINFO_BUILD. Probably you are trying to compile your project with wrong headers. [D:\Sandboxs\SMFC4B0_04.01.00\06_Algorithm\04_Engineering\03_Workspace\algo\fct_mo\fct_mo.sln]
  d:\sandboxs\smfc4b0_04.01.00\06_algorithm\05_testing\06_test_tools\mts\include\mtsversion.h(643): fatal error C1189: #error :  The PROJECT_MTS_VERSION does not match the MTS VERSIONINFO_BUILD. Probably you are trying to compile your project with wrong headers. [D:\Sandboxs\SMFC4B0_04.01.00\06_Algorithm\04_Engineering\03_Workspace\algo\fct_mo\fct_mo.sln]
  d:\sandboxs\smfc4b0_04.01.00\06_algorithm\05_testing\06_test_tools\mts\include\mtsversion.h(643): fatal error C1189: #error :  The PROJECT_MTS_VERSION does not match the MTS VERSIONINFO_BUILD. Probably you are trying to compile your project with wrong headers. [D:\Sandboxs\SMFC4B0_04.01.00\06_Algorithm\04_Engineering\03_Workspace\algo\fct_mo\fct_mo.sln]
  d:\sandboxs\smfc4b0_04.01.00\06_algorithm\05_testing\06_test_tools\mts\include\mtsversion.h(643): fatal error C1189: #error :  The PROJECT_MTS_VERSION does not match the MTS VERSIONINFO_BUILD. Probably you are trying to compile your project with wrong headers. [D:\Sandboxs\SMFC4B0_04.01.00\06_Algorithm\04_Engineering\03_Workspace\algo\fct_mo\fct_mo.sln]
  d:\sandboxs\smfc4b0_04.01.00\06_algorithm\05_testing\06_test_tools\mts\include\mtsversion.h(643): fatal error C1189: #error :  The PROJECT_MTS_VERSION does not match the MTS VERSIONINFO_BUILD. Probably you are trying to compile your project with wrong headers. [D:\Sandboxs\SMFC4B0_04.01.00\06_Algorithm\04_Engineering\03_Workspace\algo\fct_mo\fct_mo.sln]
  d:\sandboxs\smfc4b0_04.01.00\06_algorithm\05_testing\06_test_tools\mts\include\mtsversion.h(643): fatal error C1189: #error :  The PROJECT_MTS_VERSION does not match the MTS VERSIONINFO_BUILD. Probably you are trying to compile your project with wrong headers. [D:\Sandboxs\SMFC4B0_04.01.00\06_Algorithm\04_Engineering\03_Workspace\algo\fct_mo\fct_mo.sln]
  d:\sandboxs\smfc4b0_04.01.00\06_algorithm\05_testing\06_test_tools\mts\include\mtsversion.h(643): fatal error C1189: #error :  The PROJECT_MTS_VERSION does not match the MTS VERSIONINFO_BUILD. Probably you are trying to compile your project with wrong headers. [D:\Sandboxs\SMFC4B0_04.01.00\06_Algorithm\04_Engineering\03_Workspace\algo\fct_mo\fct_mo.sln]
  d:\sandboxs\smfc4b0_04.01.00\06_algorithm\05_testing\06_test_tools\mts\include\mtsversion.h(643): fatal error C1189: #error :  The PROJECT_MTS_VERSION does not match the MTS VERSIONINFO_BUILD. Probably you are trying to compile your project with wrong headers. [D:\Sandboxs\SMFC4B0_04.01.00\06_Algorithm\04_Engineering\03_Workspace\algo\fct_mo\fct_mo.sln]
  d:\sandboxs\smfc4b0_04.01.00\06_algorithm\05_testing\06_test_tools\mts\include\mtsversion.h(643): fatal error C1189: #error :  The PROJECT_MTS_VERSION does not match the MTS VERSIONINFO_BUILD. Probably you are trying to compile your project with wrong headers. [D:\Sandboxs\SMFC4B0_04.01.00\06_Algorithm\04_Engineering\03_Workspace\algo\fct_mo\fct_mo.sln]
  d:\sandboxs\smfc4b0_04.01.00\06_algorithm\05_testing\06_test_tools\mts\include\mtsversion.h(643): fatal error C1189: #error :  The PROJECT_MTS_VERSION does not match the MTS VERSIONINFO_BUILD. Probably you are trying to compile your project with wrong headers. [D:\Sandboxs\SMFC4B0_04.01.00\06_Algorithm\04_Engineering\03_Workspace\algo\fct_mo\fct_mo.sln]
  d:\sandboxs\smfc4b0_04.01.00\06_algorithm\05_testing\06_test_tools\mts\include\mtsversion.h(643): fatal error C1189: #error :  The PROJECT_MTS_VERSION does not match the MTS VERSIONINFO_BUILD. Probably you are trying to compile your project with wrong headers. [D:\Sandboxs\SMFC4B0_04.01.00\06_Algorithm\04_Engineering\03_Workspace\algo\fct_mo\fct_mo.sln]


"D:\Sandboxs\SMFC4B0_04.01.00\06_Algorithm\04_Engineering\03_Workspace\algo\fct_mo\fct_mo.sln" (default target) (1) ->
(ldi_py target) -> 
  Project : error PRJ0019: A tool returned an error code from "Executing tool..." [D:\Sandboxs\SMFC4B0_04.01.00\06_Algorithm\04_Engineering\03_Workspace\algo\fct_mo\fct_mo.sln]

    40 Warning(s)
    75 Error(s)

Time Elapsed 00:00:58.24
----------------------------------------------------------------
----------------------------------------------------------------
----------Building---------------
D:\Sandboxs\SMFC4B0_04.01.00\06_Algorithm\04_Engineering\03_Workspace\algo/fct_sim\sim_swc_fct.sln
Microsoft (R) Build Engine Version 4.0.30319.1
[Microsoft .NET Framework, Version 4.0.30319.1008]
Copyright (C) Microsoft Corporation 2007. All rights reserved.

Build started 21.11.2013 10:26:15.
Project "D:\Sandboxs\SMFC4B0_04.01.00\06_Algorithm\04_Engineering\03_Workspace\algo\fct_sim\sim_swc_fct.sln" on node 1 (default targets).
ValidateSolutionConfiguration:
  Building solution configuration "Debug|Win32".
sim_adapt_fct:
  C:\LegacyApp\VisualStudio2005\Common7\IDE\..\..\vc\vcpackages\vcbuild.exe D:\Sandboxs\SMFC4B0_04.01.00\06_Algorithm\04_Engineering\03_Workspace\algo\fct_sim\fct_adapt\sim_adapt_fct.vcproj "Debug|Win32" 
sim_swc_fct:
  C:\LegacyApp\VisualStudio2005\Common7\IDE\..\..\vc\vcpackages\vcbuild.exe D:\Sandboxs\SMFC4B0_04.01.00\06_Algorithm\04_Engineering\03_Workspace\algo\fct_sim\sim_swc_fct_complete\sim_swc_fct.vcproj "Debug|Win32" 
sim_swc_fct_sen:
  C:\LegacyApp\VisualStudio2005\Common7\IDE\..\..\vc\vcpackages\vcbuild.exe D:\Sandboxs\SMFC4B0_04.01.00\06_Algorithm\04_Engineering\03_Workspace\algo\fct_sim\sim_swc_fct_complete\sim_swc_fct_sen.vcproj "Debug|Win32" 
sim_swc_fct_veh:
  C:\LegacyApp\VisualStudio2005\Common7\IDE\..\..\vc\vcpackages\vcbuild.exe D:\Sandboxs\SMFC4B0_04.01.00\06_Algorithm\04_Engineering\03_Workspace\algo\fct_sim\sim_swc_fct_complete\sim_swc_fct_veh.vcproj "Debug|Win32" 
Done Building Project "D:\Sandboxs\SMFC4B0_04.01.00\06_Algorithm\04_Engineering\03_Workspace\algo\fct_sim\sim_swc_fct.sln" (default targets).

Build succeeded.
    0 Warning(s)
    0 Error(s)

Time Elapsed 00:00:07.14
----------------------------------------------------------------
----------------------------------------------------------------
----------Building---------------
D:\Sandboxs\SMFC4B0_04.01.00\06_Algorithm\04_Engineering\03_Workspace\algo/fpga_mo\fgpa_mo.sln
Microsoft (R) Build Engine Version 4.0.30319.1
[Microsoft .NET Framework, Version 4.0.30319.1008]
Copyright (C) Microsoft Corporation 2007. All rights reserved.

Build started 21.11.2013 10:26:22.
Project "D:\Sandboxs\SMFC4B0_04.01.00\06_Algorithm\04_Engineering\03_Workspace\algo\fpga_mo\fgpa_mo.sln" on node 1 (default targets).
ValidateSolutionConfiguration:
  Building solution configuration "Debug|Win32".
fgpa_visu:
  C:\LegacyApp\VisualStudio2005\Common7\IDE\..\..\vc\vcpackages\vcbuild.exe D:\Sandboxs\SMFC4B0_04.01.00\06_Algorithm\04_Engineering\03_Workspace\algo\fpga_mo\FGPA_Visu\fgpa_visu.vcproj "Debug|Win32" 
d:\sandboxs\smfc4b0_04.01.00\06_algorithm\04_engineering\03_workspace\algo\fpga_mo\fgpa_visu\stdafx.h(88): fatal error C1083: Cannot open include file: 'mtsinterface.h': No such file or directory [D:\Sandboxs\SMFC4B0_04.01.00\06_Algorithm\04_Engineering\03_Workspace\algo\fpga_mo\fgpa_mo.sln]
d:\sandboxs\smfc4b0_04.01.00\06_algorithm\04_engineering\03_workspace\algo\fpga_mo\fgpa_visu\stdafx.h(88): fatal error C1083: Cannot open include file: 'mtsinterface.h': No such file or directory [D:\Sandboxs\SMFC4B0_04.01.00\06_Algorithm\04_Engineering\03_Workspace\algo\fpga_mo\fgpa_mo.sln]
d:\sandboxs\smfc4b0_04.01.00\06_algorithm\04_engineering\03_workspace\algo\fpga_mo\fgpa_visu\stdafx.h(88): fatal error C1083: Cannot open include file: 'mtsinterface.h': No such file or directory [D:\Sandboxs\SMFC4B0_04.01.00\06_Algorithm\04_Engineering\03_Workspace\algo\fpga_mo\fgpa_mo.sln]
d:\sandboxs\smfc4b0_04.01.00\06_algorithm\04_engineering\03_workspace\algo\fpga_mo\fgpa_visu\stdafx.h(88): fatal error C1083: Cannot open include file: 'mtsinterface.h': No such file or directory [D:\Sandboxs\SMFC4B0_04.01.00\06_Algorithm\04_Engineering\03_Workspace\algo\fpga_mo\fgpa_mo.sln]
Done Building Project "D:\Sandboxs\SMFC4B0_04.01.00\06_Algorithm\04_Engineering\03_Workspace\algo\fpga_mo\fgpa_mo.sln" (default targets) -- FAILED.

Build FAILED.

"D:\Sandboxs\SMFC4B0_04.01.00\06_Algorithm\04_Engineering\03_Workspace\algo\fpga_mo\fgpa_mo.sln" (default target) (1) ->
(fgpa_visu target) -> 
  d:\sandboxs\smfc4b0_04.01.00\06_algorithm\04_engineering\03_workspace\algo\fpga_mo\fgpa_visu\stdafx.h(88): fatal error C1083: Cannot open include file: 'mtsinterface.h': No such file or directory [D:\Sandboxs\SMFC4B0_04.01.00\06_Algorithm\04_Engineering\03_Workspace\algo\fpga_mo\fgpa_mo.sln]
  d:\sandboxs\smfc4b0_04.01.00\06_algorithm\04_engineering\03_workspace\algo\fpga_mo\fgpa_visu\stdafx.h(88): fatal error C1083: Cannot open include file: 'mtsinterface.h': No such file or directory [D:\Sandboxs\SMFC4B0_04.01.00\06_Algorithm\04_Engineering\03_Workspace\algo\fpga_mo\fgpa_mo.sln]
  d:\sandboxs\smfc4b0_04.01.00\06_algorithm\04_engineering\03_workspace\algo\fpga_mo\fgpa_visu\stdafx.h(88): fatal error C1083: Cannot open include file: 'mtsinterface.h': No such file or directory [D:\Sandboxs\SMFC4B0_04.01.00\06_Algorithm\04_Engineering\03_Workspace\algo\fpga_mo\fgpa_mo.sln]
  d:\sandboxs\smfc4b0_04.01.00\06_algorithm\04_engineering\03_workspace\algo\fpga_mo\fgpa_visu\stdafx.h(88): fatal error C1083: Cannot open include file: 'mtsinterface.h': No such file or directory [D:\Sandboxs\SMFC4B0_04.01.00\06_Algorithm\04_Engineering\03_Workspace\algo\fpga_mo\fgpa_mo.sln]

    0 Warning(s)
    4 Error(s)

Time Elapsed 00:00:09.09
----------------------------------------------------------------
----------------------------------------------------------------
----------Building---------------
D:\Sandboxs\SMFC4B0_04.01.00\06_Algorithm\04_Engineering\03_Workspace\algo/fpga_sim\sim_swc_mux.sln
Microsoft (R) Build Engine Version 4.0.30319.1
[Microsoft .NET Framework, Version 4.0.30319.1008]
Copyright (C) Microsoft Corporation 2007. All rights reserved.

Build started 21.11.2013 10:26:31.
Project "D:\Sandboxs\SMFC4B0_04.01.00\06_Algorithm\04_Engineering\03_Workspace\algo\fpga_sim\sim_swc_mux.sln" on node 1 (default targets).
ValidateSolutionConfiguration:
  Building solution configuration "Debug|Win32".
sim_swc_mux:
  C:\LegacyApp\VisualStudio2005\Common7\IDE\..\..\vc\vcpackages\vcbuild.exe D:\Sandboxs\SMFC4B0_04.01.00\06_Algorithm\04_Engineering\03_Workspace\algo\fpga_sim\sim_swc_mux\sim_swc_mux.vcproj "Debug|Win32" 
Done Building Project "D:\Sandboxs\SMFC4B0_04.01.00\06_Algorithm\04_Engineering\03_Workspace\algo\fpga_sim\sim_swc_mux.sln" (default targets).

Build succeeded.
    0 Warning(s)
    0 Error(s)

Time Elapsed 00:00:01.40
----------------------------------------------------------------
----------------------------------------------------------------
----------Building---------------
D:\Sandboxs\SMFC4B0_04.01.00\06_Algorithm\04_Engineering\03_Workspace\algo/fsd_sim\fsd_sim.sln
Microsoft (R) Build Engine Version 4.0.30319.1
[Microsoft .NET Framework, Version 4.0.30319.1008]
Copyright (C) Microsoft Corporation 2007. All rights reserved.

Build started 21.11.2013 10:26:33.
Project "D:\Sandboxs\SMFC4B0_04.01.00\06_Algorithm\04_Engineering\03_Workspace\algo\fsd_sim\fsd_sim.sln" on node 1 (default targets).
ValidateSolutionConfiguration:
  Building solution configuration "Debug|Win32".
sim_swc_fsd:
  C:\LegacyApp\VisualStudio2005\Common7\IDE\..\..\vc\vcpackages\vcbuild.exe D:\Sandboxs\SMFC4B0_04.01.00\06_Algorithm\04_Engineering\03_Workspace\algo\fsd_sim\sim_swc_fsd\sim_swc_fsd.vcproj "Debug|Win32" 
sim_swc_fsd_vis:
  C:\LegacyApp\VisualStudio2005\Common7\IDE\..\..\vc\vcpackages\vcbuild.exe D:\Sandboxs\SMFC4B0_04.01.00\06_Algorithm\04_Engineering\03_Workspace\algo\fsd_sim\sim_swc_fsd_vis\sim_swc_fsd_vis.vcproj "Debug|Win32" 
sim_adapt_fsd:
  C:\LegacyApp\VisualStudio2005\Common7\IDE\..\..\vc\vcpackages\vcbuild.exe D:\Sandboxs\SMFC4B0_04.01.00\06_Algorithm\04_Engineering\03_Workspace\algo\fsd_sim\fsd_adapter\sim_adapt_fsd.vcproj "Debug|Win32" 
cct\sim_swc_cctmfc300rtewrp:
  The project "sim_swc_cctmfc300rtewrp" is not selected for building in solution configuration "Debug|Win32".
cct\sim_swc_vis_disparity:
  The project "sim_swc_vis_disparity" is not selected for building in solution configuration "Debug|Win32".
cct\sim_swc_vis_perspectives:
  The project "sim_swc_vis_perspectives" is not selected for building in solution configuration "Debug|Win32".
sib\sim_adapt_sib:
  C:\LegacyApp\VisualStudio2005\Common7\IDE\..\..\vc\vcpackages\vcbuild.exe D:\Sandboxs\SMFC4B0_04.01.00\06_Algorithm\04_Engineering\03_Workspace\algo\fsd_sim\..\sib_sim\sib_adapter\sim_adapt_sib.vcproj "Debug|Win32" 
sib\sim_swc_sib:
  C:\LegacyApp\VisualStudio2005\Common7\IDE\..\..\vc\vcpackages\vcbuild.exe D:\Sandboxs\SMFC4B0_04.01.00\06_Algorithm\04_Engineering\03_Workspace\algo\fsd_sim\..\sib_sim\sim_swc_sib\sim_swc_sib.vcproj "Debug|Win32" 
sim_swc_sib_dll.obj : error LNK2019: unresolved external symbol "public: bool __thiscall CSimSibVisCarpetDebug::OnKeyboardMessage(struct ISimRenderContext const &,struct ISimWindowMessage const &)" (?OnKeyboardMessage@CSimSibVisCarpetDebug@@QAE_NABUISimRenderContext@@ABUISimWindowMessage@@@Z) referenced in function "public: virtual bool __thiscall CSimSib::OnKeyboardMessage(struct ISimRenderContext const &,struct ISimWindowMessage const &)" (?OnKeyboardMessage@CSimSib@@UAE_NABUISimRenderContext@@ABUISimWindowMessage@@@Z) [D:\Sandboxs\SMFC4B0_04.01.00\06_Algorithm\04_Engineering\03_Workspace\algo\fsd_sim\fsd_sim.sln]
sim_swc_sib_dll.obj : error LNK2019: unresolved external symbol "public: bool __thiscall CSimSibVisCarpetDebug::OnMouseMessage(struct ISimRenderContext const &,struct ISimWindowMessage const &)" (?OnMouseMessage@CSimSibVisCarpetDebug@@QAE_NABUISimRenderContext@@ABUISimWindowMessage@@@Z) referenced in function "public: virtual bool __thiscall CSimSib::OnMouseMessage(struct ISimRenderContext const &,struct ISimWindowMessage const &)" (?OnMouseMessage@CSimSib@@UAE_NABUISimRenderContext@@ABUISimWindowMessage@@@Z) [D:\Sandboxs\SMFC4B0_04.01.00\06_Algorithm\04_Engineering\03_Workspace\algo\fsd_sim\fsd_sim.sln]
..\..\..\..\..\05_Testing\06_Test_Tools\mts_measurement\dll\algo\sib_sim\sim_swc_sib.dll : fatal error LNK1120: 2 unresolved externals [D:\Sandboxs\SMFC4B0_04.01.00\06_Algorithm\04_Engineering\03_Workspace\algo\fsd_sim\fsd_sim.sln]
sib\sim_swc_sib_vis:
  C:\LegacyApp\VisualStudio2005\Common7\IDE\..\..\vc\vcpackages\vcbuild.exe D:\Sandboxs\SMFC4B0_04.01.00\06_Algorithm\04_Engineering\03_Workspace\algo\fsd_sim\..\sib_sim\sim_swc_sib_vis\sim_swc_sib_vis.vcproj "Debug|Win32" 
_ecu_fsd_dsp:
  The project "_ecu_fsd_dsp" is not selected for building in solution configuration "Debug|Win32".
cct\sim_swc_vis_optical_flow:
  C:\LegacyApp\VisualStudio2005\Common7\IDE\..\..\vc\vcpackages\vcbuild.exe D:\Sandboxs\SMFC4B0_04.01.00\06_Algorithm\04_Engineering\03_Workspace\algo\fsd_sim\..\cct_sim\sim_swc_vis_optical_flow\sim_swc_vis_optical_flow.vcproj "Debug|Win32" 
Done Building Project "D:\Sandboxs\SMFC4B0_04.01.00\06_Algorithm\04_Engineering\03_Workspace\algo\fsd_sim\fsd_sim.sln" (default targets) -- FAILED.

Build FAILED.

"D:\Sandboxs\SMFC4B0_04.01.00\06_Algorithm\04_Engineering\03_Workspace\algo\fsd_sim\fsd_sim.sln" (default target) (1) ->
(sib\sim_swc_sib target) -> 
  sim_swc_sib_dll.obj : error LNK2019: unresolved external symbol "public: bool __thiscall CSimSibVisCarpetDebug::OnKeyboardMessage(struct ISimRenderContext const &,struct ISimWindowMessage const &)" (?OnKeyboardMessage@CSimSibVisCarpetDebug@@QAE_NABUISimRenderContext@@ABUISimWindowMessage@@@Z) referenced in function "public: virtual bool __thiscall CSimSib::OnKeyboardMessage(struct ISimRenderContext const &,struct ISimWindowMessage const &)" (?OnKeyboardMessage@CSimSib@@UAE_NABUISimRenderContext@@ABUISimWindowMessage@@@Z) [D:\Sandboxs\SMFC4B0_04.01.00\06_Algorithm\04_Engineering\03_Workspace\algo\fsd_sim\fsd_sim.sln]
  sim_swc_sib_dll.obj : error LNK2019: unresolved external symbol "public: bool __thiscall CSimSibVisCarpetDebug::OnMouseMessage(struct ISimRenderContext const &,struct ISimWindowMessage const &)" (?OnMouseMessage@CSimSibVisCarpetDebug@@QAE_NABUISimRenderContext@@ABUISimWindowMessage@@@Z) referenced in function "public: virtual bool __thiscall CSimSib::OnMouseMessage(struct ISimRenderContext const &,struct ISimWindowMessage const &)" (?OnMouseMessage@CSimSib@@UAE_NABUISimRenderContext@@ABUISimWindowMessage@@@Z) [D:\Sandboxs\SMFC4B0_04.01.00\06_Algorithm\04_Engineering\03_Workspace\algo\fsd_sim\fsd_sim.sln]
  ..\..\..\..\..\05_Testing\06_Test_Tools\mts_measurement\dll\algo\sib_sim\sim_swc_sib.dll : fatal error LNK1120: 2 unresolved externals [D:\Sandboxs\SMFC4B0_04.01.00\06_Algorithm\04_Engineering\03_Workspace\algo\fsd_sim\fsd_sim.sln]

    0 Warning(s)
    3 Error(s)

Time Elapsed 00:00:13.26
----------------------------------------------------------------
----------------------------------------------------------------
----------Building---------------
D:\Sandboxs\SMFC4B0_04.01.00\06_Algorithm\04_Engineering\03_Workspace\algo/ftrc_sim\ftrc_sim.sln
Microsoft (R) Build Engine Version 4.0.30319.1
[Microsoft .NET Framework, Version 4.0.30319.1008]
Copyright (C) Microsoft Corporation 2007. All rights reserved.

Build started 21.11.2013 10:26:46.
Project "D:\Sandboxs\SMFC4B0_04.01.00\06_Algorithm\04_Engineering\03_Workspace\algo\ftrc_sim\ftrc_sim.sln" on node 1 (default targets).
ValidateSolutionConfiguration:
  Building solution configuration "Debug|Win32".
sim_swc_ftrc:
  C:\LegacyApp\VisualStudio2005\Common7\IDE\..\..\vc\vcpackages\vcbuild.exe D:\Sandboxs\SMFC4B0_04.01.00\06_Algorithm\04_Engineering\03_Workspace\algo\ftrc_sim\sim_swc_ftrc\sim_swc_ftrc.vcproj "Debug|Win32" 
sim_swc_ftrc_vis:
  C:\LegacyApp\VisualStudio2005\Common7\IDE\..\..\vc\vcpackages\vcbuild.exe D:\Sandboxs\SMFC4B0_04.01.00\06_Algorithm\04_Engineering\03_Workspace\algo\ftrc_sim\sim_swc_ftrc_vis\sim_swc_ftrc_vis.vcproj "Debug|Win32" 
Done Building Project "D:\Sandboxs\SMFC4B0_04.01.00\06_Algorithm\04_Engineering\03_Workspace\algo\ftrc_sim\ftrc_sim.sln" (default targets).

Build succeeded.
    0 Warning(s)
    0 Error(s)

Time Elapsed 00:00:02.70
----------------------------------------------------------------
----------------------------------------------------------------
----------Building---------------
D:\Sandboxs\SMFC4B0_04.01.00\06_Algorithm\04_Engineering\03_Workspace\algo/gen_sim\gen_sim.sln
Microsoft (R) Build Engine Version 4.0.30319.1
[Microsoft .NET Framework, Version 4.0.30319.1008]
Copyright (C) Microsoft Corporation 2007. All rights reserved.

Build started 21.11.2013 10:26:49.
Project "D:\Sandboxs\SMFC4B0_04.01.00\06_Algorithm\04_Engineering\03_Workspace\algo\gen_sim\gen_sim.sln" on node 1 (default targets).
ValidateSolutionConfiguration:
  Building solution configuration "Debug|Win32".
sim_swc_gen:
  C:\LegacyApp\VisualStudio2005\Common7\IDE\..\..\vc\vcpackages\vcbuild.exe D:\Sandboxs\SMFC4B0_04.01.00\06_Algorithm\04_Engineering\03_Workspace\algo\gen_sim\sim_swc_gen\sim_swc_gen.vcproj "Debug|Win32" 
sim_swc_gen_vis:
  C:\LegacyApp\VisualStudio2005\Common7\IDE\..\..\vc\vcpackages\vcbuild.exe D:\Sandboxs\SMFC4B0_04.01.00\06_Algorithm\04_Engineering\03_Workspace\algo\gen_sim\sim_swc_gen_vis\sim_swc_gen_vis.vcproj "Debug|Win32" 
sim_adapter_gen:
  C:\LegacyApp\VisualStudio2005\Common7\IDE\..\..\vc\vcpackages\vcbuild.exe D:\Sandboxs\SMFC4B0_04.01.00\06_Algorithm\04_Engineering\03_Workspace\algo\gen_sim\sim_adapter_gen\sim_adapter_gen.vcproj "Debug|Win32" 
Done Building Project "D:\Sandboxs\SMFC4B0_04.01.00\06_Algorithm\04_Engineering\03_Workspace\algo\gen_sim\gen_sim.sln" (default targets).

Build succeeded.
    0 Warning(s)
    0 Error(s)

Time Elapsed 00:00:04.07
----------------------------------------------------------------
----------------------------------------------------------------
----------Building---------------
D:\Sandboxs\SMFC4B0_04.01.00\06_Algorithm\04_Engineering\03_Workspace\algo/ld_sim\ld_sim.sln
Microsoft (R) Build Engine Version 4.0.30319.1
[Microsoft .NET Framework, Version 4.0.30319.1008]
Copyright (C) Microsoft Corporation 2007. All rights reserved.

Build started 21.11.2013 10:26:53.
Project "D:\Sandboxs\SMFC4B0_04.01.00\06_Algorithm\04_Engineering\03_Workspace\algo\ld_sim\ld_sim.sln" on node 1 (default targets).
ValidateSolutionConfiguration:
  Building solution configuration "Debug|Win32".
sim_swc_ld:
  C:\LegacyApp\VisualStudio2005\Common7\IDE\..\..\vc\vcpackages\vcbuild.exe D:\Sandboxs\SMFC4B0_04.01.00\06_Algorithm\04_Engineering\03_Workspace\algo\ld_sim\sim_swc_ld\sim_swc_ld.vcproj "Debug|Win32" 
d:\sandboxs\smfc4b0_04.01.00\06_algorithm\04_engineering\01_source_code\algo\ld\LDHashLibrary.h(31): fatal error C1083: Cannot open include file: 'LDAlgoFingerprint.h': No such file or directory [D:\Sandboxs\SMFC4B0_04.01.00\06_Algorithm\04_Engineering\03_Workspace\algo\ld_sim\ld_sim.sln]
..\..\..\..\01_Source_Code\algo\ld\LDInterface.cpp(25): fatal error C1083: Cannot open include file: 'LDAlgoFingerprint.h': No such file or directory [D:\Sandboxs\SMFC4B0_04.01.00\06_Algorithm\04_Engineering\03_Workspace\algo\ld_sim\ld_sim.sln]
d:\sandboxs\smfc4b0_04.01.00\06_algorithm\04_engineering\01_source_code\algo\ld\LDHashLibrary.h(31): fatal error C1083: Cannot open include file: 'LDAlgoFingerprint.h': No such file or directory [D:\Sandboxs\SMFC4B0_04.01.00\06_Algorithm\04_Engineering\03_Workspace\algo\ld_sim\ld_sim.sln]
BSCMAKE : error BK1506: cannot open file '.\Debug\ld_pdo_types.sbr': No such file or directory [D:\Sandboxs\SMFC4B0_04.01.00\06_Algorithm\04_Engineering\03_Workspace\algo\ld_sim\ld_sim.sln]
sim_swc_ld_vis:
  C:\LegacyApp\VisualStudio2005\Common7\IDE\..\..\vc\vcpackages\vcbuild.exe D:\Sandboxs\SMFC4B0_04.01.00\06_Algorithm\04_Engineering\03_Workspace\algo\ld_sim\sim_swc_ld_vis\sim_swc_ld_vis.vcproj "Debug|Win32" 
LINK : fatal error LNK1181: cannot open input file '.\Debug\sim_swc_dbg.obj' [D:\Sandboxs\SMFC4B0_04.01.00\06_Algorithm\04_Engineering\03_Workspace\algo\ld_sim\ld_sim.sln]
BSCMAKE : error BK1506: cannot open file '.\Debug\sim_swc_dbg.sbr': No such file or directory [D:\Sandboxs\SMFC4B0_04.01.00\06_Algorithm\04_Engineering\03_Workspace\algo\ld_sim\ld_sim.sln]
sim_adapter_ld:
  C:\LegacyApp\VisualStudio2005\Common7\IDE\..\..\vc\vcpackages\vcbuild.exe D:\Sandboxs\SMFC4B0_04.01.00\06_Algorithm\04_Engineering\03_Workspace\algo\ld_sim\ld_adapter\sim_adapter_ld.vcproj "Debug|Win32" 
Done Building Project "D:\Sandboxs\SMFC4B0_04.01.00\06_Algorithm\04_Engineering\03_Workspace\algo\ld_sim\ld_sim.sln" (default targets) -- FAILED.

Build FAILED.

"D:\Sandboxs\SMFC4B0_04.01.00\06_Algorithm\04_Engineering\03_Workspace\algo\ld_sim\ld_sim.sln" (default target) (1) ->
(sim_swc_ld target) -> 
  d:\sandboxs\smfc4b0_04.01.00\06_algorithm\04_engineering\01_source_code\algo\ld\LDHashLibrary.h(31): fatal error C1083: Cannot open include file: 'LDAlgoFingerprint.h': No such file or directory [D:\Sandboxs\SMFC4B0_04.01.00\06_Algorithm\04_Engineering\03_Workspace\algo\ld_sim\ld_sim.sln]
  ..\..\..\..\01_Source_Code\algo\ld\LDInterface.cpp(25): fatal error C1083: Cannot open include file: 'LDAlgoFingerprint.h': No such file or directory [D:\Sandboxs\SMFC4B0_04.01.00\06_Algorithm\04_Engineering\03_Workspace\algo\ld_sim\ld_sim.sln]
  d:\sandboxs\smfc4b0_04.01.00\06_algorithm\04_engineering\01_source_code\algo\ld\LDHashLibrary.h(31): fatal error C1083: Cannot open include file: 'LDAlgoFingerprint.h': No such file or directory [D:\Sandboxs\SMFC4B0_04.01.00\06_Algorithm\04_Engineering\03_Workspace\algo\ld_sim\ld_sim.sln]
  BSCMAKE : error BK1506: cannot open file '.\Debug\ld_pdo_types.sbr': No such file or directory [D:\Sandboxs\SMFC4B0_04.01.00\06_Algorithm\04_Engineering\03_Workspace\algo\ld_sim\ld_sim.sln]


"D:\Sandboxs\SMFC4B0_04.01.00\06_Algorithm\04_Engineering\03_Workspace\algo\ld_sim\ld_sim.sln" (default target) (1) ->
(sim_swc_ld_vis target) -> 
  LINK : fatal error LNK1181: cannot open input file '.\Debug\sim_swc_dbg.obj' [D:\Sandboxs\SMFC4B0_04.01.00\06_Algorithm\04_Engineering\03_Workspace\algo\ld_sim\ld_sim.sln]
  BSCMAKE : error BK1506: cannot open file '.\Debug\sim_swc_dbg.sbr': No such file or directory [D:\Sandboxs\SMFC4B0_04.01.00\06_Algorithm\04_Engineering\03_Workspace\algo\ld_sim\ld_sim.sln]

    0 Warning(s)
    6 Error(s)

Time Elapsed 00:00:11.47
----------------------------------------------------------------
----------------------------------------------------------------
----------Building---------------
D:\Sandboxs\SMFC4B0_04.01.00\06_Algorithm\04_Engineering\03_Workspace\algo/memo_sim\sim_swc_memo.sln
Microsoft (R) Build Engine Version 4.0.30319.1
[Microsoft .NET Framework, Version 4.0.30319.1008]
Copyright (C) Microsoft Corporation 2007. All rights reserved.

Build started 21.11.2013 10:27:05.
Project "D:\Sandboxs\SMFC4B0_04.01.00\06_Algorithm\04_Engineering\03_Workspace\algo\memo_sim\sim_swc_memo.sln" on node 1 (default targets).
ValidateSolutionConfiguration:
  Building solution configuration "Debug|Win32".
sim_swc_memo:
  C:\LegacyApp\VisualStudio2005\Common7\IDE\..\..\vc\vcpackages\vcbuild.exe D:\Sandboxs\SMFC4B0_04.01.00\06_Algorithm\04_Engineering\03_Workspace\algo\memo_sim\sim_swc_memo\sim_swc_memo.vcproj "Debug|Win32" 
sim_adapt_semo:
  C:\LegacyApp\VisualStudio2005\Common7\IDE\..\..\vc\vcpackages\vcbuild.exe D:\Sandboxs\SMFC4B0_04.01.00\06_Algorithm\04_Engineering\03_Workspace\algo\memo_sim\..\semo_sim\semo_adapter\sim_adapt_semo.tmp_Debug_Win32.vcproj "Debug|Win32" 
  Die Datei D:\Sandboxs\SMFC4B0_04.01.00\06_Algorithm\04_Engineering\03_Workspace\algo\memo_sim\..\semo_sim\semo_adapter\sim_adapt_semo.tmp_Debug_Win32.vcproj wird gelscht.
  del "D:\Sandboxs\SMFC4B0_04.01.00\06_Algorithm\04_Engineering\03_Workspace\algo\memo_sim\..\semo_sim\semo_adapter\sim_adapt_semo.tmp_Debug_Win32.vcproj"
sim_swc_emodrawmeas:
  C:\LegacyApp\VisualStudio2005\Common7\IDE\..\..\vc\vcpackages\vcbuild.exe D:\Sandboxs\SMFC4B0_04.01.00\06_Algorithm\04_Engineering\03_Workspace\algo\memo_sim\..\emo_sim\emo_drawmeas\sim_swc_emodrawmeas.tmp_Debug_Win32.vcproj "Debug|Win32" 
  Die Datei D:\Sandboxs\SMFC4B0_04.01.00\06_Algorithm\04_Engineering\03_Workspace\algo\memo_sim\..\emo_sim\emo_drawmeas\sim_swc_emodrawmeas.tmp_Debug_Win32.vcproj wird gelscht.
  del "D:\Sandboxs\SMFC4B0_04.01.00\06_Algorithm\04_Engineering\03_Workspace\algo\memo_sim\..\emo_sim\emo_drawmeas\sim_swc_emodrawmeas.tmp_Debug_Win32.vcproj"
sim_adapt_emo_drawmeas:
  C:\LegacyApp\VisualStudio2005\Common7\IDE\..\..\vc\vcpackages\vcbuild.exe D:\Sandboxs\SMFC4B0_04.01.00\06_Algorithm\04_Engineering\03_Workspace\algo\memo_sim\..\emo_sim\sim_adapt_emo_drawmeas\sim_adapt_emo_drawmeas.tmp_Debug_Win32.vcproj "Debug|Win32" 
  Die Datei D:\Sandboxs\SMFC4B0_04.01.00\06_Algorithm\04_Engineering\03_Workspace\algo\memo_sim\..\emo_sim\sim_adapt_emo_drawmeas\sim_adapt_emo_drawmeas.tmp_Debug_Win32.vcproj wird gelscht.
  del "D:\Sandboxs\SMFC4B0_04.01.00\06_Algorithm\04_Engineering\03_Workspace\algo\memo_sim\..\emo_sim\sim_adapt_emo_drawmeas\sim_adapt_emo_drawmeas.tmp_Debug_Win32.vcproj"
Done Building Project "D:\Sandboxs\SMFC4B0_04.01.00\06_Algorithm\04_Engineering\03_Workspace\algo\memo_sim\sim_swc_memo.sln" (default targets).

Build succeeded.
    0 Warning(s)
    0 Error(s)

Time Elapsed 00:00:05.87
----------------------------------------------------------------
----------------------------------------------------------------
----------Building---------------
D:\Sandboxs\SMFC4B0_04.01.00\06_Algorithm\04_Engineering\03_Workspace\algo/ofc_sim\sim_swc_pfc.sln
Microsoft (R) Build Engine Version 4.0.30319.1
[Microsoft .NET Framework, Version 4.0.30319.1008]
Copyright (C) Microsoft Corporation 2007. All rights reserved.

Build started 21.11.2013 10:27:12.
Project "D:\Sandboxs\SMFC4B0_04.01.00\06_Algorithm\04_Engineering\03_Workspace\algo\ofc_sim\sim_swc_pfc.sln" on node 1 (default targets).
ValidateSolutionConfiguration:
  Building solution configuration "Debug|Win32".
sim_swc_pfc:
  C:\LegacyApp\VisualStudio2005\Common7\IDE\..\..\vc\vcpackages\vcbuild.exe D:\Sandboxs\SMFC4B0_04.01.00\06_Algorithm\04_Engineering\03_Workspace\algo\ofc_sim\sim_swc_pfc\sim_swc_pfc.vcproj "Debug|Win32" 
sim_swc_pfc_vis:
  C:\LegacyApp\VisualStudio2005\Common7\IDE\..\..\vc\vcpackages\vcbuild.exe D:\Sandboxs\SMFC4B0_04.01.00\06_Algorithm\04_Engineering\03_Workspace\algo\ofc_sim\sim_swc_pfc_vis\sim_swc_pfc_vis.vcproj "Debug|Win32" 
sim_swc_ftrc:
  C:\LegacyApp\VisualStudio2005\Common7\IDE\..\..\vc\vcpackages\vcbuild.exe D:\Sandboxs\SMFC4B0_04.01.00\06_Algorithm\04_Engineering\03_Workspace\algo\ofc_sim\..\ftrc_sim\sim_swc_ftrc\sim_swc_ftrc.vcproj "Debug|Win32" 
sim_adapt_pfc:
  C:\LegacyApp\VisualStudio2005\Common7\IDE\..\..\vc\vcpackages\vcbuild.exe D:\Sandboxs\SMFC4B0_04.01.00\06_Algorithm\04_Engineering\03_Workspace\algo\ofc_sim\pfc_adapter\sim_adapt_pfc.vcproj "Debug|Win32" 
Done Building Project "D:\Sandboxs\SMFC4B0_04.01.00\06_Algorithm\04_Engineering\03_Workspace\algo\ofc_sim\sim_swc_pfc.sln" (default targets).

Build succeeded.
    0 Warning(s)
    0 Error(s)

Time Elapsed 00:00:05.28
----------------------------------------------------------------
----------------------------------------------------------------
----------Building---------------
D:\Sandboxs\SMFC4B0_04.01.00\06_Algorithm\04_Engineering\03_Workspace\algo/pc_sim\pc_sim.sln
Microsoft (R) Build Engine Version 4.0.30319.1
[Microsoft .NET Framework, Version 4.0.30319.1008]
Copyright (C) Microsoft Corporation 2007. All rights reserved.

Build started 21.11.2013 10:27:17.
Project "D:\Sandboxs\SMFC4B0_04.01.00\06_Algorithm\04_Engineering\03_Workspace\algo\pc_sim\pc_sim.sln" on node 1 (default targets).
ValidateSolutionConfiguration:
  Building solution configuration "Debug|Win32".
sim_swc_pc:
  C:\LegacyApp\VisualStudio2005\Common7\IDE\..\..\vc\vcpackages\vcbuild.exe D:\Sandboxs\SMFC4B0_04.01.00\06_Algorithm\04_Engineering\03_Workspace\algo\pc_sim\sim_swc_pc\sim_swc_pc.vcproj "Debug|Win32" 
sim_adapt_pc:
  C:\LegacyApp\VisualStudio2005\Common7\IDE\..\..\vc\vcpackages\vcbuild.exe D:\Sandboxs\SMFC4B0_04.01.00\06_Algorithm\04_Engineering\03_Workspace\algo\pc_sim\pc_adapter\sim_adapt_pc.vcproj "Debug|Win32" 
sim_swc_pc_vis:
  C:\LegacyApp\VisualStudio2005\Common7\IDE\..\..\vc\vcpackages\vcbuild.exe D:\Sandboxs\SMFC4B0_04.01.00\06_Algorithm\04_Engineering\03_Workspace\algo\pc_sim\sim_swc_pc_vis\sim_swc_pc_vis.vcproj "Debug|Win32" 
Done Building Project "D:\Sandboxs\SMFC4B0_04.01.00\06_Algorithm\04_Engineering\03_Workspace\algo\pc_sim\pc_sim.sln" (default targets).

Build succeeded.
    0 Warning(s)
    0 Error(s)

Time Elapsed 00:00:04.02
----------------------------------------------------------------
----------------------------------------------------------------
----------Building---------------
D:\Sandboxs\SMFC4B0_04.01.00\06_Algorithm\04_Engineering\03_Workspace\algo/ped_sim\sim_ped.sln
Microsoft (R) Build Engine Version 4.0.30319.1
[Microsoft .NET Framework, Version 4.0.30319.1008]
Copyright (C) Microsoft Corporation 2007. All rights reserved.

Build started 21.11.2013 10:27:21.
Project "D:\Sandboxs\SMFC4B0_04.01.00\06_Algorithm\04_Engineering\03_Workspace\algo\ped_sim\sim_ped.sln" on node 1 (default targets).
ValidateSolutionConfiguration:
  Building solution configuration "Debug|Win32".
sim_swc_ped:
  C:\LegacyApp\VisualStudio2005\Common7\IDE\..\..\vc\vcpackages\vcbuild.exe D:\Sandboxs\SMFC4B0_04.01.00\06_Algorithm\04_Engineering\03_Workspace\algo\ped_sim\sim_swc_ped\sim_swc_ped.vcproj "Debug|Win32" 
sim_swc_pedvis:
  C:\LegacyApp\VisualStudio2005\Common7\IDE\..\..\vc\vcpackages\vcbuild.exe D:\Sandboxs\SMFC4B0_04.01.00\06_Algorithm\04_Engineering\03_Workspace\algo\ped_sim\sim_swc_pedvis\sim_swc_pedvis.vcproj "Debug|Win32" 
sim_adapt_ped:
  C:\LegacyApp\VisualStudio2005\Common7\IDE\..\..\vc\vcpackages\vcbuild.exe D:\Sandboxs\SMFC4B0_04.01.00\06_Algorithm\04_Engineering\03_Workspace\algo\ped_sim\ped_adapter\sim_adapt_ped.vcproj "Debug|Win32" 
sim_swc_pedLabelDb:
  C:\LegacyApp\VisualStudio2005\Common7\IDE\..\..\vc\vcpackages\vcbuild.exe D:\Sandboxs\SMFC4B0_04.01.00\06_Algorithm\04_Engineering\03_Workspace\algo\ped_sim\sim_swc_pedLabelDb\sim_swc_pedLabelDb.vcproj "Debug|Win32" 
Done Building Project "D:\Sandboxs\SMFC4B0_04.01.00\06_Algorithm\04_Engineering\03_Workspace\algo\ped_sim\sim_ped.sln" (default targets).

Build succeeded.
    0 Warning(s)
    0 Error(s)

Time Elapsed 00:00:05.59
----------------------------------------------------------------
----------------------------------------------------------------
----------Building---------------
D:\Sandboxs\SMFC4B0_04.01.00\06_Algorithm\04_Engineering\03_Workspace\algo/pv_sim\sim_pv.sln
Microsoft (R) Build Engine Version 4.0.30319.1
[Microsoft .NET Framework, Version 4.0.30319.1008]
Copyright (C) Microsoft Corporation 2007. All rights reserved.

Build started 21.11.2013 10:27:27.
Project "D:\Sandboxs\SMFC4B0_04.01.00\06_Algorithm\04_Engineering\03_Workspace\algo\pv_sim\sim_pv.sln" on node 1 (default targets).
ValidateSolutionConfiguration:
  Building solution configuration "Debug|Win32".
sim_swc_pv:
  C:\LegacyApp\VisualStudio2005\Common7\IDE\..\..\vc\vcpackages\vcbuild.exe D:\Sandboxs\SMFC4B0_04.01.00\06_Algorithm\04_Engineering\03_Workspace\algo\pv_sim\sim_swc_pv\sim_swc_pv.vcproj "Debug|Win32" 
cl : Command line warning D9025: overriding '/TC' with '/TP' [D:\Sandboxs\SMFC4B0_04.01.00\06_Algorithm\04_Engineering\03_Workspace\algo\pv_sim\sim_pv.sln]
d:\sandboxs\smfc4b0_04.01.00\06_algorithm\04_engineering\03_workspace\algo\pv_sim\src\log\log_dag.c(2): warning C4005: '_CRT_SECURE_NO_DEPRECATE' : macro redefinition [D:\Sandboxs\SMFC4B0_04.01.00\06_Algorithm\04_Engineering\03_Workspace\algo\pv_sim\sim_pv.sln]
d:\sandboxs\smfc4b0_04.01.00\06_algorithm\04_engineering\03_workspace\algo\pv_sim\src\log\log_dag.c(141): error C2065: 'PV_SIGTYPE_INVALID' : undeclared identifier [D:\Sandboxs\SMFC4B0_04.01.00\06_Algorithm\04_Engineering\03_Workspace\algo\pv_sim\sim_pv.sln]
d:\sandboxs\smfc4b0_04.01.00\06_algorithm\04_engineering\03_workspace\algo\pv_sim\src\log\log_dag.c(141): error C2051: case expression not constant [D:\Sandboxs\SMFC4B0_04.01.00\06_Algorithm\04_Engineering\03_Workspace\algo\pv_sim\sim_pv.sln]
BSCMAKE : error BK1506: cannot open file '.\Debug\sim_swc_pv.sbr': No such file or directory [D:\Sandboxs\SMFC4B0_04.01.00\06_Algorithm\04_Engineering\03_Workspace\algo\pv_sim\sim_pv.sln]
sim_swc_pv_vis:
  The project "sim_swc_pv_vis" is not selected for building in solution configuration "Debug|Win32".
sim_adapter_pv:
  The project "sim_adapter_pv" is not selected for building in solution configuration "Debug|Win32".
sim_swc_scene:
  C:\LegacyApp\VisualStudio2005\Common7\IDE\..\..\vc\vcpackages\vcbuild.exe D:\Sandboxs\SMFC4B0_04.01.00\06_Algorithm\04_Engineering\03_Workspace\algo\pv_sim\sim_swc_scene\sim_swc_scene.vcproj "Debug|Win32" 
d:\sandboxs\smfc4b0_04.01.00\06_algorithm\04_engineering\01_source_code\common\glob_defs.h(251): warning C4005: 'DEG2RAD' : macro redefinition [D:\Sandboxs\SMFC4B0_04.01.00\06_Algorithm\04_Engineering\03_Workspace\algo\pv_sim\sim_pv.sln]
d:\sandboxs\smfc4b0_04.01.00\06_algorithm\04_engineering\01_source_code\common\glob_defs.h(254): warning C4005: 'RAD2DEG' : macro redefinition [D:\Sandboxs\SMFC4B0_04.01.00\06_Algorithm\04_Engineering\03_Workspace\algo\pv_sim\sim_pv.sln]
d:\sandboxs\smfc4b0_04.01.00\06_algorithm\04_engineering\03_workspace\algo\pv_sim\sim_swc_scene\sim_swc_scene.cpp(1136): error C2065: 'RTE_PV_SIGTYPE_ODO_POS_DELTA_ERR_X' : undeclared identifier [D:\Sandboxs\SMFC4B0_04.01.00\06_Algorithm\04_Engineering\03_Workspace\algo\pv_sim\sim_pv.sln]
d:\sandboxs\smfc4b0_04.01.00\06_algorithm\04_engineering\03_workspace\algo\pv_sim\sim_swc_scene\sim_swc_scene.cpp(1141): error C2065: 'RTE_PV_SIGTYPE_ODO_POS_DELTA_ERR_Y' : undeclared identifier [D:\Sandboxs\SMFC4B0_04.01.00\06_Algorithm\04_Engineering\03_Workspace\algo\pv_sim\sim_pv.sln]
Done Building Project "D:\Sandboxs\SMFC4B0_04.01.00\06_Algorithm\04_Engineering\03_Workspace\algo\pv_sim\sim_pv.sln" (default targets) -- FAILED.

Build FAILED.

"D:\Sandboxs\SMFC4B0_04.01.00\06_Algorithm\04_Engineering\03_Workspace\algo\pv_sim\sim_pv.sln" (default target) (1) ->
(sim_swc_pv target) -> 
  cl : Command line warning D9025: overriding '/TC' with '/TP' [D:\Sandboxs\SMFC4B0_04.01.00\06_Algorithm\04_Engineering\03_Workspace\algo\pv_sim\sim_pv.sln]
  d:\sandboxs\smfc4b0_04.01.00\06_algorithm\04_engineering\03_workspace\algo\pv_sim\src\log\log_dag.c(2): warning C4005: '_CRT_SECURE_NO_DEPRECATE' : macro redefinition [D:\Sandboxs\SMFC4B0_04.01.00\06_Algorithm\04_Engineering\03_Workspace\algo\pv_sim\sim_pv.sln]


"D:\Sandboxs\SMFC4B0_04.01.00\06_Algorithm\04_Engineering\03_Workspace\algo\pv_sim\sim_pv.sln" (default target) (1) ->
(sim_swc_scene target) -> 
  d:\sandboxs\smfc4b0_04.01.00\06_algorithm\04_engineering\01_source_code\common\glob_defs.h(251): warning C4005: 'DEG2RAD' : macro redefinition [D:\Sandboxs\SMFC4B0_04.01.00\06_Algorithm\04_Engineering\03_Workspace\algo\pv_sim\sim_pv.sln]
  d:\sandboxs\smfc4b0_04.01.00\06_algorithm\04_engineering\01_source_code\common\glob_defs.h(254): warning C4005: 'RAD2DEG' : macro redefinition [D:\Sandboxs\SMFC4B0_04.01.00\06_Algorithm\04_Engineering\03_Workspace\algo\pv_sim\sim_pv.sln]


"D:\Sandboxs\SMFC4B0_04.01.00\06_Algorithm\04_Engineering\03_Workspace\algo\pv_sim\sim_pv.sln" (default target) (1) ->
(sim_swc_pv target) -> 
  d:\sandboxs\smfc4b0_04.01.00\06_algorithm\04_engineering\03_workspace\algo\pv_sim\src\log\log_dag.c(141): error C2065: 'PV_SIGTYPE_INVALID' : undeclared identifier [D:\Sandboxs\SMFC4B0_04.01.00\06_Algorithm\04_Engineering\03_Workspace\algo\pv_sim\sim_pv.sln]
  d:\sandboxs\smfc4b0_04.01.00\06_algorithm\04_engineering\03_workspace\algo\pv_sim\src\log\log_dag.c(141): error C2051: case expression not constant [D:\Sandboxs\SMFC4B0_04.01.00\06_Algorithm\04_Engineering\03_Workspace\algo\pv_sim\sim_pv.sln]
  BSCMAKE : error BK1506: cannot open file '.\Debug\sim_swc_pv.sbr': No such file or directory [D:\Sandboxs\SMFC4B0_04.01.00\06_Algorithm\04_Engineering\03_Workspace\algo\pv_sim\sim_pv.sln]


"D:\Sandboxs\SMFC4B0_04.01.00\06_Algorithm\04_Engineering\03_Workspace\algo\pv_sim\sim_pv.sln" (default target) (1) ->
(sim_swc_scene target) -> 
  d:\sandboxs\smfc4b0_04.01.00\06_algorithm\04_engineering\03_workspace\algo\pv_sim\sim_swc_scene\sim_swc_scene.cpp(1136): error C2065: 'RTE_PV_SIGTYPE_ODO_POS_DELTA_ERR_X' : undeclared identifier [D:\Sandboxs\SMFC4B0_04.01.00\06_Algorithm\04_Engineering\03_Workspace\algo\pv_sim\sim_pv.sln]
  d:\sandboxs\smfc4b0_04.01.00\06_algorithm\04_engineering\03_workspace\algo\pv_sim\sim_swc_scene\sim_swc_scene.cpp(1141): error C2065: 'RTE_PV_SIGTYPE_ODO_POS_DELTA_ERR_Y' : undeclared identifier [D:\Sandboxs\SMFC4B0_04.01.00\06_Algorithm\04_Engineering\03_Workspace\algo\pv_sim\sim_pv.sln]

    4 Warning(s)
    5 Error(s)

Time Elapsed 00:00:08.88
----------------------------------------------------------------
----------------------------------------------------------------
----------Building---------------
D:\Sandboxs\SMFC4B0_04.01.00\06_Algorithm\04_Engineering\03_Workspace\algo/semo_sim\sim_swc_semo.sln
Microsoft (R) Build Engine Version 4.0.30319.1
[Microsoft .NET Framework, Version 4.0.30319.1008]
Copyright (C) Microsoft Corporation 2007. All rights reserved.

Build started 21.11.2013 10:27:36.
Project "D:\Sandboxs\SMFC4B0_04.01.00\06_Algorithm\04_Engineering\03_Workspace\algo\semo_sim\sim_swc_semo.sln" on node 1 (default targets).
ValidateSolutionConfiguration:
  Building solution configuration "Debug|Win32".
sim_swc_semo:
  C:\LegacyApp\VisualStudio2005\Common7\IDE\..\..\vc\vcpackages\vcbuild.exe D:\Sandboxs\SMFC4B0_04.01.00\06_Algorithm\04_Engineering\03_Workspace\algo\semo_sim\sim_swc_semo\sim_swc_semo.vcproj "Debug|Win32" 
sim_adapt_semo:
  C:\LegacyApp\VisualStudio2005\Common7\IDE\..\..\vc\vcpackages\vcbuild.exe D:\Sandboxs\SMFC4B0_04.01.00\06_Algorithm\04_Engineering\03_Workspace\algo\semo_sim\semo_adapter\sim_adapt_semo.tmp_Debug_Win32.vcproj "Debug|Win32" 
  Die Datei D:\Sandboxs\SMFC4B0_04.01.00\06_Algorithm\04_Engineering\03_Workspace\algo\semo_sim\semo_adapter\sim_adapt_semo.tmp_Debug_Win32.vcproj wird gelscht.
  del "D:\Sandboxs\SMFC4B0_04.01.00\06_Algorithm\04_Engineering\03_Workspace\algo\semo_sim\semo_adapter\sim_adapt_semo.tmp_Debug_Win32.vcproj"
sim_swc_emodrawmeas:
  C:\LegacyApp\VisualStudio2005\Common7\IDE\..\..\vc\vcpackages\vcbuild.exe D:\Sandboxs\SMFC4B0_04.01.00\06_Algorithm\04_Engineering\03_Workspace\algo\semo_sim\..\emo_sim\emo_drawmeas\sim_swc_emodrawmeas.tmp_Debug_Win32.vcproj "Debug|Win32" 
  Die Datei D:\Sandboxs\SMFC4B0_04.01.00\06_Algorithm\04_Engineering\03_Workspace\algo\semo_sim\..\emo_sim\emo_drawmeas\sim_swc_emodrawmeas.tmp_Debug_Win32.vcproj wird gelscht.
  del "D:\Sandboxs\SMFC4B0_04.01.00\06_Algorithm\04_Engineering\03_Workspace\algo\semo_sim\..\emo_sim\emo_drawmeas\sim_swc_emodrawmeas.tmp_Debug_Win32.vcproj"
sim_adapt_emo_drawmeas:
  C:\LegacyApp\VisualStudio2005\Common7\IDE\..\..\vc\vcpackages\vcbuild.exe D:\Sandboxs\SMFC4B0_04.01.00\06_Algorithm\04_Engineering\03_Workspace\algo\semo_sim\..\emo_sim\sim_adapt_emo_drawmeas\sim_adapt_emo_drawmeas.tmp_Debug_Win32.vcproj "Debug|Win32" 
  Die Datei D:\Sandboxs\SMFC4B0_04.01.00\06_Algorithm\04_Engineering\03_Workspace\algo\semo_sim\..\emo_sim\sim_adapt_emo_drawmeas\sim_adapt_emo_drawmeas.tmp_Debug_Win32.vcproj wird gelscht.
  del "D:\Sandboxs\SMFC4B0_04.01.00\06_Algorithm\04_Engineering\03_Workspace\algo\semo_sim\..\emo_sim\sim_adapt_emo_drawmeas\sim_adapt_emo_drawmeas.tmp_Debug_Win32.vcproj"
Done Building Project "D:\Sandboxs\SMFC4B0_04.01.00\06_Algorithm\04_Engineering\03_Workspace\algo\semo_sim\sim_swc_semo.sln" (default targets).

Build succeeded.
    0 Warning(s)
    0 Error(s)

Time Elapsed 00:00:05.69
----------------------------------------------------------------
----------------------------------------------------------------
----------Building---------------
D:\Sandboxs\SMFC4B0_04.01.00\06_Algorithm\04_Engineering\03_Workspace\algo/sib_sim\sib_sim.sln
Microsoft (R) Build Engine Version 4.0.30319.1
[Microsoft .NET Framework, Version 4.0.30319.1008]
Copyright (C) Microsoft Corporation 2007. All rights reserved.

Build started 21.11.2013 10:27:43.
Project "D:\Sandboxs\SMFC4B0_04.01.00\06_Algorithm\04_Engineering\03_Workspace\algo\sib_sim\sib_sim.sln" on node 1 (default targets).
ValidateSolutionConfiguration:
  Building solution configuration "Debug|Win32".
sim_swc_sib:
  C:\LegacyApp\VisualStudio2005\Common7\IDE\..\..\vc\vcpackages\vcbuild.exe D:\Sandboxs\SMFC4B0_04.01.00\06_Algorithm\04_Engineering\03_Workspace\algo\sib_sim\sim_swc_sib\sim_swc_sib.vcproj "Debug|Win32" 
sim_swc_sib_dll.obj : error LNK2019: unresolved external symbol "public: bool __thiscall CSimSibVisCarpetDebug::OnKeyboardMessage(struct ISimRenderContext const &,struct ISimWindowMessage const &)" (?OnKeyboardMessage@CSimSibVisCarpetDebug@@QAE_NABUISimRenderContext@@ABUISimWindowMessage@@@Z) referenced in function "public: virtual bool __thiscall CSimSib::OnKeyboardMessage(struct ISimRenderContext const &,struct ISimWindowMessage const &)" (?OnKeyboardMessage@CSimSib@@UAE_NABUISimRenderContext@@ABUISimWindowMessage@@@Z) [D:\Sandboxs\SMFC4B0_04.01.00\06_Algorithm\04_Engineering\03_Workspace\algo\sib_sim\sib_sim.sln]
sim_swc_sib_dll.obj : error LNK2019: unresolved external symbol "public: bool __thiscall CSimSibVisCarpetDebug::OnMouseMessage(struct ISimRenderContext const &,struct ISimWindowMessage const &)" (?OnMouseMessage@CSimSibVisCarpetDebug@@QAE_NABUISimRenderContext@@ABUISimWindowMessage@@@Z) referenced in function "public: virtual bool __thiscall CSimSib::OnMouseMessage(struct ISimRenderContext const &,struct ISimWindowMessage const &)" (?OnMouseMessage@CSimSib@@UAE_NABUISimRenderContext@@ABUISimWindowMessage@@@Z) [D:\Sandboxs\SMFC4B0_04.01.00\06_Algorithm\04_Engineering\03_Workspace\algo\sib_sim\sib_sim.sln]
..\..\..\..\..\05_Testing\06_Test_Tools\mts_measurement\dll\algo\sib_sim\sim_swc_sib.dll : fatal error LNK1120: 2 unresolved externals [D:\Sandboxs\SMFC4B0_04.01.00\06_Algorithm\04_Engineering\03_Workspace\algo\sib_sim\sib_sim.sln]
sim_swc_sib_vis:
  C:\LegacyApp\VisualStudio2005\Common7\IDE\..\..\vc\vcpackages\vcbuild.exe D:\Sandboxs\SMFC4B0_04.01.00\06_Algorithm\04_Engineering\03_Workspace\algo\sib_sim\sim_swc_sib_vis\sim_swc_sib_vis.vcproj "Debug|Win32" 
sim_adapt_sib:
  C:\LegacyApp\VisualStudio2005\Common7\IDE\..\..\vc\vcpackages\vcbuild.exe D:\Sandboxs\SMFC4B0_04.01.00\06_Algorithm\04_Engineering\03_Workspace\algo\sib_sim\sib_adapter\sim_adapt_sib.vcproj "Debug|Win32" 
cct\sim_swc_cctmfc300rtewrp:
  The project "sim_swc_cctmfc300rtewrp" is not selected for building in solution configuration "Debug|Win32".
cct\sim_swc_vis_disparity:
  The project "sim_swc_vis_disparity" is not selected for building in solution configuration "Debug|Win32".
cct\sim_swc_vis_perspectives:
  The project "sim_swc_vis_perspectives" is not selected for building in solution configuration "Debug|Win32".
cct\sim_swc_vis_optical_flow:
  C:\LegacyApp\VisualStudio2005\Common7\IDE\..\..\vc\vcpackages\vcbuild.exe D:\Sandboxs\SMFC4B0_04.01.00\06_Algorithm\04_Engineering\03_Workspace\algo\sib_sim\..\cct_sim\sim_swc_vis_optical_flow\sim_swc_vis_optical_flow.vcproj "Debug|Win32" 
Done Building Project "D:\Sandboxs\SMFC4B0_04.01.00\06_Algorithm\04_Engineering\03_Workspace\algo\sib_sim\sib_sim.sln" (default targets) -- FAILED.

Build FAILED.

"D:\Sandboxs\SMFC4B0_04.01.00\06_Algorithm\04_Engineering\03_Workspace\algo\sib_sim\sib_sim.sln" (default target) (1) ->
(sim_swc_sib target) -> 
  sim_swc_sib_dll.obj : error LNK2019: unresolved external symbol "public: bool __thiscall CSimSibVisCarpetDebug::OnKeyboardMessage(struct ISimRenderContext const &,struct ISimWindowMessage const &)" (?OnKeyboardMessage@CSimSibVisCarpetDebug@@QAE_NABUISimRenderContext@@ABUISimWindowMessage@@@Z) referenced in function "public: virtual bool __thiscall CSimSib::OnKeyboardMessage(struct ISimRenderContext const &,struct ISimWindowMessage const &)" (?OnKeyboardMessage@CSimSib@@UAE_NABUISimRenderContext@@ABUISimWindowMessage@@@Z) [D:\Sandboxs\SMFC4B0_04.01.00\06_Algorithm\04_Engineering\03_Workspace\algo\sib_sim\sib_sim.sln]
  sim_swc_sib_dll.obj : error LNK2019: unresolved external symbol "public: bool __thiscall CSimSibVisCarpetDebug::OnMouseMessage(struct ISimRenderContext const &,struct ISimWindowMessage const &)" (?OnMouseMessage@CSimSibVisCarpetDebug@@QAE_NABUISimRenderContext@@ABUISimWindowMessage@@@Z) referenced in function "public: virtual bool __thiscall CSimSib::OnMouseMessage(struct ISimRenderContext const &,struct ISimWindowMessage const &)" (?OnMouseMessage@CSimSib@@UAE_NABUISimRenderContext@@ABUISimWindowMessage@@@Z) [D:\Sandboxs\SMFC4B0_04.01.00\06_Algorithm\04_Engineering\03_Workspace\algo\sib_sim\sib_sim.sln]
  ..\..\..\..\..\05_Testing\06_Test_Tools\mts_measurement\dll\algo\sib_sim\sim_swc_sib.dll : fatal error LNK1120: 2 unresolved externals [D:\Sandboxs\SMFC4B0_04.01.00\06_Algorithm\04_Engineering\03_Workspace\algo\sib_sim\sib_sim.sln]

    0 Warning(s)
    3 Error(s)

Time Elapsed 00:00:08.81
----------------------------------------------------------------
----------------------------------------------------------------
----------Building---------------
D:\Sandboxs\SMFC4B0_04.01.00\06_Algorithm\04_Engineering\03_Workspace\algo/sr_sim_rte\sr_sim.sln
Microsoft (R) Build Engine Version 4.0.30319.1
[Microsoft .NET Framework, Version 4.0.30319.1008]
Copyright (C) Microsoft Corporation 2007. All rights reserved.

Build started 21.11.2013 10:27:52.
Project "D:\Sandboxs\SMFC4B0_04.01.00\06_Algorithm\04_Engineering\03_Workspace\algo\sr_sim_rte\sr_sim.sln" on node 1 (default targets).
ValidateSolutionConfiguration:
  Building solution configuration "Debug|Win32".
sim_swc_sr_rte:
  C:\LegacyApp\VisualStudio2005\Common7\IDE\..\..\vc\vcpackages\vcbuild.exe D:\Sandboxs\SMFC4B0_04.01.00\06_Algorithm\04_Engineering\03_Workspace\algo\sr_sim_rte\sim_swc_sr_rte\sim_swc_sr_rte.vcproj "Debug|Win32" 
sim_adapter_sr_rte:
  C:\LegacyApp\VisualStudio2005\Common7\IDE\..\..\vc\vcpackages\vcbuild.exe D:\Sandboxs\SMFC4B0_04.01.00\06_Algorithm\04_Engineering\03_Workspace\algo\sr_sim_rte\sim_adapter_sr_rte\sim_adapter_sr_rte.vcproj "Debug|Win32" 
Done Building Project "D:\Sandboxs\SMFC4B0_04.01.00\06_Algorithm\04_Engineering\03_Workspace\algo\sr_sim_rte\sr_sim.sln" (default targets).

Build succeeded.
    0 Warning(s)
    0 Error(s)

Time Elapsed 00:00:02.70
----------------------------------------------------------------
----------------------------------------------------------------
----------Building---------------
D:\Sandboxs\SMFC4B0_04.01.00\06_Algorithm\04_Engineering\03_Workspace\algo/vdy_mo\additional_mos.sln
Microsoft (R) Build Engine Version 4.0.30319.1
[Microsoft .NET Framework, Version 4.0.30319.1008]
Copyright (C) Microsoft Corporation 2007. All rights reserved.

Build started 21.11.2013 10:27:55.
Project "D:\Sandboxs\SMFC4B0_04.01.00\06_Algorithm\04_Engineering\03_Workspace\algo\vdy_mo\additional_mos.sln" on node 1 (default targets).
ValidateSolutionConfiguration:
  Building solution configuration "Debug|Win32".
vdy_helper_classes:
  C:\LegacyApp\VisualStudio2005\Common7\IDE\..\..\vc\vcpackages\vcbuild.exe D:\Sandboxs\SMFC4B0_04.01.00\06_Algorithm\04_Engineering\03_Workspace\algo\vdy_mo\vdy_helper_classes\vdy_helper_classes.vcproj "Debug|Win32" 
d:\sandboxs\smfc4b0_04.01.00\06_algorithm\05_testing\06_test_tools\mts\include\mtsversion.h(643): fatal error C1189: #error :  The PROJECT_MTS_VERSION does not match the MTS VERSIONINFO_BUILD. Probably you are trying to compile your project with wrong headers. [D:\Sandboxs\SMFC4B0_04.01.00\06_Algorithm\04_Engineering\03_Workspace\algo\vdy_mo\additional_mos.sln]
d:\sandboxs\smfc4b0_04.01.00\06_algorithm\05_testing\06_test_tools\mts\include\mtsversion.h(643): fatal error C1189: #error :  The PROJECT_MTS_VERSION does not match the MTS VERSIONINFO_BUILD. Probably you are trying to compile your project with wrong headers. [D:\Sandboxs\SMFC4B0_04.01.00\06_Algorithm\04_Engineering\03_Workspace\algo\vdy_mo\additional_mos.sln]
d:\sandboxs\smfc4b0_04.01.00\06_algorithm\05_testing\06_test_tools\mts\include\mtsversion.h(643): fatal error C1189: #error :  The PROJECT_MTS_VERSION does not match the MTS VERSIONINFO_BUILD. Probably you are trying to compile your project with wrong headers. [D:\Sandboxs\SMFC4B0_04.01.00\06_Algorithm\04_Engineering\03_Workspace\algo\vdy_mo\additional_mos.sln]
vdy_validate:
  C:\LegacyApp\VisualStudio2005\Common7\IDE\..\..\vc\vcpackages\vcbuild.exe D:\Sandboxs\SMFC4B0_04.01.00\06_Algorithm\04_Engineering\03_Workspace\algo\vdy_mo\vdy_validate\vdy_validate.vcproj "Debug|Win32" 
d:\Sandboxs\SMFC4B0_04.01.00\06_Algorithm\04_Engineering\03_Workspace\algo\vdy_mo\vdy_helper_classes\vdy_stdafx.h(52): fatal error C1083: Cannot open include file: 'atlapp.h': No such file or directory [D:\Sandboxs\SMFC4B0_04.01.00\06_Algorithm\04_Engineering\03_Workspace\algo\vdy_mo\additional_mos.sln]
d:\Sandboxs\SMFC4B0_04.01.00\06_Algorithm\04_Engineering\03_Workspace\algo\vdy_mo\vdy_helper_classes\vdy_stdafx.h(52): fatal error C1083: Cannot open include file: 'atlapp.h': No such file or directory [D:\Sandboxs\SMFC4B0_04.01.00\06_Algorithm\04_Engineering\03_Workspace\algo\vdy_mo\additional_mos.sln]
d:\Sandboxs\SMFC4B0_04.01.00\06_Algorithm\04_Engineering\03_Workspace\algo\vdy_mo\vdy_helper_classes\vdy_stdafx.h(52): fatal error C1083: Cannot open include file: 'atlapp.h': No such file or directory [D:\Sandboxs\SMFC4B0_04.01.00\06_Algorithm\04_Engineering\03_Workspace\algo\vdy_mo\additional_mos.sln]
d:\Sandboxs\SMFC4B0_04.01.00\06_Algorithm\04_Engineering\03_Workspace\algo\vdy_mo\vdy_helper_classes\vdy_stdafx.h(52): fatal error C1083: Cannot open include file: 'atlapp.h': No such file or directory [D:\Sandboxs\SMFC4B0_04.01.00\06_Algorithm\04_Engineering\03_Workspace\algo\vdy_mo\additional_mos.sln]
d:\Sandboxs\SMFC4B0_04.01.00\06_Algorithm\04_Engineering\03_Workspace\algo\vdy_mo\vdy_helper_classes\vdy_stdafx.h(52): fatal error C1083: Cannot open include file: 'atlapp.h': No such file or directory [D:\Sandboxs\SMFC4B0_04.01.00\06_Algorithm\04_Engineering\03_Workspace\algo\vdy_mo\additional_mos.sln]
BSCMAKE : error BK1506: cannot open file '.\Debug\histogram_com.sbr': No such file or directory [D:\Sandboxs\SMFC4B0_04.01.00\06_Algorithm\04_Engineering\03_Workspace\algo\vdy_mo\additional_mos.sln]
vdy_equ_parser:
  C:\LegacyApp\VisualStudio2005\Common7\IDE\..\..\vc\vcpackages\vcbuild.exe D:\Sandboxs\SMFC4B0_04.01.00\06_Algorithm\04_Engineering\03_Workspace\algo\vdy_mo\vdy_equ_parser\vdy_equ_parser.vcproj "Debug|Win32" 
d:\sandboxs\smfc4b0_04.01.00\06_algorithm\04_engineering\03_workspace\algo\vdy_mo\vdy_equ_parser\stdafx.h(42): fatal error C1083: Cannot open include file: 'atlapp.h': No such file or directory [D:\Sandboxs\SMFC4B0_04.01.00\06_Algorithm\04_Engineering\03_Workspace\algo\vdy_mo\additional_mos.sln]
d:\sandboxs\smfc4b0_04.01.00\06_algorithm\04_engineering\03_workspace\algo\vdy_mo\vdy_equ_parser\StdAfx.h(42): fatal error C1083: Cannot open include file: 'atlapp.h': No such file or directory [D:\Sandboxs\SMFC4B0_04.01.00\06_Algorithm\04_Engineering\03_Workspace\algo\vdy_mo\additional_mos.sln]
d:\sandboxs\smfc4b0_04.01.00\06_algorithm\04_engineering\03_workspace\algo\vdy_mo\vdy_equ_parser\stdafx.h(42): fatal error C1083: Cannot open include file: 'atlapp.h': No such file or directory [D:\Sandboxs\SMFC4B0_04.01.00\06_Algorithm\04_Engineering\03_Workspace\algo\vdy_mo\additional_mos.sln]
d:\sandboxs\smfc4b0_04.01.00\06_algorithm\04_engineering\03_workspace\algo\vdy_mo\vdy_equ_parser\StdAfx.h(42): fatal error C1083: Cannot open include file: 'atlapp.h': No such file or directory [D:\Sandboxs\SMFC4B0_04.01.00\06_Algorithm\04_Engineering\03_Workspace\algo\vdy_mo\additional_mos.sln]
d:\sandboxs\smfc4b0_04.01.00\06_algorithm\04_engineering\03_workspace\algo\vdy_mo\vdy_equ_parser\stdafx.h(42): fatal error C1083: Cannot open include file: 'atlapp.h': No such file or directory [D:\Sandboxs\SMFC4B0_04.01.00\06_Algorithm\04_Engineering\03_Workspace\algo\vdy_mo\additional_mos.sln]
d:\sandboxs\smfc4b0_04.01.00\06_algorithm\04_engineering\03_workspace\algo\vdy_mo\vdy_equ_parser\stdafx.h(42): fatal error C1083: Cannot open include file: 'atlapp.h': No such file or directory [D:\Sandboxs\SMFC4B0_04.01.00\06_Algorithm\04_Engineering\03_Workspace\algo\vdy_mo\additional_mos.sln]
d:\sandboxs\smfc4b0_04.01.00\06_algorithm\04_engineering\03_workspace\algo\vdy_mo\vdy_equ_parser\StdAfx.h(42): fatal error C1083: Cannot open include file: 'atlapp.h': No such file or directory [D:\Sandboxs\SMFC4B0_04.01.00\06_Algorithm\04_Engineering\03_Workspace\algo\vdy_mo\additional_mos.sln]
d:\sandboxs\smfc4b0_04.01.00\06_algorithm\04_engineering\03_workspace\algo\vdy_mo\vdy_equ_parser\stdafx.h(42): fatal error C1083: Cannot open include file: 'atlapp.h': No such file or directory [D:\Sandboxs\SMFC4B0_04.01.00\06_Algorithm\04_Engineering\03_Workspace\algo\vdy_mo\additional_mos.sln]
BSCMAKE : error BK1506: cannot open file '.\Debug\formula_config_page_dlg.sbr': No such file or directory [D:\Sandboxs\SMFC4B0_04.01.00\06_Algorithm\04_Engineering\03_Workspace\algo\vdy_mo\additional_mos.sln]
vdy_osci:
  C:\LegacyApp\VisualStudio2005\Common7\IDE\..\..\vc\vcpackages\vcbuild.exe D:\Sandboxs\SMFC4B0_04.01.00\06_Algorithm\04_Engineering\03_Workspace\algo\vdy_mo\vdy_osci\vdy_osci.vcproj "Debug|Win32" 
d:\Sandboxs\SMFC4B0_04.01.00\06_Algorithm\04_Engineering\03_Workspace\algo\vdy_mo\vdy_helper_classes\vdy_stdafx.h(52): fatal error C1083: Cannot open include file: 'atlapp.h': No such file or directory [D:\Sandboxs\SMFC4B0_04.01.00\06_Algorithm\04_Engineering\03_Workspace\algo\vdy_mo\additional_mos.sln]
d:\Sandboxs\SMFC4B0_04.01.00\06_Algorithm\04_Engineering\03_Workspace\algo\vdy_mo\vdy_helper_classes\vdy_stdafx.h(52): fatal error C1083: Cannot open include file: 'atlapp.h': No such file or directory [D:\Sandboxs\SMFC4B0_04.01.00\06_Algorithm\04_Engineering\03_Workspace\algo\vdy_mo\additional_mos.sln]
d:\Sandboxs\SMFC4B0_04.01.00\06_Algorithm\04_Engineering\03_Workspace\algo\vdy_mo\vdy_helper_classes\vdy_stdafx.h(52): fatal error C1083: Cannot open include file: 'atlapp.h': No such file or directory [D:\Sandboxs\SMFC4B0_04.01.00\06_Algorithm\04_Engineering\03_Workspace\algo\vdy_mo\additional_mos.sln]
BSCMAKE : error BK1506: cannot open file '.\Debug\vdy_osci.sbr': No such file or directory [D:\Sandboxs\SMFC4B0_04.01.00\06_Algorithm\04_Engineering\03_Workspace\algo\vdy_mo\additional_mos.sln]
sa_bracket_tester:
  C:\LegacyApp\VisualStudio2005\Common7\IDE\..\..\vc\vcpackages\vcbuild.exe D:\Sandboxs\SMFC4B0_04.01.00\06_Algorithm\04_Engineering\03_Workspace\algo\vdy_mo\sa_bracket_tester\sa_bracket_tester.vcproj "Debug|Win32" 
d:\sandboxs\smfc4b0_04.01.00\06_algorithm\04_engineering\03_workspace\algo\vdy_mo\sa_bracket_tester\stdafx.h(65): fatal error C1083: Cannot open include file: 'atlapp.h': No such file or directory [D:\Sandboxs\SMFC4B0_04.01.00\06_Algorithm\04_Engineering\03_Workspace\algo\vdy_mo\additional_mos.sln]
d:\sandboxs\smfc4b0_04.01.00\06_algorithm\04_engineering\03_workspace\algo\vdy_mo\sa_bracket_tester\stdafx.h(65): fatal error C1083: Cannot open include file: 'atlapp.h': No such file or directory [D:\Sandboxs\SMFC4B0_04.01.00\06_Algorithm\04_Engineering\03_Workspace\algo\vdy_mo\additional_mos.sln]
d:\sandboxs\smfc4b0_04.01.00\06_algorithm\04_engineering\03_workspace\algo\vdy_mo\sa_bracket_tester\stdafx.h(65): fatal error C1083: Cannot open include file: 'atlapp.h': No such file or directory [D:\Sandboxs\SMFC4B0_04.01.00\06_Algorithm\04_Engineering\03_Workspace\algo\vdy_mo\additional_mos.sln]
d:\sandboxs\smfc4b0_04.01.00\06_algorithm\04_engineering\03_workspace\algo\vdy_mo\sa_bracket_tester\stdafx.h(65): fatal error C1083: Cannot open include file: 'atlapp.h': No such file or directory [D:\Sandboxs\SMFC4B0_04.01.00\06_Algorithm\04_Engineering\03_Workspace\algo\vdy_mo\additional_mos.sln]
BSCMAKE : error BK1506: cannot open file '.\Debug\sa_bracket_tester.sbr': No such file or directory [D:\Sandboxs\SMFC4B0_04.01.00\06_Algorithm\04_Engineering\03_Workspace\algo\vdy_mo\additional_mos.sln]
mts_play_watchdog:
  C:\LegacyApp\VisualStudio2005\Common7\IDE\..\..\vc\vcpackages\vcbuild.exe D:\Sandboxs\SMFC4B0_04.01.00\06_Algorithm\04_Engineering\03_Workspace\algo\vdy_mo\mts_play_watchdog\mts_play_watchdog.vcproj "Debug|Win32" 
d:\sandboxs\smfc4b0_04.01.00\06_algorithm\05_testing\06_test_tools\mts\include\mtsversion.h(643): fatal error C1189: #error :  The PROJECT_MTS_VERSION does not match the MTS VERSIONINFO_BUILD. Probably you are trying to compile your project with wrong headers. [D:\Sandboxs\SMFC4B0_04.01.00\06_Algorithm\04_Engineering\03_Workspace\algo\vdy_mo\additional_mos.sln]
d:\sandboxs\smfc4b0_04.01.00\06_algorithm\05_testing\06_test_tools\mts\include\mtsversion.h(643): fatal error C1189: #error :  The PROJECT_MTS_VERSION does not match the MTS VERSIONINFO_BUILD. Probably you are trying to compile your project with wrong headers. [D:\Sandboxs\SMFC4B0_04.01.00\06_Algorithm\04_Engineering\03_Workspace\algo\vdy_mo\additional_mos.sln]
d:\sandboxs\smfc4b0_04.01.00\06_algorithm\05_testing\06_test_tools\mts\include\mtsversion.h(643): fatal error C1189: #error :  The PROJECT_MTS_VERSION does not match the MTS VERSIONINFO_BUILD. Probably you are trying to compile your project with wrong headers. [D:\Sandboxs\SMFC4B0_04.01.00\06_Algorithm\04_Engineering\03_Workspace\algo\vdy_mo\additional_mos.sln]
d:\sandboxs\smfc4b0_04.01.00\06_algorithm\05_testing\06_test_tools\mts\include\mtsversion.h(643): fatal error C1189: #error :  The PROJECT_MTS_VERSION does not match the MTS VERSIONINFO_BUILD. Probably you are trying to compile your project with wrong headers. [D:\Sandboxs\SMFC4B0_04.01.00\06_Algorithm\04_Engineering\03_Workspace\algo\vdy_mo\additional_mos.sln]
BSCMAKE : error BK1506: cannot open file '.\Debug\mts_play_watchdogdll.sbr': No such file or directory [D:\Sandboxs\SMFC4B0_04.01.00\06_Algorithm\04_Engineering\03_Workspace\algo\vdy_mo\additional_mos.sln]
mts_cycle_counter_check:
  C:\LegacyApp\VisualStudio2005\Common7\IDE\..\..\vc\vcpackages\vcbuild.exe D:\Sandboxs\SMFC4B0_04.01.00\06_Algorithm\04_Engineering\03_Workspace\algo\vdy_mo\mts_cycle_counter_check\mts_cycle_counter_check.vcproj "Debug|Win32" 
d:\sandboxs\smfc4b0_04.01.00\06_algorithm\04_engineering\03_workspace\algo\vdy_mo\mts_cycle_counter_check\stdafx.h(65): fatal error C1083: Cannot open include file: 'atlapp.h': No such file or directory [D:\Sandboxs\SMFC4B0_04.01.00\06_Algorithm\04_Engineering\03_Workspace\algo\vdy_mo\additional_mos.sln]
d:\sandboxs\smfc4b0_04.01.00\06_algorithm\04_engineering\03_workspace\algo\vdy_mo\mts_cycle_counter_check\stdafx.h(65): fatal error C1083: Cannot open include file: 'atlapp.h': No such file or directory [D:\Sandboxs\SMFC4B0_04.01.00\06_Algorithm\04_Engineering\03_Workspace\algo\vdy_mo\additional_mos.sln]
d:\sandboxs\smfc4b0_04.01.00\06_algorithm\04_engineering\03_workspace\algo\vdy_mo\mts_cycle_counter_check\stdafx.h(65): fatal error C1083: Cannot open include file: 'atlapp.h': No such file or directory [D:\Sandboxs\SMFC4B0_04.01.00\06_Algorithm\04_Engineering\03_Workspace\algo\vdy_mo\additional_mos.sln]
d:\sandboxs\smfc4b0_04.01.00\06_algorithm\04_engineering\03_workspace\algo\vdy_mo\mts_cycle_counter_check\stdafx.h(65): fatal error C1083: Cannot open include file: 'atlapp.h': No such file or directory [D:\Sandboxs\SMFC4B0_04.01.00\06_Algorithm\04_Engineering\03_Workspace\algo\vdy_mo\additional_mos.sln]
Done Building Project "D:\Sandboxs\SMFC4B0_04.01.00\06_Algorithm\04_Engineering\03_Workspace\algo\vdy_mo\additional_mos.sln" (default targets) -- FAILED.

Build FAILED.

"D:\Sandboxs\SMFC4B0_04.01.00\06_Algorithm\04_Engineering\03_Workspace\algo\vdy_mo\additional_mos.sln" (default target) (1) ->
(vdy_helper_classes target) -> 
  d:\sandboxs\smfc4b0_04.01.00\06_algorithm\05_testing\06_test_tools\mts\include\mtsversion.h(643): fatal error C1189: #error :  The PROJECT_MTS_VERSION does not match the MTS VERSIONINFO_BUILD. Probably you are trying to compile your project with wrong headers. [D:\Sandboxs\SMFC4B0_04.01.00\06_Algorithm\04_Engineering\03_Workspace\algo\vdy_mo\additional_mos.sln]
  d:\sandboxs\smfc4b0_04.01.00\06_algorithm\05_testing\06_test_tools\mts\include\mtsversion.h(643): fatal error C1189: #error :  The PROJECT_MTS_VERSION does not match the MTS VERSIONINFO_BUILD. Probably you are trying to compile your project with wrong headers. [D:\Sandboxs\SMFC4B0_04.01.00\06_Algorithm\04_Engineering\03_Workspace\algo\vdy_mo\additional_mos.sln]
  d:\sandboxs\smfc4b0_04.01.00\06_algorithm\05_testing\06_test_tools\mts\include\mtsversion.h(643): fatal error C1189: #error :  The PROJECT_MTS_VERSION does not match the MTS VERSIONINFO_BUILD. Probably you are trying to compile your project with wrong headers. [D:\Sandboxs\SMFC4B0_04.01.00\06_Algorithm\04_Engineering\03_Workspace\algo\vdy_mo\additional_mos.sln]


"D:\Sandboxs\SMFC4B0_04.01.00\06_Algorithm\04_Engineering\03_Workspace\algo\vdy_mo\additional_mos.sln" (default target) (1) ->
(vdy_validate target) -> 
  d:\Sandboxs\SMFC4B0_04.01.00\06_Algorithm\04_Engineering\03_Workspace\algo\vdy_mo\vdy_helper_classes\vdy_stdafx.h(52): fatal error C1083: Cannot open include file: 'atlapp.h': No such file or directory [D:\Sandboxs\SMFC4B0_04.01.00\06_Algorithm\04_Engineering\03_Workspace\algo\vdy_mo\additional_mos.sln]
  d:\Sandboxs\SMFC4B0_04.01.00\06_Algorithm\04_Engineering\03_Workspace\algo\vdy_mo\vdy_helper_classes\vdy_stdafx.h(52): fatal error C1083: Cannot open include file: 'atlapp.h': No such file or directory [D:\Sandboxs\SMFC4B0_04.01.00\06_Algorithm\04_Engineering\03_Workspace\algo\vdy_mo\additional_mos.sln]
  d:\Sandboxs\SMFC4B0_04.01.00\06_Algorithm\04_Engineering\03_Workspace\algo\vdy_mo\vdy_helper_classes\vdy_stdafx.h(52): fatal error C1083: Cannot open include file: 'atlapp.h': No such file or directory [D:\Sandboxs\SMFC4B0_04.01.00\06_Algorithm\04_Engineering\03_Workspace\algo\vdy_mo\additional_mos.sln]
  d:\Sandboxs\SMFC4B0_04.01.00\06_Algorithm\04_Engineering\03_Workspace\algo\vdy_mo\vdy_helper_classes\vdy_stdafx.h(52): fatal error C1083: Cannot open include file: 'atlapp.h': No such file or directory [D:\Sandboxs\SMFC4B0_04.01.00\06_Algorithm\04_Engineering\03_Workspace\algo\vdy_mo\additional_mos.sln]
  d:\Sandboxs\SMFC4B0_04.01.00\06_Algorithm\04_Engineering\03_Workspace\algo\vdy_mo\vdy_helper_classes\vdy_stdafx.h(52): fatal error C1083: Cannot open include file: 'atlapp.h': No such file or directory [D:\Sandboxs\SMFC4B0_04.01.00\06_Algorithm\04_Engineering\03_Workspace\algo\vdy_mo\additional_mos.sln]
  BSCMAKE : error BK1506: cannot open file '.\Debug\histogram_com.sbr': No such file or directory [D:\Sandboxs\SMFC4B0_04.01.00\06_Algorithm\04_Engineering\03_Workspace\algo\vdy_mo\additional_mos.sln]


"D:\Sandboxs\SMFC4B0_04.01.00\06_Algorithm\04_Engineering\03_Workspace\algo\vdy_mo\additional_mos.sln" (default target) (1) ->
(vdy_equ_parser target) -> 
  d:\sandboxs\smfc4b0_04.01.00\06_algorithm\04_engineering\03_workspace\algo\vdy_mo\vdy_equ_parser\stdafx.h(42): fatal error C1083: Cannot open include file: 'atlapp.h': No such file or directory [D:\Sandboxs\SMFC4B0_04.01.00\06_Algorithm\04_Engineering\03_Workspace\algo\vdy_mo\additional_mos.sln]
  d:\sandboxs\smfc4b0_04.01.00\06_algorithm\04_engineering\03_workspace\algo\vdy_mo\vdy_equ_parser\StdAfx.h(42): fatal error C1083: Cannot open include file: 'atlapp.h': No such file or directory [D:\Sandboxs\SMFC4B0_04.01.00\06_Algorithm\04_Engineering\03_Workspace\algo\vdy_mo\additional_mos.sln]
  d:\sandboxs\smfc4b0_04.01.00\06_algorithm\04_engineering\03_workspace\algo\vdy_mo\vdy_equ_parser\stdafx.h(42): fatal error C1083: Cannot open include file: 'atlapp.h': No such file or directory [D:\Sandboxs\SMFC4B0_04.01.00\06_Algorithm\04_Engineering\03_Workspace\algo\vdy_mo\additional_mos.sln]
  d:\sandboxs\smfc4b0_04.01.00\06_algorithm\04_engineering\03_workspace\algo\vdy_mo\vdy_equ_parser\StdAfx.h(42): fatal error C1083: Cannot open include file: 'atlapp.h': No such file or directory [D:\Sandboxs\SMFC4B0_04.01.00\06_Algorithm\04_Engineering\03_Workspace\algo\vdy_mo\additional_mos.sln]
  d:\sandboxs\smfc4b0_04.01.00\06_algorithm\04_engineering\03_workspace\algo\vdy_mo\vdy_equ_parser\stdafx.h(42): fatal error C1083: Cannot open include file: 'atlapp.h': No such file or directory [D:\Sandboxs\SMFC4B0_04.01.00\06_Algorithm\04_Engineering\03_Workspace\algo\vdy_mo\additional_mos.sln]
  d:\sandboxs\smfc4b0_04.01.00\06_algorithm\04_engineering\03_workspace\algo\vdy_mo\vdy_equ_parser\stdafx.h(42): fatal error C1083: Cannot open include file: 'atlapp.h': No such file or directory [D:\Sandboxs\SMFC4B0_04.01.00\06_Algorithm\04_Engineering\03_Workspace\algo\vdy_mo\additional_mos.sln]
  d:\sandboxs\smfc4b0_04.01.00\06_algorithm\04_engineering\03_workspace\algo\vdy_mo\vdy_equ_parser\StdAfx.h(42): fatal error C1083: Cannot open include file: 'atlapp.h': No such file or directory [D:\Sandboxs\SMFC4B0_04.01.00\06_Algorithm\04_Engineering\03_Workspace\algo\vdy_mo\additional_mos.sln]
  d:\sandboxs\smfc4b0_04.01.00\06_algorithm\04_engineering\03_workspace\algo\vdy_mo\vdy_equ_parser\stdafx.h(42): fatal error C1083: Cannot open include file: 'atlapp.h': No such file or directory [D:\Sandboxs\SMFC4B0_04.01.00\06_Algorithm\04_Engineering\03_Workspace\algo\vdy_mo\additional_mos.sln]
  BSCMAKE : error BK1506: cannot open file '.\Debug\formula_config_page_dlg.sbr': No such file or directory [D:\Sandboxs\SMFC4B0_04.01.00\06_Algorithm\04_Engineering\03_Workspace\algo\vdy_mo\additional_mos.sln]


"D:\Sandboxs\SMFC4B0_04.01.00\06_Algorithm\04_Engineering\03_Workspace\algo\vdy_mo\additional_mos.sln" (default target) (1) ->
(vdy_osci target) -> 
  d:\Sandboxs\SMFC4B0_04.01.00\06_Algorithm\04_Engineering\03_Workspace\algo\vdy_mo\vdy_helper_classes\vdy_stdafx.h(52): fatal error C1083: Cannot open include file: 'atlapp.h': No such file or directory [D:\Sandboxs\SMFC4B0_04.01.00\06_Algorithm\04_Engineering\03_Workspace\algo\vdy_mo\additional_mos.sln]
  d:\Sandboxs\SMFC4B0_04.01.00\06_Algorithm\04_Engineering\03_Workspace\algo\vdy_mo\vdy_helper_classes\vdy_stdafx.h(52): fatal error C1083: Cannot open include file: 'atlapp.h': No such file or directory [D:\Sandboxs\SMFC4B0_04.01.00\06_Algorithm\04_Engineering\03_Workspace\algo\vdy_mo\additional_mos.sln]
  d:\Sandboxs\SMFC4B0_04.01.00\06_Algorithm\04_Engineering\03_Workspace\algo\vdy_mo\vdy_helper_classes\vdy_stdafx.h(52): fatal error C1083: Cannot open include file: 'atlapp.h': No such file or directory [D:\Sandboxs\SMFC4B0_04.01.00\06_Algorithm\04_Engineering\03_Workspace\algo\vdy_mo\additional_mos.sln]
  BSCMAKE : error BK1506: cannot open file '.\Debug\vdy_osci.sbr': No such file or directory [D:\Sandboxs\SMFC4B0_04.01.00\06_Algorithm\04_Engineering\03_Workspace\algo\vdy_mo\additional_mos.sln]


"D:\Sandboxs\SMFC4B0_04.01.00\06_Algorithm\04_Engineering\03_Workspace\algo\vdy_mo\additional_mos.sln" (default target) (1) ->
(sa_bracket_tester target) -> 
  d:\sandboxs\smfc4b0_04.01.00\06_algorithm\04_engineering\03_workspace\algo\vdy_mo\sa_bracket_tester\stdafx.h(65): fatal error C1083: Cannot open include file: 'atlapp.h': No such file or directory [D:\Sandboxs\SMFC4B0_04.01.00\06_Algorithm\04_Engineering\03_Workspace\algo\vdy_mo\additional_mos.sln]
  d:\sandboxs\smfc4b0_04.01.00\06_algorithm\04_engineering\03_workspace\algo\vdy_mo\sa_bracket_tester\stdafx.h(65): fatal error C1083: Cannot open include file: 'atlapp.h': No such file or directory [D:\Sandboxs\SMFC4B0_04.01.00\06_Algorithm\04_Engineering\03_Workspace\algo\vdy_mo\additional_mos.sln]
  d:\sandboxs\smfc4b0_04.01.00\06_algorithm\04_engineering\03_workspace\algo\vdy_mo\sa_bracket_tester\stdafx.h(65): fatal error C1083: Cannot open include file: 'atlapp.h': No such file or directory [D:\Sandboxs\SMFC4B0_04.01.00\06_Algorithm\04_Engineering\03_Workspace\algo\vdy_mo\additional_mos.sln]
  d:\sandboxs\smfc4b0_04.01.00\06_algorithm\04_engineering\03_workspace\algo\vdy_mo\sa_bracket_tester\stdafx.h(65): fatal error C1083: Cannot open include file: 'atlapp.h': No such file or directory [D:\Sandboxs\SMFC4B0_04.01.00\06_Algorithm\04_Engineering\03_Workspace\algo\vdy_mo\additional_mos.sln]
  BSCMAKE : error BK1506: cannot open file '.\Debug\sa_bracket_tester.sbr': No such file or directory [D:\Sandboxs\SMFC4B0_04.01.00\06_Algorithm\04_Engineering\03_Workspace\algo\vdy_mo\additional_mos.sln]


"D:\Sandboxs\SMFC4B0_04.01.00\06_Algorithm\04_Engineering\03_Workspace\algo\vdy_mo\additional_mos.sln" (default target) (1) ->
(mts_play_watchdog target) -> 
  d:\sandboxs\smfc4b0_04.01.00\06_algorithm\05_testing\06_test_tools\mts\include\mtsversion.h(643): fatal error C1189: #error :  The PROJECT_MTS_VERSION does not match the MTS VERSIONINFO_BUILD. Probably you are trying to compile your project with wrong headers. [D:\Sandboxs\SMFC4B0_04.01.00\06_Algorithm\04_Engineering\03_Workspace\algo\vdy_mo\additional_mos.sln]
  d:\sandboxs\smfc4b0_04.01.00\06_algorithm\05_testing\06_test_tools\mts\include\mtsversion.h(643): fatal error C1189: #error :  The PROJECT_MTS_VERSION does not match the MTS VERSIONINFO_BUILD. Probably you are trying to compile your project with wrong headers. [D:\Sandboxs\SMFC4B0_04.01.00\06_Algorithm\04_Engineering\03_Workspace\algo\vdy_mo\additional_mos.sln]
  d:\sandboxs\smfc4b0_04.01.00\06_algorithm\05_testing\06_test_tools\mts\include\mtsversion.h(643): fatal error C1189: #error :  The PROJECT_MTS_VERSION does not match the MTS VERSIONINFO_BUILD. Probably you are trying to compile your project with wrong headers. [D:\Sandboxs\SMFC4B0_04.01.00\06_Algorithm\04_Engineering\03_Workspace\algo\vdy_mo\additional_mos.sln]
  d:\sandboxs\smfc4b0_04.01.00\06_algorithm\05_testing\06_test_tools\mts\include\mtsversion.h(643): fatal error C1189: #error :  The PROJECT_MTS_VERSION does not match the MTS VERSIONINFO_BUILD. Probably you are trying to compile your project with wrong headers. [D:\Sandboxs\SMFC4B0_04.01.00\06_Algorithm\04_Engineering\03_Workspace\algo\vdy_mo\additional_mos.sln]
  BSCMAKE : error BK1506: cannot open file '.\Debug\mts_play_watchdogdll.sbr': No such file or directory [D:\Sandboxs\SMFC4B0_04.01.00\06_Algorithm\04_Engineering\03_Workspace\algo\vdy_mo\additional_mos.sln]


"D:\Sandboxs\SMFC4B0_04.01.00\06_Algorithm\04_Engineering\03_Workspace\algo\vdy_mo\additional_mos.sln" (default target) (1) ->
(mts_cycle_counter_check target) -> 
  d:\sandboxs\smfc4b0_04.01.00\06_algorithm\04_engineering\03_workspace\algo\vdy_mo\mts_cycle_counter_check\stdafx.h(65): fatal error C1083: Cannot open include file: 'atlapp.h': No such file or directory [D:\Sandboxs\SMFC4B0_04.01.00\06_Algorithm\04_Engineering\03_Workspace\algo\vdy_mo\additional_mos.sln]
  d:\sandboxs\smfc4b0_04.01.00\06_algorithm\04_engineering\03_workspace\algo\vdy_mo\mts_cycle_counter_check\stdafx.h(65): fatal error C1083: Cannot open include file: 'atlapp.h': No such file or directory [D:\Sandboxs\SMFC4B0_04.01.00\06_Algorithm\04_Engineering\03_Workspace\algo\vdy_mo\additional_mos.sln]
  d:\sandboxs\smfc4b0_04.01.00\06_algorithm\04_engineering\03_workspace\algo\vdy_mo\mts_cycle_counter_check\stdafx.h(65): fatal error C1083: Cannot open include file: 'atlapp.h': No such file or directory [D:\Sandboxs\SMFC4B0_04.01.00\06_Algorithm\04_Engineering\03_Workspace\algo\vdy_mo\additional_mos.sln]
  d:\sandboxs\smfc4b0_04.01.00\06_algorithm\04_engineering\03_workspace\algo\vdy_mo\mts_cycle_counter_check\stdafx.h(65): fatal error C1083: Cannot open include file: 'atlapp.h': No such file or directory [D:\Sandboxs\SMFC4B0_04.01.00\06_Algorithm\04_Engineering\03_Workspace\algo\vdy_mo\additional_mos.sln]

    0 Warning(s)
    36 Error(s)

Time Elapsed 00:00:46.03
----------------------------------------------------------------
----------------------------------------------------------------
----------Building---------------
D:\Sandboxs\SMFC4B0_04.01.00\06_Algorithm\04_Engineering\03_Workspace\algo/vdy_mo\vdy_mos.sln
Microsoft (R) Build Engine Version 4.0.30319.1
[Microsoft .NET Framework, Version 4.0.30319.1008]
Copyright (C) Microsoft Corporation 2007. All rights reserved.

Build started 21.11.2013 10:28:41.
Project "D:\Sandboxs\SMFC4B0_04.01.00\06_Algorithm\04_Engineering\03_Workspace\algo\vdy_mo\vdy_mos.sln" on node 1 (default targets).
ValidateSolutionConfiguration:
  Building solution configuration "Debug|Win32".
vdy_input:
  C:\LegacyApp\VisualStudio2005\Common7\IDE\..\..\vc\vcpackages\vcbuild.exe D:\Sandboxs\SMFC4B0_04.01.00\06_Algorithm\04_Engineering\03_Workspace\algo\vdy_mo\vdy_input\vdy_input.vcproj "Debug|Win32" 
d:\Sandboxs\SMFC4B0_04.01.00\06_Algorithm\04_Engineering\03_Workspace\algo\vdy_mo\vdy_helper_classes\vdy_stdafx.h(52): fatal error C1083: Cannot open include file: 'atlapp.h': No such file or directory [D:\Sandboxs\SMFC4B0_04.01.00\06_Algorithm\04_Engineering\03_Workspace\algo\vdy_mo\vdy_mos.sln]
d:\Sandboxs\SMFC4B0_04.01.00\06_Algorithm\04_Engineering\03_Workspace\algo\vdy_mo\vdy_helper_classes\vdy_stdafx.h(52): fatal error C1083: Cannot open include file: 'atlapp.h': No such file or directory [D:\Sandboxs\SMFC4B0_04.01.00\06_Algorithm\04_Engineering\03_Workspace\algo\vdy_mo\vdy_mos.sln]
d:\Sandboxs\SMFC4B0_04.01.00\06_Algorithm\04_Engineering\03_Workspace\algo\vdy_mo\vdy_helper_classes\vdy_stdafx.h(52): fatal error C1083: Cannot open include file: 'atlapp.h': No such file or directory [D:\Sandboxs\SMFC4B0_04.01.00\06_Algorithm\04_Engineering\03_Workspace\algo\vdy_mo\vdy_mos.sln]
BSCMAKE : error BK1506: cannot open file '.\Debug\inp_propdlg.sbr': No such file or directory [D:\Sandboxs\SMFC4B0_04.01.00\06_Algorithm\04_Engineering\03_Workspace\algo\vdy_mo\vdy_mos.sln]
vdy_helper_classes:
  C:\LegacyApp\VisualStudio2005\Common7\IDE\..\..\vc\vcpackages\vcbuild.exe D:\Sandboxs\SMFC4B0_04.01.00\06_Algorithm\04_Engineering\03_Workspace\algo\vdy_mo\vdy_helper_classes\vdy_helper_classes.vcproj "Debug|Win32" 
d:\sandboxs\smfc4b0_04.01.00\06_algorithm\05_testing\06_test_tools\mts\include\mtsversion.h(643): fatal error C1189: #error :  The PROJECT_MTS_VERSION does not match the MTS VERSIONINFO_BUILD. Probably you are trying to compile your project with wrong headers. [D:\Sandboxs\SMFC4B0_04.01.00\06_Algorithm\04_Engineering\03_Workspace\algo\vdy_mo\vdy_mos.sln]
d:\sandboxs\smfc4b0_04.01.00\06_algorithm\05_testing\06_test_tools\mts\include\mtsversion.h(643): fatal error C1189: #error :  The PROJECT_MTS_VERSION does not match the MTS VERSIONINFO_BUILD. Probably you are trying to compile your project with wrong headers. [D:\Sandboxs\SMFC4B0_04.01.00\06_Algorithm\04_Engineering\03_Workspace\algo\vdy_mo\vdy_mos.sln]
d:\sandboxs\smfc4b0_04.01.00\06_algorithm\05_testing\06_test_tools\mts\include\mtsversion.h(643): fatal error C1189: #error :  The PROJECT_MTS_VERSION does not match the MTS VERSIONINFO_BUILD. Probably you are trying to compile your project with wrong headers. [D:\Sandboxs\SMFC4B0_04.01.00\06_Algorithm\04_Engineering\03_Workspace\algo\vdy_mo\vdy_mos.sln]
vdy_output:
  C:\LegacyApp\VisualStudio2005\Common7\IDE\..\..\vc\vcpackages\vcbuild.exe D:\Sandboxs\SMFC4B0_04.01.00\06_Algorithm\04_Engineering\03_Workspace\algo\vdy_mo\vdy_output\vdy_output.vcproj "Debug|Win32" 
d:\Sandboxs\SMFC4B0_04.01.00\06_Algorithm\04_Engineering\03_Workspace\algo\vdy_mo\vdy_helper_classes\vdy_stdafx.h(52): fatal error C1083: Cannot open include file: 'atlapp.h': No such file or directory [D:\Sandboxs\SMFC4B0_04.01.00\06_Algorithm\04_Engineering\03_Workspace\algo\vdy_mo\vdy_mos.sln]
d:\Sandboxs\SMFC4B0_04.01.00\06_Algorithm\04_Engineering\03_Workspace\algo\vdy_mo\vdy_helper_classes\vdy_stdafx.h(52): fatal error C1083: Cannot open include file: 'atlapp.h': No such file or directory [D:\Sandboxs\SMFC4B0_04.01.00\06_Algorithm\04_Engineering\03_Workspace\algo\vdy_mo\vdy_mos.sln]
d:\Sandboxs\SMFC4B0_04.01.00\06_Algorithm\04_Engineering\03_Workspace\algo\vdy_mo\vdy_helper_classes\vdy_stdafx.h(52): fatal error C1083: Cannot open include file: 'atlapp.h': No such file or directory [D:\Sandboxs\SMFC4B0_04.01.00\06_Algorithm\04_Engineering\03_Workspace\algo\vdy_mo\vdy_mos.sln]
BSCMAKE : error BK1506: cannot open file '.\Debug\out_propdlg.sbr': No such file or directory [D:\Sandboxs\SMFC4B0_04.01.00\06_Algorithm\04_Engineering\03_Workspace\algo\vdy_mo\vdy_mos.sln]
vdy_int_data:
  C:\LegacyApp\VisualStudio2005\Common7\IDE\..\..\vc\vcpackages\vcbuild.exe D:\Sandboxs\SMFC4B0_04.01.00\06_Algorithm\04_Engineering\03_Workspace\algo\vdy_mo\vdy_int_data\vdy_int_data.vcproj "Debug|Win32" 
d:\Sandboxs\SMFC4B0_04.01.00\06_Algorithm\04_Engineering\03_Workspace\algo\vdy_mo\vdy_helper_classes\vdy_stdafx.h(52): fatal error C1083: Cannot open include file: 'atlapp.h': No such file or directory [D:\Sandboxs\SMFC4B0_04.01.00\06_Algorithm\04_Engineering\03_Workspace\algo\vdy_mo\vdy_mos.sln]
d:\Sandboxs\SMFC4B0_04.01.00\06_Algorithm\04_Engineering\03_Workspace\algo\vdy_mo\vdy_helper_classes\vdy_stdafx.h(52): fatal error C1083: Cannot open include file: 'atlapp.h': No such file or directory [D:\Sandboxs\SMFC4B0_04.01.00\06_Algorithm\04_Engineering\03_Workspace\algo\vdy_mo\vdy_mos.sln]
d:\Sandboxs\SMFC4B0_04.01.00\06_Algorithm\04_Engineering\03_Workspace\algo\vdy_mo\vdy_helper_classes\vdy_stdafx.h(52): fatal error C1083: Cannot open include file: 'atlapp.h': No such file or directory [D:\Sandboxs\SMFC4B0_04.01.00\06_Algorithm\04_Engineering\03_Workspace\algo\vdy_mo\vdy_mos.sln]
BSCMAKE : error BK1506: cannot open file '.\Debug\intdata_propdlg.sbr': No such file or directory [D:\Sandboxs\SMFC4B0_04.01.00\06_Algorithm\04_Engineering\03_Workspace\algo\vdy_mo\vdy_mos.sln]
vdy_swa:
  C:\LegacyApp\VisualStudio2005\Common7\IDE\..\..\vc\vcpackages\vcbuild.exe D:\Sandboxs\SMFC4B0_04.01.00\06_Algorithm\04_Engineering\03_Workspace\algo\vdy_mo\vdy_swa\vdy_swa.vcproj "Debug|Win32" 
d:\Sandboxs\SMFC4B0_04.01.00\06_Algorithm\04_Engineering\03_Workspace\algo\vdy_mo\vdy_helper_classes\vdy_stdafx.h(52): fatal error C1083: Cannot open include file: 'atlapp.h': No such file or directory [D:\Sandboxs\SMFC4B0_04.01.00\06_Algorithm\04_Engineering\03_Workspace\algo\vdy_mo\vdy_mos.sln]
d:\Sandboxs\SMFC4B0_04.01.00\06_Algorithm\04_Engineering\03_Workspace\algo\vdy_mo\vdy_helper_classes\vdy_stdafx.h(52): fatal error C1083: Cannot open include file: 'atlapp.h': No such file or directory [D:\Sandboxs\SMFC4B0_04.01.00\06_Algorithm\04_Engineering\03_Workspace\algo\vdy_mo\vdy_mos.sln]
d:\Sandboxs\SMFC4B0_04.01.00\06_Algorithm\04_Engineering\03_Workspace\algo\vdy_mo\vdy_helper_classes\vdy_stdafx.h(52): fatal error C1083: Cannot open include file: 'atlapp.h': No such file or directory [D:\Sandboxs\SMFC4B0_04.01.00\06_Algorithm\04_Engineering\03_Workspace\algo\vdy_mo\vdy_mos.sln]
BSCMAKE : error BK1506: cannot open file '.\Debug\swa_propdlg.sbr': No such file or directory [D:\Sandboxs\SMFC4B0_04.01.00\06_Algorithm\04_Engineering\03_Workspace\algo\vdy_mo\vdy_mos.sln]
vdy_vcor:
  C:\LegacyApp\VisualStudio2005\Common7\IDE\..\..\vc\vcpackages\vcbuild.exe D:\Sandboxs\SMFC4B0_04.01.00\06_Algorithm\04_Engineering\03_Workspace\algo\vdy_mo\vdy_vcor\vdy_vcor.vcproj "Debug|Win32" 
d:\Sandboxs\SMFC4B0_04.01.00\06_Algorithm\04_Engineering\03_Workspace\algo\vdy_mo\vdy_helper_classes\vdy_stdafx.h(52): fatal error C1083: Cannot open include file: 'atlapp.h': No such file or directory [D:\Sandboxs\SMFC4B0_04.01.00\06_Algorithm\04_Engineering\03_Workspace\algo\vdy_mo\vdy_mos.sln]
d:\Sandboxs\SMFC4B0_04.01.00\06_Algorithm\04_Engineering\03_Workspace\algo\vdy_mo\vdy_helper_classes\vdy_stdafx.h(52): fatal error C1083: Cannot open include file: 'atlapp.h': No such file or directory [D:\Sandboxs\SMFC4B0_04.01.00\06_Algorithm\04_Engineering\03_Workspace\algo\vdy_mo\vdy_mos.sln]
d:\Sandboxs\SMFC4B0_04.01.00\06_Algorithm\04_Engineering\03_Workspace\algo\vdy_mo\vdy_helper_classes\vdy_stdafx.h(52): fatal error C1083: Cannot open include file: 'atlapp.h': No such file or directory [D:\Sandboxs\SMFC4B0_04.01.00\06_Algorithm\04_Engineering\03_Workspace\algo\vdy_mo\vdy_mos.sln]
BSCMAKE : error BK1506: cannot open file '.\Debug\vcor_propdlg.sbr': No such file or directory [D:\Sandboxs\SMFC4B0_04.01.00\06_Algorithm\04_Engineering\03_Workspace\algo\vdy_mo\vdy_mos.sln]
vdy_whs:
  C:\LegacyApp\VisualStudio2005\Common7\IDE\..\..\vc\vcpackages\vcbuild.exe D:\Sandboxs\SMFC4B0_04.01.00\06_Algorithm\04_Engineering\03_Workspace\algo\vdy_mo\vdy_whs\vdy_whs.vcproj "Debug|Win32" 
d:\Sandboxs\SMFC4B0_04.01.00\06_Algorithm\04_Engineering\03_Workspace\algo\vdy_mo\vdy_helper_classes\vdy_stdafx.h(52): fatal error C1083: Cannot open include file: 'atlapp.h': No such file or directory [D:\Sandboxs\SMFC4B0_04.01.00\06_Algorithm\04_Engineering\03_Workspace\algo\vdy_mo\vdy_mos.sln]
d:\Sandboxs\SMFC4B0_04.01.00\06_Algorithm\04_Engineering\03_Workspace\algo\vdy_mo\vdy_helper_classes\vdy_stdafx.h(52): fatal error C1083: Cannot open include file: 'atlapp.h': No such file or directory [D:\Sandboxs\SMFC4B0_04.01.00\06_Algorithm\04_Engineering\03_Workspace\algo\vdy_mo\vdy_mos.sln]
d:\Sandboxs\SMFC4B0_04.01.00\06_Algorithm\04_Engineering\03_Workspace\algo\vdy_mo\vdy_helper_classes\vdy_stdafx.h(52): fatal error C1083: Cannot open include file: 'atlapp.h': No such file or directory [D:\Sandboxs\SMFC4B0_04.01.00\06_Algorithm\04_Engineering\03_Workspace\algo\vdy_mo\vdy_mos.sln]
BSCMAKE : error BK1506: cannot open file '.\Debug\whs_meas.sbr': No such file or directory [D:\Sandboxs\SMFC4B0_04.01.00\06_Algorithm\04_Engineering\03_Workspace\algo\vdy_mo\vdy_mos.sln]
vdy_ywrt:
  C:\LegacyApp\VisualStudio2005\Common7\IDE\..\..\vc\vcpackages\vcbuild.exe D:\Sandboxs\SMFC4B0_04.01.00\06_Algorithm\04_Engineering\03_Workspace\algo\vdy_mo\vdy_ywrt\vdy_ywrt.vcproj "Debug|Win32" 
d:\Sandboxs\SMFC4B0_04.01.00\06_Algorithm\04_Engineering\03_Workspace\algo\vdy_mo\vdy_helper_classes\vdy_stdafx.h(52): fatal error C1083: Cannot open include file: 'atlapp.h': No such file or directory [D:\Sandboxs\SMFC4B0_04.01.00\06_Algorithm\04_Engineering\03_Workspace\algo\vdy_mo\vdy_mos.sln]
d:\Sandboxs\SMFC4B0_04.01.00\06_Algorithm\04_Engineering\03_Workspace\algo\vdy_mo\vdy_helper_classes\vdy_stdafx.h(52): fatal error C1083: Cannot open include file: 'atlapp.h': No such file or directory [D:\Sandboxs\SMFC4B0_04.01.00\06_Algorithm\04_Engineering\03_Workspace\algo\vdy_mo\vdy_mos.sln]
d:\Sandboxs\SMFC4B0_04.01.00\06_Algorithm\04_Engineering\03_Workspace\algo\vdy_mo\vdy_helper_classes\vdy_stdafx.h(52): fatal error C1083: Cannot open include file: 'atlapp.h': No such file or directory [D:\Sandboxs\SMFC4B0_04.01.00\06_Algorithm\04_Engineering\03_Workspace\algo\vdy_mo\vdy_mos.sln]
BSCMAKE : error BK1506: cannot open file '.\Debug\ywrt_meas.sbr': No such file or directory [D:\Sandboxs\SMFC4B0_04.01.00\06_Algorithm\04_Engineering\03_Workspace\algo\vdy_mo\vdy_mos.sln]
vdy_gps_very:
  C:\LegacyApp\VisualStudio2005\Common7\IDE\..\..\vc\vcpackages\vcbuild.exe D:\Sandboxs\SMFC4B0_04.01.00\06_Algorithm\04_Engineering\03_Workspace\algo\vdy_mo\vdy_gps_very\vdy_gps_very.vcproj "Debug|Win32" 
d:\Sandboxs\SMFC4B0_04.01.00\06_Algorithm\04_Engineering\03_Workspace\algo\vdy_mo\vdy_helper_classes\vdy_stdafx.h(52): fatal error C1083: Cannot open include file: 'atlapp.h': No such file or directory [D:\Sandboxs\SMFC4B0_04.01.00\06_Algorithm\04_Engineering\03_Workspace\algo\vdy_mo\vdy_mos.sln]
d:\Sandboxs\SMFC4B0_04.01.00\06_Algorithm\04_Engineering\03_Workspace\algo\vdy_mo\vdy_helper_classes\vdy_stdafx.h(52): fatal error C1083: Cannot open include file: 'atlapp.h': No such file or directory [D:\Sandboxs\SMFC4B0_04.01.00\06_Algorithm\04_Engineering\03_Workspace\algo\vdy_mo\vdy_mos.sln]
d:\Sandboxs\SMFC4B0_04.01.00\06_Algorithm\04_Engineering\03_Workspace\algo\vdy_mo\vdy_helper_classes\vdy_stdafx.h(52): fatal error C1083: Cannot open include file: 'atlapp.h': No such file or directory [D:\Sandboxs\SMFC4B0_04.01.00\06_Algorithm\04_Engineering\03_Workspace\algo\vdy_mo\vdy_mos.sln]
BSCMAKE : error BK1506: cannot open file '.\Debug\gps_very_propdlg.sbr': No such file or directory [D:\Sandboxs\SMFC4B0_04.01.00\06_Algorithm\04_Engineering\03_Workspace\algo\vdy_mo\vdy_mos.sln]
vdy_ay:
  C:\LegacyApp\VisualStudio2005\Common7\IDE\..\..\vc\vcpackages\vcbuild.exe D:\Sandboxs\SMFC4B0_04.01.00\06_Algorithm\04_Engineering\03_Workspace\algo\vdy_mo\vdy_ay\vdy_ay.vcproj "Debug|Win32" 
d:\Sandboxs\SMFC4B0_04.01.00\06_Algorithm\04_Engineering\03_Workspace\algo\vdy_mo\vdy_helper_classes\vdy_stdafx.h(52): fatal error C1083: Cannot open include file: 'atlapp.h': No such file or directory [D:\Sandboxs\SMFC4B0_04.01.00\06_Algorithm\04_Engineering\03_Workspace\algo\vdy_mo\vdy_mos.sln]
d:\Sandboxs\SMFC4B0_04.01.00\06_Algorithm\04_Engineering\03_Workspace\algo\vdy_mo\vdy_helper_classes\vdy_stdafx.h(52): fatal error C1083: Cannot open include file: 'atlapp.h': No such file or directory [D:\Sandboxs\SMFC4B0_04.01.00\06_Algorithm\04_Engineering\03_Workspace\algo\vdy_mo\vdy_mos.sln]
d:\Sandboxs\SMFC4B0_04.01.00\06_Algorithm\04_Engineering\03_Workspace\algo\vdy_mo\vdy_helper_classes\vdy_stdafx.h(52): fatal error C1083: Cannot open include file: 'atlapp.h': No such file or directory [D:\Sandboxs\SMFC4B0_04.01.00\06_Algorithm\04_Engineering\03_Workspace\algo\vdy_mo\vdy_mos.sln]
BSCMAKE : error BK1506: cannot open file '.\Debug\ay_propdlg.sbr': No such file or directory [D:\Sandboxs\SMFC4B0_04.01.00\06_Algorithm\04_Engineering\03_Workspace\algo\vdy_mo\vdy_mos.sln]
vdy_crv:
  C:\LegacyApp\VisualStudio2005\Common7\IDE\..\..\vc\vcpackages\vcbuild.exe D:\Sandboxs\SMFC4B0_04.01.00\06_Algorithm\04_Engineering\03_Workspace\algo\vdy_mo\vdy_crv\vdy_crv.vcproj "Debug|Win32" 
d:\Sandboxs\SMFC4B0_04.01.00\06_Algorithm\04_Engineering\03_Workspace\algo\vdy_mo\vdy_helper_classes\vdy_stdafx.h(52): fatal error C1083: Cannot open include file: 'atlapp.h': No such file or directory [D:\Sandboxs\SMFC4B0_04.01.00\06_Algorithm\04_Engineering\03_Workspace\algo\vdy_mo\vdy_mos.sln]
d:\Sandboxs\SMFC4B0_04.01.00\06_Algorithm\04_Engineering\03_Workspace\algo\vdy_mo\vdy_helper_classes\vdy_stdafx.h(52): fatal error C1083: Cannot open include file: 'atlapp.h': No such file or directory [D:\Sandboxs\SMFC4B0_04.01.00\06_Algorithm\04_Engineering\03_Workspace\algo\vdy_mo\vdy_mos.sln]
d:\Sandboxs\SMFC4B0_04.01.00\06_Algorithm\04_Engineering\03_Workspace\algo\vdy_mo\vdy_helper_classes\vdy_stdafx.h(52): fatal error C1083: Cannot open include file: 'atlapp.h': No such file or directory [D:\Sandboxs\SMFC4B0_04.01.00\06_Algorithm\04_Engineering\03_Workspace\algo\vdy_mo\vdy_mos.sln]
BSCMAKE : error BK1506: cannot open file '.\Debug\crv_propdlg.sbr': No such file or directory [D:\Sandboxs\SMFC4B0_04.01.00\06_Algorithm\04_Engineering\03_Workspace\algo\vdy_mo\vdy_mos.sln]
vdy_time:
  C:\LegacyApp\VisualStudio2005\Common7\IDE\..\..\vc\vcpackages\vcbuild.exe D:\Sandboxs\SMFC4B0_04.01.00\06_Algorithm\04_Engineering\03_Workspace\algo\vdy_mo\vdy_time\vdy_time.vcproj "Debug|Win32" 
d:\Sandboxs\SMFC4B0_04.01.00\06_Algorithm\04_Engineering\03_Workspace\algo\vdy_mo\vdy_helper_classes\vdy_stdafx.h(52): fatal error C1083: Cannot open include file: 'atlapp.h': No such file or directory [D:\Sandboxs\SMFC4B0_04.01.00\06_Algorithm\04_Engineering\03_Workspace\algo\vdy_mo\vdy_mos.sln]
d:\Sandboxs\SMFC4B0_04.01.00\06_Algorithm\04_Engineering\03_Workspace\algo\vdy_mo\vdy_helper_classes\vdy_stdafx.h(52): fatal error C1083: Cannot open include file: 'atlapp.h': No such file or directory [D:\Sandboxs\SMFC4B0_04.01.00\06_Algorithm\04_Engineering\03_Workspace\algo\vdy_mo\vdy_mos.sln]
d:\Sandboxs\SMFC4B0_04.01.00\06_Algorithm\04_Engineering\03_Workspace\algo\vdy_mo\vdy_helper_classes\vdy_stdafx.h(52): fatal error C1083: Cannot open include file: 'atlapp.h': No such file or directory [D:\Sandboxs\SMFC4B0_04.01.00\06_Algorithm\04_Engineering\03_Workspace\algo\vdy_mo\vdy_mos.sln]
BSCMAKE : error BK1506: cannot open file '.\Debug\time_propdlg.sbr': No such file or directory [D:\Sandboxs\SMFC4B0_04.01.00\06_Algorithm\04_Engineering\03_Workspace\algo\vdy_mo\vdy_mos.sln]
vdy_ecusil_tester:
  C:\LegacyApp\VisualStudio2005\Common7\IDE\..\..\vc\vcpackages\vcbuild.exe D:\Sandboxs\SMFC4B0_04.01.00\06_Algorithm\04_Engineering\03_Workspace\algo\vdy_mo\vdy_ecusil_tester\vdy_ecusil_tester.vcproj "Debug|Win32" 
d:\sandboxs\smfc4b0_04.01.00\06_algorithm\05_testing\06_test_tools\mts\include\mtsversion.h(643): fatal error C1189: #error :  The PROJECT_MTS_VERSION does not match the MTS VERSIONINFO_BUILD. Probably you are trying to compile your project with wrong headers. [D:\Sandboxs\SMFC4B0_04.01.00\06_Algorithm\04_Engineering\03_Workspace\algo\vdy_mo\vdy_mos.sln]
d:\sandboxs\smfc4b0_04.01.00\06_algorithm\05_testing\06_test_tools\mts\include\mtsversion.h(643): fatal error C1189: #error :  The PROJECT_MTS_VERSION does not match the MTS VERSIONINFO_BUILD. Probably you are trying to compile your project with wrong headers. [D:\Sandboxs\SMFC4B0_04.01.00\06_Algorithm\04_Engineering\03_Workspace\algo\vdy_mo\vdy_mos.sln]
d:\sandboxs\smfc4b0_04.01.00\06_algorithm\05_testing\06_test_tools\mts\include\mtsversion.h(643): fatal error C1189: #error :  The PROJECT_MTS_VERSION does not match the MTS VERSIONINFO_BUILD. Probably you are trying to compile your project with wrong headers. [D:\Sandboxs\SMFC4B0_04.01.00\06_Algorithm\04_Engineering\03_Workspace\algo\vdy_mo\vdy_mos.sln]
BSCMAKE : error BK1506: cannot open file '.\Debug\vdy_ecusil_tester.sbr': No such file or directory [D:\Sandboxs\SMFC4B0_04.01.00\06_Algorithm\04_Engineering\03_Workspace\algo\vdy_mo\vdy_mos.sln]
Done Building Project "D:\Sandboxs\SMFC4B0_04.01.00\06_Algorithm\04_Engineering\03_Workspace\algo\vdy_mo\vdy_mos.sln" (default targets) -- FAILED.

Build FAILED.

"D:\Sandboxs\SMFC4B0_04.01.00\06_Algorithm\04_Engineering\03_Workspace\algo\vdy_mo\vdy_mos.sln" (default target) (1) ->
(vdy_input target) -> 
  d:\Sandboxs\SMFC4B0_04.01.00\06_Algorithm\04_Engineering\03_Workspace\algo\vdy_mo\vdy_helper_classes\vdy_stdafx.h(52): fatal error C1083: Cannot open include file: 'atlapp.h': No such file or directory [D:\Sandboxs\SMFC4B0_04.01.00\06_Algorithm\04_Engineering\03_Workspace\algo\vdy_mo\vdy_mos.sln]
  d:\Sandboxs\SMFC4B0_04.01.00\06_Algorithm\04_Engineering\03_Workspace\algo\vdy_mo\vdy_helper_classes\vdy_stdafx.h(52): fatal error C1083: Cannot open include file: 'atlapp.h': No such file or directory [D:\Sandboxs\SMFC4B0_04.01.00\06_Algorithm\04_Engineering\03_Workspace\algo\vdy_mo\vdy_mos.sln]
  d:\Sandboxs\SMFC4B0_04.01.00\06_Algorithm\04_Engineering\03_Workspace\algo\vdy_mo\vdy_helper_classes\vdy_stdafx.h(52): fatal error C1083: Cannot open include file: 'atlapp.h': No such file or directory [D:\Sandboxs\SMFC4B0_04.01.00\06_Algorithm\04_Engineering\03_Workspace\algo\vdy_mo\vdy_mos.sln]
  BSCMAKE : error BK1506: cannot open file '.\Debug\inp_propdlg.sbr': No such file or directory [D:\Sandboxs\SMFC4B0_04.01.00\06_Algorithm\04_Engineering\03_Workspace\algo\vdy_mo\vdy_mos.sln]


"D:\Sandboxs\SMFC4B0_04.01.00\06_Algorithm\04_Engineering\03_Workspace\algo\vdy_mo\vdy_mos.sln" (default target) (1) ->
(vdy_helper_classes target) -> 
  d:\sandboxs\smfc4b0_04.01.00\06_algorithm\05_testing\06_test_tools\mts\include\mtsversion.h(643): fatal error C1189: #error :  The PROJECT_MTS_VERSION does not match the MTS VERSIONINFO_BUILD. Probably you are trying to compile your project with wrong headers. [D:\Sandboxs\SMFC4B0_04.01.00\06_Algorithm\04_Engineering\03_Workspace\algo\vdy_mo\vdy_mos.sln]
  d:\sandboxs\smfc4b0_04.01.00\06_algorithm\05_testing\06_test_tools\mts\include\mtsversion.h(643): fatal error C1189: #error :  The PROJECT_MTS_VERSION does not match the MTS VERSIONINFO_BUILD. Probably you are trying to compile your project with wrong headers. [D:\Sandboxs\SMFC4B0_04.01.00\06_Algorithm\04_Engineering\03_Workspace\algo\vdy_mo\vdy_mos.sln]
  d:\sandboxs\smfc4b0_04.01.00\06_algorithm\05_testing\06_test_tools\mts\include\mtsversion.h(643): fatal error C1189: #error :  The PROJECT_MTS_VERSION does not match the MTS VERSIONINFO_BUILD. Probably you are trying to compile your project with wrong headers. [D:\Sandboxs\SMFC4B0_04.01.00\06_Algorithm\04_Engineering\03_Workspace\algo\vdy_mo\vdy_mos.sln]


"D:\Sandboxs\SMFC4B0_04.01.00\06_Algorithm\04_Engineering\03_Workspace\algo\vdy_mo\vdy_mos.sln" (default target) (1) ->
(vdy_output target) -> 
  d:\Sandboxs\SMFC4B0_04.01.00\06_Algorithm\04_Engineering\03_Workspace\algo\vdy_mo\vdy_helper_classes\vdy_stdafx.h(52): fatal error C1083: Cannot open include file: 'atlapp.h': No such file or directory [D:\Sandboxs\SMFC4B0_04.01.00\06_Algorithm\04_Engineering\03_Workspace\algo\vdy_mo\vdy_mos.sln]
  d:\Sandboxs\SMFC4B0_04.01.00\06_Algorithm\04_Engineering\03_Workspace\algo\vdy_mo\vdy_helper_classes\vdy_stdafx.h(52): fatal error C1083: Cannot open include file: 'atlapp.h': No such file or directory [D:\Sandboxs\SMFC4B0_04.01.00\06_Algorithm\04_Engineering\03_Workspace\algo\vdy_mo\vdy_mos.sln]
  d:\Sandboxs\SMFC4B0_04.01.00\06_Algorithm\04_Engineering\03_Workspace\algo\vdy_mo\vdy_helper_classes\vdy_stdafx.h(52): fatal error C1083: Cannot open include file: 'atlapp.h': No such file or directory [D:\Sandboxs\SMFC4B0_04.01.00\06_Algorithm\04_Engineering\03_Workspace\algo\vdy_mo\vdy_mos.sln]
  BSCMAKE : error BK1506: cannot open file '.\Debug\out_propdlg.sbr': No such file or directory [D:\Sandboxs\SMFC4B0_04.01.00\06_Algorithm\04_Engineering\03_Workspace\algo\vdy_mo\vdy_mos.sln]


"D:\Sandboxs\SMFC4B0_04.01.00\06_Algorithm\04_Engineering\03_Workspace\algo\vdy_mo\vdy_mos.sln" (default target) (1) ->
(vdy_int_data target) -> 
  d:\Sandboxs\SMFC4B0_04.01.00\06_Algorithm\04_Engineering\03_Workspace\algo\vdy_mo\vdy_helper_classes\vdy_stdafx.h(52): fatal error C1083: Cannot open include file: 'atlapp.h': No such file or directory [D:\Sandboxs\SMFC4B0_04.01.00\06_Algorithm\04_Engineering\03_Workspace\algo\vdy_mo\vdy_mos.sln]
  d:\Sandboxs\SMFC4B0_04.01.00\06_Algorithm\04_Engineering\03_Workspace\algo\vdy_mo\vdy_helper_classes\vdy_stdafx.h(52): fatal error C1083: Cannot open include file: 'atlapp.h': No such file or directory [D:\Sandboxs\SMFC4B0_04.01.00\06_Algorithm\04_Engineering\03_Workspace\algo\vdy_mo\vdy_mos.sln]
  d:\Sandboxs\SMFC4B0_04.01.00\06_Algorithm\04_Engineering\03_Workspace\algo\vdy_mo\vdy_helper_classes\vdy_stdafx.h(52): fatal error C1083: Cannot open include file: 'atlapp.h': No such file or directory [D:\Sandboxs\SMFC4B0_04.01.00\06_Algorithm\04_Engineering\03_Workspace\algo\vdy_mo\vdy_mos.sln]
  BSCMAKE : error BK1506: cannot open file '.\Debug\intdata_propdlg.sbr': No such file or directory [D:\Sandboxs\SMFC4B0_04.01.00\06_Algorithm\04_Engineering\03_Workspace\algo\vdy_mo\vdy_mos.sln]


"D:\Sandboxs\SMFC4B0_04.01.00\06_Algorithm\04_Engineering\03_Workspace\algo\vdy_mo\vdy_mos.sln" (default target) (1) ->
(vdy_swa target) -> 
  d:\Sandboxs\SMFC4B0_04.01.00\06_Algorithm\04_Engineering\03_Workspace\algo\vdy_mo\vdy_helper_classes\vdy_stdafx.h(52): fatal error C1083: Cannot open include file: 'atlapp.h': No such file or directory [D:\Sandboxs\SMFC4B0_04.01.00\06_Algorithm\04_Engineering\03_Workspace\algo\vdy_mo\vdy_mos.sln]
  d:\Sandboxs\SMFC4B0_04.01.00\06_Algorithm\04_Engineering\03_Workspace\algo\vdy_mo\vdy_helper_classes\vdy_stdafx.h(52): fatal error C1083: Cannot open include file: 'atlapp.h': No such file or directory [D:\Sandboxs\SMFC4B0_04.01.00\06_Algorithm\04_Engineering\03_Workspace\algo\vdy_mo\vdy_mos.sln]
  d:\Sandboxs\SMFC4B0_04.01.00\06_Algorithm\04_Engineering\03_Workspace\algo\vdy_mo\vdy_helper_classes\vdy_stdafx.h(52): fatal error C1083: Cannot open include file: 'atlapp.h': No such file or directory [D:\Sandboxs\SMFC4B0_04.01.00\06_Algorithm\04_Engineering\03_Workspace\algo\vdy_mo\vdy_mos.sln]
  BSCMAKE : error BK1506: cannot open file '.\Debug\swa_propdlg.sbr': No such file or directory [D:\Sandboxs\SMFC4B0_04.01.00\06_Algorithm\04_Engineering\03_Workspace\algo\vdy_mo\vdy_mos.sln]


"D:\Sandboxs\SMFC4B0_04.01.00\06_Algorithm\04_Engineering\03_Workspace\algo\vdy_mo\vdy_mos.sln" (default target) (1) ->
(vdy_vcor target) -> 
  d:\Sandboxs\SMFC4B0_04.01.00\06_Algorithm\04_Engineering\03_Workspace\algo\vdy_mo\vdy_helper_classes\vdy_stdafx.h(52): fatal error C1083: Cannot open include file: 'atlapp.h': No such file or directory [D:\Sandboxs\SMFC4B0_04.01.00\06_Algorithm\04_Engineering\03_Workspace\algo\vdy_mo\vdy_mos.sln]
  d:\Sandboxs\SMFC4B0_04.01.00\06_Algorithm\04_Engineering\03_Workspace\algo\vdy_mo\vdy_helper_classes\vdy_stdafx.h(52): fatal error C1083: Cannot open include file: 'atlapp.h': No such file or directory [D:\Sandboxs\SMFC4B0_04.01.00\06_Algorithm\04_Engineering\03_Workspace\algo\vdy_mo\vdy_mos.sln]
  d:\Sandboxs\SMFC4B0_04.01.00\06_Algorithm\04_Engineering\03_Workspace\algo\vdy_mo\vdy_helper_classes\vdy_stdafx.h(52): fatal error C1083: Cannot open include file: 'atlapp.h': No such file or directory [D:\Sandboxs\SMFC4B0_04.01.00\06_Algorithm\04_Engineering\03_Workspace\algo\vdy_mo\vdy_mos.sln]
  BSCMAKE : error BK1506: cannot open file '.\Debug\vcor_propdlg.sbr': No such file or directory [D:\Sandboxs\SMFC4B0_04.01.00\06_Algorithm\04_Engineering\03_Workspace\algo\vdy_mo\vdy_mos.sln]


"D:\Sandboxs\SMFC4B0_04.01.00\06_Algorithm\04_Engineering\03_Workspace\algo\vdy_mo\vdy_mos.sln" (default target) (1) ->
(vdy_whs target) -> 
  d:\Sandboxs\SMFC4B0_04.01.00\06_Algorithm\04_Engineering\03_Workspace\algo\vdy_mo\vdy_helper_classes\vdy_stdafx.h(52): fatal error C1083: Cannot open include file: 'atlapp.h': No such file or directory [D:\Sandboxs\SMFC4B0_04.01.00\06_Algorithm\04_Engineering\03_Workspace\algo\vdy_mo\vdy_mos.sln]
  d:\Sandboxs\SMFC4B0_04.01.00\06_Algorithm\04_Engineering\03_Workspace\algo\vdy_mo\vdy_helper_classes\vdy_stdafx.h(52): fatal error C1083: Cannot open include file: 'atlapp.h': No such file or directory [D:\Sandboxs\SMFC4B0_04.01.00\06_Algorithm\04_Engineering\03_Workspace\algo\vdy_mo\vdy_mos.sln]
  d:\Sandboxs\SMFC4B0_04.01.00\06_Algorithm\04_Engineering\03_Workspace\algo\vdy_mo\vdy_helper_classes\vdy_stdafx.h(52): fatal error C1083: Cannot open include file: 'atlapp.h': No such file or directory [D:\Sandboxs\SMFC4B0_04.01.00\06_Algorithm\04_Engineering\03_Workspace\algo\vdy_mo\vdy_mos.sln]
  BSCMAKE : error BK1506: cannot open file '.\Debug\whs_meas.sbr': No such file or directory [D:\Sandboxs\SMFC4B0_04.01.00\06_Algorithm\04_Engineering\03_Workspace\algo\vdy_mo\vdy_mos.sln]


"D:\Sandboxs\SMFC4B0_04.01.00\06_Algorithm\04_Engineering\03_Workspace\algo\vdy_mo\vdy_mos.sln" (default target) (1) ->
(vdy_ywrt target) -> 
  d:\Sandboxs\SMFC4B0_04.01.00\06_Algorithm\04_Engineering\03_Workspace\algo\vdy_mo\vdy_helper_classes\vdy_stdafx.h(52): fatal error C1083: Cannot open include file: 'atlapp.h': No such file or directory [D:\Sandboxs\SMFC4B0_04.01.00\06_Algorithm\04_Engineering\03_Workspace\algo\vdy_mo\vdy_mos.sln]
  d:\Sandboxs\SMFC4B0_04.01.00\06_Algorithm\04_Engineering\03_Workspace\algo\vdy_mo\vdy_helper_classes\vdy_stdafx.h(52): fatal error C1083: Cannot open include file: 'atlapp.h': No such file or directory [D:\Sandboxs\SMFC4B0_04.01.00\06_Algorithm\04_Engineering\03_Workspace\algo\vdy_mo\vdy_mos.sln]
  d:\Sandboxs\SMFC4B0_04.01.00\06_Algorithm\04_Engineering\03_Workspace\algo\vdy_mo\vdy_helper_classes\vdy_stdafx.h(52): fatal error C1083: Cannot open include file: 'atlapp.h': No such file or directory [D:\Sandboxs\SMFC4B0_04.01.00\06_Algorithm\04_Engineering\03_Workspace\algo\vdy_mo\vdy_mos.sln]
  BSCMAKE : error BK1506: cannot open file '.\Debug\ywrt_meas.sbr': No such file or directory [D:\Sandboxs\SMFC4B0_04.01.00\06_Algorithm\04_Engineering\03_Workspace\algo\vdy_mo\vdy_mos.sln]


"D:\Sandboxs\SMFC4B0_04.01.00\06_Algorithm\04_Engineering\03_Workspace\algo\vdy_mo\vdy_mos.sln" (default target) (1) ->
(vdy_gps_very target) -> 
  d:\Sandboxs\SMFC4B0_04.01.00\06_Algorithm\04_Engineering\03_Workspace\algo\vdy_mo\vdy_helper_classes\vdy_stdafx.h(52): fatal error C1083: Cannot open include file: 'atlapp.h': No such file or directory [D:\Sandboxs\SMFC4B0_04.01.00\06_Algorithm\04_Engineering\03_Workspace\algo\vdy_mo\vdy_mos.sln]
  d:\Sandboxs\SMFC4B0_04.01.00\06_Algorithm\04_Engineering\03_Workspace\algo\vdy_mo\vdy_helper_classes\vdy_stdafx.h(52): fatal error C1083: Cannot open include file: 'atlapp.h': No such file or directory [D:\Sandboxs\SMFC4B0_04.01.00\06_Algorithm\04_Engineering\03_Workspace\algo\vdy_mo\vdy_mos.sln]
  d:\Sandboxs\SMFC4B0_04.01.00\06_Algorithm\04_Engineering\03_Workspace\algo\vdy_mo\vdy_helper_classes\vdy_stdafx.h(52): fatal error C1083: Cannot open include file: 'atlapp.h': No such file or directory [D:\Sandboxs\SMFC4B0_04.01.00\06_Algorithm\04_Engineering\03_Workspace\algo\vdy_mo\vdy_mos.sln]
  BSCMAKE : error BK1506: cannot open file '.\Debug\gps_very_propdlg.sbr': No such file or directory [D:\Sandboxs\SMFC4B0_04.01.00\06_Algorithm\04_Engineering\03_Workspace\algo\vdy_mo\vdy_mos.sln]


"D:\Sandboxs\SMFC4B0_04.01.00\06_Algorithm\04_Engineering\03_Workspace\algo\vdy_mo\vdy_mos.sln" (default target) (1) ->
(vdy_ay target) -> 
  d:\Sandboxs\SMFC4B0_04.01.00\06_Algorithm\04_Engineering\03_Workspace\algo\vdy_mo\vdy_helper_classes\vdy_stdafx.h(52): fatal error C1083: Cannot open include file: 'atlapp.h': No such file or directory [D:\Sandboxs\SMFC4B0_04.01.00\06_Algorithm\04_Engineering\03_Workspace\algo\vdy_mo\vdy_mos.sln]
  d:\Sandboxs\SMFC4B0_04.01.00\06_Algorithm\04_Engineering\03_Workspace\algo\vdy_mo\vdy_helper_classes\vdy_stdafx.h(52): fatal error C1083: Cannot open include file: 'atlapp.h': No such file or directory [D:\Sandboxs\SMFC4B0_04.01.00\06_Algorithm\04_Engineering\03_Workspace\algo\vdy_mo\vdy_mos.sln]
  d:\Sandboxs\SMFC4B0_04.01.00\06_Algorithm\04_Engineering\03_Workspace\algo\vdy_mo\vdy_helper_classes\vdy_stdafx.h(52): fatal error C1083: Cannot open include file: 'atlapp.h': No such file or directory [D:\Sandboxs\SMFC4B0_04.01.00\06_Algorithm\04_Engineering\03_Workspace\algo\vdy_mo\vdy_mos.sln]
  BSCMAKE : error BK1506: cannot open file '.\Debug\ay_propdlg.sbr': No such file or directory [D:\Sandboxs\SMFC4B0_04.01.00\06_Algorithm\04_Engineering\03_Workspace\algo\vdy_mo\vdy_mos.sln]


"D:\Sandboxs\SMFC4B0_04.01.00\06_Algorithm\04_Engineering\03_Workspace\algo\vdy_mo\vdy_mos.sln" (default target) (1) ->
(vdy_crv target) -> 
  d:\Sandboxs\SMFC4B0_04.01.00\06_Algorithm\04_Engineering\03_Workspace\algo\vdy_mo\vdy_helper_classes\vdy_stdafx.h(52): fatal error C1083: Cannot open include file: 'atlapp.h': No such file or directory [D:\Sandboxs\SMFC4B0_04.01.00\06_Algorithm\04_Engineering\03_Workspace\algo\vdy_mo\vdy_mos.sln]
  d:\Sandboxs\SMFC4B0_04.01.00\06_Algorithm\04_Engineering\03_Workspace\algo\vdy_mo\vdy_helper_classes\vdy_stdafx.h(52): fatal error C1083: Cannot open include file: 'atlapp.h': No such file or directory [D:\Sandboxs\SMFC4B0_04.01.00\06_Algorithm\04_Engineering\03_Workspace\algo\vdy_mo\vdy_mos.sln]
  d:\Sandboxs\SMFC4B0_04.01.00\06_Algorithm\04_Engineering\03_Workspace\algo\vdy_mo\vdy_helper_classes\vdy_stdafx.h(52): fatal error C1083: Cannot open include file: 'atlapp.h': No such file or directory [D:\Sandboxs\SMFC4B0_04.01.00\06_Algorithm\04_Engineering\03_Workspace\algo\vdy_mo\vdy_mos.sln]
  BSCMAKE : error BK1506: cannot open file '.\Debug\crv_propdlg.sbr': No such file or directory [D:\Sandboxs\SMFC4B0_04.01.00\06_Algorithm\04_Engineering\03_Workspace\algo\vdy_mo\vdy_mos.sln]


"D:\Sandboxs\SMFC4B0_04.01.00\06_Algorithm\04_Engineering\03_Workspace\algo\vdy_mo\vdy_mos.sln" (default target) (1) ->
(vdy_time target) -> 
  d:\Sandboxs\SMFC4B0_04.01.00\06_Algorithm\04_Engineering\03_Workspace\algo\vdy_mo\vdy_helper_classes\vdy_stdafx.h(52): fatal error C1083: Cannot open include file: 'atlapp.h': No such file or directory [D:\Sandboxs\SMFC4B0_04.01.00\06_Algorithm\04_Engineering\03_Workspace\algo\vdy_mo\vdy_mos.sln]
  d:\Sandboxs\SMFC4B0_04.01.00\06_Algorithm\04_Engineering\03_Workspace\algo\vdy_mo\vdy_helper_classes\vdy_stdafx.h(52): fatal error C1083: Cannot open include file: 'atlapp.h': No such file or directory [D:\Sandboxs\SMFC4B0_04.01.00\06_Algorithm\04_Engineering\03_Workspace\algo\vdy_mo\vdy_mos.sln]
  d:\Sandboxs\SMFC4B0_04.01.00\06_Algorithm\04_Engineering\03_Workspace\algo\vdy_mo\vdy_helper_classes\vdy_stdafx.h(52): fatal error C1083: Cannot open include file: 'atlapp.h': No such file or directory [D:\Sandboxs\SMFC4B0_04.01.00\06_Algorithm\04_Engineering\03_Workspace\algo\vdy_mo\vdy_mos.sln]
  BSCMAKE : error BK1506: cannot open file '.\Debug\time_propdlg.sbr': No such file or directory [D:\Sandboxs\SMFC4B0_04.01.00\06_Algorithm\04_Engineering\03_Workspace\algo\vdy_mo\vdy_mos.sln]


"D:\Sandboxs\SMFC4B0_04.01.00\06_Algorithm\04_Engineering\03_Workspace\algo\vdy_mo\vdy_mos.sln" (default target) (1) ->
(vdy_ecusil_tester target) -> 
  d:\sandboxs\smfc4b0_04.01.00\06_algorithm\05_testing\06_test_tools\mts\include\mtsversion.h(643): fatal error C1189: #error :  The PROJECT_MTS_VERSION does not match the MTS VERSIONINFO_BUILD. Probably you are trying to compile your project with wrong headers. [D:\Sandboxs\SMFC4B0_04.01.00\06_Algorithm\04_Engineering\03_Workspace\algo\vdy_mo\vdy_mos.sln]
  d:\sandboxs\smfc4b0_04.01.00\06_algorithm\05_testing\06_test_tools\mts\include\mtsversion.h(643): fatal error C1189: #error :  The PROJECT_MTS_VERSION does not match the MTS VERSIONINFO_BUILD. Probably you are trying to compile your project with wrong headers. [D:\Sandboxs\SMFC4B0_04.01.00\06_Algorithm\04_Engineering\03_Workspace\algo\vdy_mo\vdy_mos.sln]
  d:\sandboxs\smfc4b0_04.01.00\06_algorithm\05_testing\06_test_tools\mts\include\mtsversion.h(643): fatal error C1189: #error :  The PROJECT_MTS_VERSION does not match the MTS VERSIONINFO_BUILD. Probably you are trying to compile your project with wrong headers. [D:\Sandboxs\SMFC4B0_04.01.00\06_Algorithm\04_Engineering\03_Workspace\algo\vdy_mo\vdy_mos.sln]
  BSCMAKE : error BK1506: cannot open file '.\Debug\vdy_ecusil_tester.sbr': No such file or directory [D:\Sandboxs\SMFC4B0_04.01.00\06_Algorithm\04_Engineering\03_Workspace\algo\vdy_mo\vdy_mos.sln]

    0 Warning(s)
    51 Error(s)

Time Elapsed 00:01:02.13
----------------------------------------------------------------
----------------------------------------------------------------
----------Building---------------
D:\Sandboxs\SMFC4B0_04.01.00\06_Algorithm\04_Engineering\03_Workspace\algo/vdy_sim\vdy_simV3.sln
Microsoft (R) Build Engine Version 4.0.30319.1
[Microsoft .NET Framework, Version 4.0.30319.1008]
Copyright (C) Microsoft Corporation 2007. All rights reserved.

Build started 21.11.2013 10:29:43.
Project "D:\Sandboxs\SMFC4B0_04.01.00\06_Algorithm\04_Engineering\03_Workspace\algo\vdy_sim\vdy_simV3.sln" on node 1 (default targets).
ValidateSolutionConfiguration:
  Building solution configuration "Debug|Win32".
sim_adapt_vdy:
  C:\LegacyApp\VisualStudio2005\Common7\IDE\..\..\vc\vcpackages\vcbuild.exe D:\Sandboxs\SMFC4B0_04.01.00\06_Algorithm\04_Engineering\03_Workspace\algo\vdy_sim\vdy_adapter\sim_adapt_vdy.vcproj "Debug|Win32" 
sim_swc_vdy:
  C:\LegacyApp\VisualStudio2005\Common7\IDE\..\..\vc\vcpackages\vcbuild.exe D:\Sandboxs\SMFC4B0_04.01.00\06_Algorithm\04_Engineering\03_Workspace\algo\vdy_sim\vdy_simV3\vdy_simV3.vcproj "Debug|Win32" 
Done Building Project "D:\Sandboxs\SMFC4B0_04.01.00\06_Algorithm\04_Engineering\03_Workspace\algo\vdy_sim\vdy_simV3.sln" (default targets).

Build succeeded.
    0 Warning(s)
    0 Error(s)

Time Elapsed 00:00:02.85
----------------------------------------------------------------
----------------------------------------------------------------
----------Building---------------
D:\Sandboxs\SMFC4B0_04.01.00\06_Algorithm\04_Engineering\03_Workspace\algo/vodca_sim\sim_swc_vodca.sln
Microsoft (R) Build Engine Version 4.0.30319.1
[Microsoft .NET Framework, Version 4.0.30319.1008]
Copyright (C) Microsoft Corporation 2007. All rights reserved.

Build started 21.11.2013 10:29:46.
Project "D:\Sandboxs\SMFC4B0_04.01.00\06_Algorithm\04_Engineering\03_Workspace\algo\vodca_sim\sim_swc_vodca.sln" on node 1 (default targets).
ValidateSolutionConfiguration:
  Building solution configuration "Debug|Win32".
sim_swc_vodca:
  C:\LegacyApp\VisualStudio2005\Common7\IDE\..\..\vc\vcpackages\vcbuild.exe D:\Sandboxs\SMFC4B0_04.01.00\06_Algorithm\04_Engineering\03_Workspace\algo\vodca_sim\sim_swc_vodca\sim_swc_vodca.vcproj "Debug|Win32" 
sim_swc_vodcavis:
  C:\LegacyApp\VisualStudio2005\Common7\IDE\..\..\vc\vcpackages\vcbuild.exe D:\Sandboxs\SMFC4B0_04.01.00\06_Algorithm\04_Engineering\03_Workspace\algo\vodca_sim\sim_swc_vodcavis\sim_swc_vodcavis.vcproj "Debug|Win32" 
Done Building Project "D:\Sandboxs\SMFC4B0_04.01.00\06_Algorithm\04_Engineering\03_Workspace\algo\vodca_sim\sim_swc_vodca.sln" (default targets).

Build succeeded.
    0 Warning(s)
    0 Error(s)

Time Elapsed 00:00:02.69
----------------------------------------------------------------
scons: done reading SConscript files.
scons: Building targets ...
scons: `.' is up to date.
scons: done building targets.
